======================================== [2] 2025-12-05 11:32:44
=== Network Statistics ===
    29 dropped because of missing route
    1767 segments retransmitted
    0 packet receive errors
    0 receive buffer errors
    0 send buffer errors
    8 fast retransmits

======================================== [4] 2025-12-05 11:32:58
=== Network Statistics ===
    29 dropped because of missing route
    1767 segments retransmitted
    0 packet receive errors
    0 receive buffer errors
    0 send buffer errors
    8 fast retransmits

======================================== [6] 2025-12-05 11:33:12
=== Network Statistics ===
    29 dropped because of missing route
    1767 segments retransmitted
    0 packet receive errors
    0 receive buffer errors
    0 send buffer errors
    8 fast retransmits

======================================== [8] 2025-12-05 11:33:27
=== Network Statistics ===
    29 dropped because of missing route
    1767 segments retransmitted
    0 packet receive errors
    0 receive buffer errors
    0 send buffer errors
    8 fast retransmits

======================================== [10] 2025-12-05 11:33:41
=== Network Statistics ===
    29 dropped because of missing route
    1767 segments retransmitted
    0 packet receive errors
    0 receive buffer errors
    0 send buffer errors
    8 fast retransmits

======================================== [12] 2025-12-05 11:33:55
=== Network Statistics ===
    29 dropped because of missing route
    1768 segments retransmitted
    0 packet receive errors
    0 receive buffer errors
    0 send buffer errors
    8 fast retransmits

======================================== [14] 2025-12-05 11:34:09
=== Network Statistics ===
    29 dropped because of missing route
    1770 segments retransmitted
    0 packet receive errors
    0 receive buffer errors
    0 send buffer errors
    8 fast retransmits

======================================== [16] 2025-12-05 11:34:24
=== Network Statistics ===
    29 dropped because of missing route
    1771 segments retransmitted
    0 packet receive errors
    0 receive buffer errors
    0 send buffer errors
    8 fast retransmits

======================================== [18] 2025-12-05 11:34:38
=== Network Statistics ===
    29 dropped because of missing route
    1771 segments retransmitted
    0 packet receive errors
    0 receive buffer errors
    0 send buffer errors
    8 fast retransmits

======================================== [20] 2025-12-05 11:34:52
=== Network Statistics ===
    29 dropped because of missing route
    1773 segments retransmitted
    0 packet receive errors
    0 receive buffer errors
    0 send buffer errors
    8 fast retransmits

======================================== [22] 2025-12-05 11:35:07
=== Network Statistics ===
    29 dropped because of missing route
    1774 segments retransmitted
    0 packet receive errors
    0 receive buffer errors
    0 send buffer errors
    8 fast retransmits

======================================== [24] 2025-12-05 11:35:20
=== Network Statistics ===
    29 dropped because of missing route
    1781 segments retransmitted
    0 packet receive errors
    0 receive buffer errors
    0 send buffer errors
    8 fast retransmits

======================================== [26] 2025-12-05 11:35:35
=== Network Statistics ===
    29 dropped because of missing route
    1782 segments retransmitted
    0 packet receive errors
    0 receive buffer errors
    0 send buffer errors
    8 fast retransmits

======================================== [28] 2025-12-05 11:35:49
=== Network Statistics ===
    29 dropped because of missing route
    1785 segments retransmitted
    0 packet receive errors
    0 receive buffer errors
    0 send buffer errors
    8 fast retransmits

======================================== [30] 2025-12-05 11:36:03
=== Network Statistics ===
    29 dropped because of missing route
    1788 segments retransmitted
    0 packet receive errors
    0 receive buffer errors
    0 send buffer errors
    8 fast retransmits

======================================== [32] 2025-12-05 11:36:18
=== Network Statistics ===
    29 dropped because of missing route
    1788 segments retransmitted
    0 packet receive errors
    0 receive buffer errors
    0 send buffer errors
    8 fast retransmits

======================================== [34] 2025-12-05 11:36:32
=== Network Statistics ===
    29 dropped because of missing route
    1791 segments retransmitted
    0 packet receive errors
    0 receive buffer errors
    0 send buffer errors
    8 fast retransmits

======================================== [36] 2025-12-05 11:36:46
=== Network Statistics ===
    29 dropped because of missing route
    1791 segments retransmitted
    0 packet receive errors
    0 receive buffer errors
    0 send buffer errors
    8 fast retransmits

======================================== [38] 2025-12-05 11:37:01
=== Network Statistics ===
    29 dropped because of missing route
    1793 segments retransmitted
    0 packet receive errors
    0 receive buffer errors
    0 send buffer errors
    8 fast retransmits

======================================== [40] 2025-12-05 11:37:15
=== Network Statistics ===
    29 dropped because of missing route
    1795 segments retransmitted
    0 packet receive errors
    0 receive buffer errors
    0 send buffer errors
    8 fast retransmits

======================================== [42] 2025-12-05 11:37:29
=== Network Statistics ===
    29 dropped because of missing route
    1796 segments retransmitted
    0 packet receive errors
    0 receive buffer errors
    0 send buffer errors
    8 fast retransmits

======================================== [44] 2025-12-05 11:37:43
=== Network Statistics ===
    29 dropped because of missing route
    1797 segments retransmitted
    0 packet receive errors
    0 receive buffer errors
    0 send buffer errors
    8 fast retransmits

======================================== [46] 2025-12-05 11:37:58
=== Network Statistics ===
    29 dropped because of missing route
    1797 segments retransmitted
    0 packet receive errors
    0 receive buffer errors
    0 send buffer errors
    8 fast retransmits

======================================== [48] 2025-12-05 11:38:11
=== Network Statistics ===
    29 dropped because of missing route
    1797 segments retransmitted
    0 packet receive errors
    0 receive buffer errors
    0 send buffer errors
    8 fast retransmits

======================================== [50] 2025-12-05 11:38:25
=== Network Statistics ===
    29 dropped because of missing route
    1797 segments retransmitted
    0 packet receive errors
    0 receive buffer errors
    0 send buffer errors
    8 fast retransmits

======================================== [52] 2025-12-05 11:38:38
=== Network Statistics ===
    29 dropped because of missing route
    1797 segments retransmitted
    0 packet receive errors
    0 receive buffer errors
    0 send buffer errors
    8 fast retransmits

======================================== [54] 2025-12-05 11:38:52
=== Network Statistics ===
    29 dropped because of missing route
    1797 segments retransmitted
    0 packet receive errors
    0 receive buffer errors
    0 send buffer errors
    8 fast retransmits

======================================== [56] 2025-12-05 11:39:05
=== Network Statistics ===
    29 dropped because of missing route
    1797 segments retransmitted
    0 packet receive errors
    0 receive buffer errors
    0 send buffer errors
    8 fast retransmits

======================================== [58] 2025-12-05 11:39:19
=== Network Statistics ===
    29 dropped because of missing route
    1797 segments retransmitted
    0 packet receive errors
    0 receive buffer errors
    0 send buffer errors
    8 fast retransmits

======================================== [60] 2025-12-05 11:39:33
=== Network Statistics ===
    29 dropped because of missing route
    1797 segments retransmitted
    0 packet receive errors
    0 receive buffer errors
    0 send buffer errors
    8 fast retransmits

======================================== [62] 2025-12-05 11:39:46
=== Network Statistics ===
    29 dropped because of missing route
    1797 segments retransmitted
    0 packet receive errors
    0 receive buffer errors
    0 send buffer errors
    8 fast retransmits

======================================== [64] 2025-12-05 11:40:00
=== Network Statistics ===
    29 dropped because of missing route
    1797 segments retransmitted
    0 packet receive errors
    0 receive buffer errors
    0 send buffer errors
    8 fast retransmits

