======================================== [2] 2025-12-04 17:17:16
=== Network Statistics ===
    20 outgoing packets dropped
    8 dropped because of missing route
    47251 segments retransmitted
    0 packet receive errors
    0 receive buffer errors
    0 send buffer errors
    3 SYNs to LISTEN sockets dropped
    31331 fast retransmits
    684 retransmits in slow start

======================================== [4] 2025-12-04 17:17:31
=== Network Statistics ===
    20 outgoing packets dropped
    8 dropped because of missing route
    47252 segments retransmitted
    0 packet receive errors
    0 receive buffer errors
    0 send buffer errors
    3 SYNs to LISTEN sockets dropped
    31331 fast retransmits
    684 retransmits in slow start

======================================== [6] 2025-12-04 17:17:45
=== Network Statistics ===
    20 outgoing packets dropped
    8 dropped because of missing route
    47252 segments retransmitted
    0 packet receive errors
    0 receive buffer errors
    0 send buffer errors
    3 SYNs to LISTEN sockets dropped
    31331 fast retransmits
    684 retransmits in slow start

======================================== [8] 2025-12-04 17:17:59
=== Network Statistics ===
    20 outgoing packets dropped
    8 dropped because of missing route
    47254 segments retransmitted
    0 packet receive errors
    0 receive buffer errors
    0 send buffer errors
    3 SYNs to LISTEN sockets dropped
    31331 fast retransmits
    684 retransmits in slow start

======================================== [10] 2025-12-04 17:18:13
=== Network Statistics ===
    20 outgoing packets dropped
    8 dropped because of missing route
    47254 segments retransmitted
    0 packet receive errors
    0 receive buffer errors
    0 send buffer errors
    3 SYNs to LISTEN sockets dropped
    31331 fast retransmits
    684 retransmits in slow start

======================================== [12] 2025-12-04 17:18:27
=== Network Statistics ===
    20 outgoing packets dropped
    8 dropped because of missing route
    47256 segments retransmitted
    0 packet receive errors
    0 receive buffer errors
    0 send buffer errors
    3 SYNs to LISTEN sockets dropped
    31331 fast retransmits
    684 retransmits in slow start

======================================== [14] 2025-12-04 17:18:42
=== Network Statistics ===
    20 outgoing packets dropped
    8 dropped because of missing route
    47258 segments retransmitted
    0 packet receive errors
    0 receive buffer errors
    0 send buffer errors
    3 SYNs to LISTEN sockets dropped
    31331 fast retransmits
    684 retransmits in slow start

======================================== [16] 2025-12-04 17:18:56
=== Network Statistics ===
    20 outgoing packets dropped
    8 dropped because of missing route
    47264 segments retransmitted
    0 packet receive errors
    0 receive buffer errors
    0 send buffer errors
    3 SYNs to LISTEN sockets dropped
    31331 fast retransmits
    684 retransmits in slow start

======================================== [18] 2025-12-04 17:19:10
=== Network Statistics ===
    20 outgoing packets dropped
    8 dropped because of missing route
    47266 segments retransmitted
    0 packet receive errors
    0 receive buffer errors
    0 send buffer errors
    3 SYNs to LISTEN sockets dropped
    31331 fast retransmits
    684 retransmits in slow start

======================================== [20] 2025-12-04 17:19:24
=== Network Statistics ===
    20 outgoing packets dropped
    8 dropped because of missing route
    47267 segments retransmitted
    0 packet receive errors
    0 receive buffer errors
    0 send buffer errors
    3 SYNs to LISTEN sockets dropped
    31331 fast retransmits
    684 retransmits in slow start

======================================== [22] 2025-12-04 17:19:39
=== Network Statistics ===
    20 outgoing packets dropped
    8 dropped because of missing route
    47268 segments retransmitted
    0 packet receive errors
    0 receive buffer errors
    0 send buffer errors
    3 SYNs to LISTEN sockets dropped
    31331 fast retransmits
    684 retransmits in slow start

======================================== [24] 2025-12-04 17:19:53
=== Network Statistics ===
    20 outgoing packets dropped
    8 dropped because of missing route
    47271 segments retransmitted
    0 packet receive errors
    0 receive buffer errors
    0 send buffer errors
    3 SYNs to LISTEN sockets dropped
    31331 fast retransmits
    684 retransmits in slow start

======================================== [26] 2025-12-04 17:20:07
=== Network Statistics ===
    20 outgoing packets dropped
    8 dropped because of missing route
    47273 segments retransmitted
    0 packet receive errors
    0 receive buffer errors
    0 send buffer errors
    3 SYNs to LISTEN sockets dropped
    31331 fast retransmits
    684 retransmits in slow start

======================================== [28] 2025-12-04 17:20:22
=== Network Statistics ===
    20 outgoing packets dropped
    8 dropped because of missing route
    47273 segments retransmitted
    0 packet receive errors
    0 receive buffer errors
    0 send buffer errors
    3 SYNs to LISTEN sockets dropped
    31331 fast retransmits
    684 retransmits in slow start

======================================== [30] 2025-12-04 17:20:36
=== Network Statistics ===
    20 outgoing packets dropped
    8 dropped because of missing route
    47278 segments retransmitted
    0 packet receive errors
    0 receive buffer errors
    0 send buffer errors
    3 SYNs to LISTEN sockets dropped
    31332 fast retransmits
    684 retransmits in slow start

======================================== [32] 2025-12-04 17:20:50
=== Network Statistics ===
    20 outgoing packets dropped
    8 dropped because of missing route
    47279 segments retransmitted
    0 packet receive errors
    0 receive buffer errors
    0 send buffer errors
    3 SYNs to LISTEN sockets dropped
    31332 fast retransmits
    684 retransmits in slow start

======================================== [34] 2025-12-04 17:21:04
=== Network Statistics ===
    20 outgoing packets dropped
    8 dropped because of missing route
    47280 segments retransmitted
    0 packet receive errors
    0 receive buffer errors
    0 send buffer errors
    3 SYNs to LISTEN sockets dropped
    31332 fast retransmits
    684 retransmits in slow start

======================================== [36] 2025-12-04 17:21:18
=== Network Statistics ===
    20 outgoing packets dropped
    8 dropped because of missing route
    47281 segments retransmitted
    0 packet receive errors
    0 receive buffer errors
    0 send buffer errors
    3 SYNs to LISTEN sockets dropped
    31332 fast retransmits
    684 retransmits in slow start

======================================== [38] 2025-12-04 17:21:33
=== Network Statistics ===
    20 outgoing packets dropped
    8 dropped because of missing route
    47282 segments retransmitted
    0 packet receive errors
    0 receive buffer errors
    0 send buffer errors
    3 SYNs to LISTEN sockets dropped
    31332 fast retransmits
    684 retransmits in slow start

======================================== [40] 2025-12-04 17:21:47
=== Network Statistics ===
    20 outgoing packets dropped
    8 dropped because of missing route
    47285 segments retransmitted
    0 packet receive errors
    0 receive buffer errors
    0 send buffer errors
    3 SYNs to LISTEN sockets dropped
    31333 fast retransmits
    684 retransmits in slow start

======================================== [42] 2025-12-04 17:22:01
=== Network Statistics ===
    20 outgoing packets dropped
    8 dropped because of missing route
    47288 segments retransmitted
    0 packet receive errors
    0 receive buffer errors
    0 send buffer errors
    3 SYNs to LISTEN sockets dropped
    31333 fast retransmits
    684 retransmits in slow start

======================================== [44] 2025-12-04 17:22:16
=== Network Statistics ===
    20 outgoing packets dropped
    8 dropped because of missing route
    47290 segments retransmitted
    0 packet receive errors
    0 receive buffer errors
    0 send buffer errors
    3 SYNs to LISTEN sockets dropped
    31333 fast retransmits
    684 retransmits in slow start

======================================== [46] 2025-12-04 17:22:30
=== Network Statistics ===
    20 outgoing packets dropped
    8 dropped because of missing route
    47290 segments retransmitted
    0 packet receive errors
    0 receive buffer errors
    0 send buffer errors
    3 SYNs to LISTEN sockets dropped
    31333 fast retransmits
    684 retransmits in slow start

======================================== [48] 2025-12-04 17:22:43
=== Network Statistics ===
    20 outgoing packets dropped
    8 dropped because of missing route
    47290 segments retransmitted
    0 packet receive errors
    0 receive buffer errors
    0 send buffer errors
    3 SYNs to LISTEN sockets dropped
    31333 fast retransmits
    684 retransmits in slow start

======================================== [50] 2025-12-04 17:22:57
=== Network Statistics ===
    20 outgoing packets dropped
    8 dropped because of missing route
    47290 segments retransmitted
    0 packet receive errors
    0 receive buffer errors
    0 send buffer errors
    3 SYNs to LISTEN sockets dropped
    31333 fast retransmits
    684 retransmits in slow start

======================================== [52] 2025-12-04 17:23:10
=== Network Statistics ===
    20 outgoing packets dropped
    8 dropped because of missing route
    47290 segments retransmitted
    0 packet receive errors
    0 receive buffer errors
    0 send buffer errors
    3 SYNs to LISTEN sockets dropped
    31333 fast retransmits
    684 retransmits in slow start

======================================== [54] 2025-12-04 17:23:24
=== Network Statistics ===
    20 outgoing packets dropped
    8 dropped because of missing route
    47290 segments retransmitted
    0 packet receive errors
    0 receive buffer errors
    0 send buffer errors
    3 SYNs to LISTEN sockets dropped
    31333 fast retransmits
    684 retransmits in slow start

======================================== [56] 2025-12-04 17:23:37
=== Network Statistics ===
    20 outgoing packets dropped
    8 dropped because of missing route
    47290 segments retransmitted
    0 packet receive errors
    0 receive buffer errors
    0 send buffer errors
    3 SYNs to LISTEN sockets dropped
    31333 fast retransmits
    684 retransmits in slow start

======================================== [58] 2025-12-04 17:23:51
=== Network Statistics ===
    20 outgoing packets dropped
    8 dropped because of missing route
    47290 segments retransmitted
    0 packet receive errors
    0 receive buffer errors
    0 send buffer errors
    3 SYNs to LISTEN sockets dropped
    31333 fast retransmits
    684 retransmits in slow start

======================================== [60] 2025-12-04 17:24:04
=== Network Statistics ===
    20 outgoing packets dropped
    8 dropped because of missing route
    47290 segments retransmitted
    0 packet receive errors
    0 receive buffer errors
    0 send buffer errors
    3 SYNs to LISTEN sockets dropped
    31333 fast retransmits
    684 retransmits in slow start

======================================== [62] 2025-12-04 17:24:18
=== Network Statistics ===
    20 outgoing packets dropped
    8 dropped because of missing route
    47290 segments retransmitted
    0 packet receive errors
    0 receive buffer errors
    0 send buffer errors
    3 SYNs to LISTEN sockets dropped
    31333 fast retransmits
    684 retransmits in slow start

======================================== [64] 2025-12-04 17:24:32
=== Network Statistics ===
    20 outgoing packets dropped
    8 dropped because of missing route
    47290 segments retransmitted
    0 packet receive errors
    0 receive buffer errors
    0 send buffer errors
    3 SYNs to LISTEN sockets dropped
    31333 fast retransmits
    684 retransmits in slow start

