========================================
Ceph 性能监控启动
开始时间: 2025-12-03 13:36:09
输出目录: /home/ubuntu/intel-900p-hdd/rbd0/20251203_133609/ceph-monitoring
监控间隔: 5s
========================================
✓ iostat 监控已启动 (PID: 2474058)
======================================== [1] 2025-12-03 13:36:10
=== Ceph Status ===
  cluster:
    id:     c4de1f44-fd6e-4c8e-a087-60bfc397b47a
    health: HEALTH_OK
 
  services:
    mon: 3 daemons, quorum a,b,c (age 117m)
    mgr: b(active, since 2h), standbys: a
    osd: 45 osds: 45 up (since 2h), 45 in (since 2h)
    rgw: 3 daemons active (3 hosts, 1 zones)
 
  data:
    pools:   11 pools, 2649 pgs
    objects: 6.78k objects, 25 GiB
    usage:   858 GiB used, 535 TiB / 536 TiB avail
    pgs:     2649 active+clean
 
  io:
    client:   170 B/s rd, 340 B/s wr, 0 op/s rd, 0 op/s wr
 

======================================== [2] 2025-12-03 13:36:16
=== Ceph Status ===
  cluster:
    id:     c4de1f44-fd6e-4c8e-a087-60bfc397b47a
    health: HEALTH_OK
 
  services:
    mon: 3 daemons, quorum a,b,c (age 117m)
    mgr: b(active, since 2h), standbys: a
    osd: 45 osds: 45 up (since 2h), 45 in (since 2h)
    rgw: 3 daemons active (3 hosts, 1 zones)
 
  data:
    pools:   11 pools, 2649 pgs
    objects: 6.78k objects, 25 GiB
    usage:   858 GiB used, 535 TiB / 536 TiB avail
    pgs:     2649 active+clean
 
  io:
    client:   1.6 MiB/s rd, 748 KiB/s wr, 413 op/s rd, 187 op/s wr
 

======================================== [3] 2025-12-03 13:36:23
=== Ceph Status ===
  cluster:
    id:     c4de1f44-fd6e-4c8e-a087-60bfc397b47a
    health: HEALTH_OK
 
  services:
    mon: 3 daemons, quorum a,b,c (age 117m)
    mgr: b(active, since 2h), standbys: a
    osd: 45 osds: 45 up (since 2h), 45 in (since 2h)
    rgw: 3 daemons active (3 hosts, 1 zones)
 
  data:
    pools:   11 pools, 2649 pgs
    objects: 6.78k objects, 25 GiB
    usage:   858 GiB used, 535 TiB / 536 TiB avail
    pgs:     2649 active+clean
 
  io:
    client:   10 MiB/s rd, 4.4 MiB/s wr, 2.62k op/s rd, 1.12k op/s wr
 

======================================== [4] 2025-12-03 13:36:30
=== Ceph Status ===
  cluster:
    id:     c4de1f44-fd6e-4c8e-a087-60bfc397b47a
    health: HEALTH_OK
 
  services:
    mon: 3 daemons, quorum a,b,c (age 117m)
    mgr: b(active, since 2h), standbys: a
    osd: 45 osds: 45 up (since 2h), 45 in (since 2h)
    rgw: 3 daemons active (3 hosts, 1 zones)
 
  data:
    pools:   11 pools, 2649 pgs
    objects: 6.78k objects, 25 GiB
    usage:   858 GiB used, 535 TiB / 536 TiB avail
    pgs:     2649 active+clean
 
  io:
    client:   12 MiB/s rd, 5.2 MiB/s wr, 3.13k op/s rd, 1.34k op/s wr
 

======================================== [5] 2025-12-03 13:36:37
=== Ceph Status ===
  cluster:
    id:     c4de1f44-fd6e-4c8e-a087-60bfc397b47a
    health: HEALTH_OK
 
  services:
    mon: 3 daemons, quorum a,b,c (age 117m)
    mgr: b(active, since 2h), standbys: a
    osd: 45 osds: 45 up (since 2h), 45 in (since 2h)
    rgw: 3 daemons active (3 hosts, 1 zones)
 
  data:
    pools:   11 pools, 2649 pgs
    objects: 6.78k objects, 25 GiB
    usage:   858 GiB used, 535 TiB / 536 TiB avail
    pgs:     2649 active+clean
 
  io:
    client:   13 MiB/s rd, 5.6 MiB/s wr, 3.29k op/s rd, 1.43k op/s wr
 

======================================== [6] 2025-12-03 13:36:44
=== Ceph Status ===
  cluster:
    id:     c4de1f44-fd6e-4c8e-a087-60bfc397b47a
    health: HEALTH_OK
 
  services:
    mon: 3 daemons, quorum a,b,c (age 117m)
    mgr: b(active, since 2h), standbys: a
    osd: 45 osds: 45 up (since 2h), 45 in (since 2h)
    rgw: 3 daemons active (3 hosts, 1 zones)
 
  data:
    pools:   11 pools, 2649 pgs
    objects: 6.78k objects, 25 GiB
    usage:   858 GiB used, 535 TiB / 536 TiB avail
    pgs:     2649 active+clean
 
  io:
    client:   13 MiB/s rd, 5.4 MiB/s wr, 3.24k op/s rd, 1.39k op/s wr
 

======================================== [7] 2025-12-03 13:36:51
=== Ceph Status ===
  cluster:
    id:     c4de1f44-fd6e-4c8e-a087-60bfc397b47a
    health: HEALTH_OK
 
  services:
    mon: 3 daemons, quorum a,b,c (age 118m)
    mgr: b(active, since 2h), standbys: a
    osd: 45 osds: 45 up (since 2h), 45 in (since 2h)
    rgw: 3 daemons active (3 hosts, 1 zones)
 
  data:
    pools:   11 pools, 2649 pgs
    objects: 6.78k objects, 25 GiB
    usage:   858 GiB used, 535 TiB / 536 TiB avail
    pgs:     2649 active+clean
 
  io:
    client:   13 MiB/s rd, 5.6 MiB/s wr, 3.35k op/s rd, 1.44k op/s wr
 

======================================== [8] 2025-12-03 13:36:58
=== Ceph Status ===
  cluster:
    id:     c4de1f44-fd6e-4c8e-a087-60bfc397b47a
    health: HEALTH_OK
 
  services:
    mon: 3 daemons, quorum a,b,c (age 118m)
    mgr: b(active, since 2h), standbys: a
    osd: 45 osds: 45 up (since 2h), 45 in (since 2h)
    rgw: 3 daemons active (3 hosts, 1 zones)
 
  data:
    pools:   11 pools, 2649 pgs
    objects: 6.78k objects, 25 GiB
    usage:   858 GiB used, 535 TiB / 536 TiB avail
    pgs:     2649 active+clean
 
  io:
    client:   13 MiB/s rd, 5.7 MiB/s wr, 3.42k op/s rd, 1.46k op/s wr
 

======================================== [9] 2025-12-03 13:37:04
=== Ceph Status ===
  cluster:
    id:     c4de1f44-fd6e-4c8e-a087-60bfc397b47a
    health: HEALTH_OK
 
  services:
    mon: 3 daemons, quorum a,b,c (age 118m)
    mgr: b(active, since 2h), standbys: a
    osd: 45 osds: 45 up (since 2h), 45 in (since 2h)
    rgw: 3 daemons active (3 hosts, 1 zones)
 
  data:
    pools:   11 pools, 2649 pgs
    objects: 6.78k objects, 25 GiB
    usage:   858 GiB used, 535 TiB / 536 TiB avail
    pgs:     2649 active+clean
 
  io:
    client:   13 MiB/s rd, 5.6 MiB/s wr, 3.33k op/s rd, 1.44k op/s wr
 

======================================== [10] 2025-12-03 13:37:11
=== Ceph Status ===
  cluster:
    id:     c4de1f44-fd6e-4c8e-a087-60bfc397b47a
    health: HEALTH_OK
 
  services:
    mon: 3 daemons, quorum a,b,c (age 118m)
    mgr: b(active, since 2h), standbys: a
    osd: 45 osds: 45 up (since 2h), 45 in (since 2h)
    rgw: 3 daemons active (3 hosts, 1 zones)
 
  data:
    pools:   11 pools, 2649 pgs
    objects: 6.78k objects, 25 GiB
    usage:   858 GiB used, 535 TiB / 536 TiB avail
    pgs:     2649 active+clean
 
  io:
    client:   13 MiB/s rd, 5.8 MiB/s wr, 3.42k op/s rd, 1.48k op/s wr
 

======================================== [11] 2025-12-03 13:37:18
=== Ceph Status ===
  cluster:
    id:     c4de1f44-fd6e-4c8e-a087-60bfc397b47a
    health: HEALTH_OK
 
  services:
    mon: 3 daemons, quorum a,b,c (age 118m)
    mgr: b(active, since 2h), standbys: a
    osd: 45 osds: 45 up (since 2h), 45 in (since 2h)
    rgw: 3 daemons active (3 hosts, 1 zones)
 
  data:
    pools:   11 pools, 2649 pgs
    objects: 6.78k objects, 25 GiB
    usage:   858 GiB used, 535 TiB / 536 TiB avail
    pgs:     2649 active+clean
 
  io:
    client:   13 MiB/s rd, 5.7 MiB/s wr, 3.41k op/s rd, 1.47k op/s wr
 

======================================== [12] 2025-12-03 13:37:25
=== Ceph Status ===
  cluster:
    id:     c4de1f44-fd6e-4c8e-a087-60bfc397b47a
    health: HEALTH_OK
 
  services:
    mon: 3 daemons, quorum a,b,c (age 118m)
    mgr: b(active, since 2h), standbys: a
    osd: 45 osds: 45 up (since 2h), 45 in (since 2h)
    rgw: 3 daemons active (3 hosts, 1 zones)
 
  data:
    pools:   11 pools, 2649 pgs
    objects: 6.78k objects, 25 GiB
    usage:   858 GiB used, 535 TiB / 536 TiB avail
    pgs:     2649 active+clean
 
  io:
    client:   13 MiB/s rd, 5.7 MiB/s wr, 3.40k op/s rd, 1.46k op/s wr
 

======================================== [13] 2025-12-03 13:37:32
=== Ceph Status ===
  cluster:
    id:     c4de1f44-fd6e-4c8e-a087-60bfc397b47a
    health: HEALTH_OK
 
  services:
    mon: 3 daemons, quorum a,b,c (age 118m)
    mgr: b(active, since 2h), standbys: a
    osd: 45 osds: 45 up (since 2h), 45 in (since 2h)
    rgw: 3 daemons active (3 hosts, 1 zones)
 
  data:
    pools:   11 pools, 2649 pgs
    objects: 6.78k objects, 25 GiB
    usage:   858 GiB used, 535 TiB / 536 TiB avail
    pgs:     2649 active+clean
 
  io:
    client:   14 MiB/s rd, 5.8 MiB/s wr, 3.54k op/s rd, 1.50k op/s wr
 

======================================== [14] 2025-12-03 13:37:39
=== Ceph Status ===
  cluster:
    id:     c4de1f44-fd6e-4c8e-a087-60bfc397b47a
    health: HEALTH_OK
 
  services:
    mon: 3 daemons, quorum a,b,c (age 118m)
    mgr: b(active, since 2h), standbys: a
    osd: 45 osds: 45 up (since 2h), 45 in (since 2h)
    rgw: 3 daemons active (3 hosts, 1 zones)
 
  data:
    pools:   11 pools, 2649 pgs
    objects: 6.78k objects, 25 GiB
    usage:   858 GiB used, 535 TiB / 536 TiB avail
    pgs:     2649 active+clean
 
  io:
    client:   12 MiB/s rd, 5.2 MiB/s wr, 3.06k op/s rd, 1.32k op/s wr
 

======================================== [15] 2025-12-03 13:37:45
=== Ceph Status ===
  cluster:
    id:     c4de1f44-fd6e-4c8e-a087-60bfc397b47a
    health: HEALTH_OK
 
  services:
    mon: 3 daemons, quorum a,b,c (age 118m)
    mgr: b(active, since 2h), standbys: a
    osd: 45 osds: 45 up (since 2h), 45 in (since 2h)
    rgw: 3 daemons active (3 hosts, 1 zones)
 
  data:
    pools:   11 pools, 2649 pgs
    objects: 6.78k objects, 25 GiB
    usage:   858 GiB used, 535 TiB / 536 TiB avail
    pgs:     2649 active+clean
 
  io:
    client:   13 MiB/s rd, 5.7 MiB/s wr, 3.33k op/s rd, 1.45k op/s wr
 

======================================== [16] 2025-12-03 13:37:53
=== Ceph Status ===
  cluster:
    id:     c4de1f44-fd6e-4c8e-a087-60bfc397b47a
    health: HEALTH_OK
 
  services:
    mon: 3 daemons, quorum a,b,c (age 119m)
    mgr: b(active, since 2h), standbys: a
    osd: 45 osds: 45 up (since 2h), 45 in (since 2h)
    rgw: 3 daemons active (3 hosts, 1 zones)
 
  data:
    pools:   11 pools, 2649 pgs
    objects: 6.78k objects, 25 GiB
    usage:   858 GiB used, 535 TiB / 536 TiB avail
    pgs:     2649 active+clean
 
  io:
    client:   14 MiB/s rd, 5.9 MiB/s wr, 3.48k op/s rd, 1.50k op/s wr
 

======================================== [17] 2025-12-03 13:37:59
=== Ceph Status ===
  cluster:
    id:     c4de1f44-fd6e-4c8e-a087-60bfc397b47a
    health: HEALTH_OK
 
  services:
    mon: 3 daemons, quorum a,b,c (age 119m)
    mgr: b(active, since 2h), standbys: a
    osd: 45 osds: 45 up (since 2h), 45 in (since 2h)
    rgw: 3 daemons active (3 hosts, 1 zones)
 
  data:
    pools:   11 pools, 2649 pgs
    objects: 6.78k objects, 25 GiB
    usage:   858 GiB used, 535 TiB / 536 TiB avail
    pgs:     2649 active+clean
 
  io:
    client:   12 MiB/s rd, 5.2 MiB/s wr, 3.11k op/s rd, 1.33k op/s wr
 

======================================== [18] 2025-12-03 13:38:06
=== Ceph Status ===
  cluster:
    id:     c4de1f44-fd6e-4c8e-a087-60bfc397b47a
    health: HEALTH_OK
 
  services:
    mon: 3 daemons, quorum a,b,c (age 119m)
    mgr: b(active, since 2h), standbys: a
    osd: 45 osds: 45 up (since 2h), 45 in (since 2h)
    rgw: 3 daemons active (3 hosts, 1 zones)
 
  data:
    pools:   11 pools, 2649 pgs
    objects: 6.78k objects, 25 GiB
    usage:   858 GiB used, 535 TiB / 536 TiB avail
    pgs:     2649 active+clean
 
  io:
    client:   13 MiB/s rd, 5.8 MiB/s wr, 3.40k op/s rd, 1.47k op/s wr
 

======================================== [19] 2025-12-03 13:38:13
=== Ceph Status ===
  cluster:
    id:     c4de1f44-fd6e-4c8e-a087-60bfc397b47a
    health: HEALTH_OK
 
  services:
    mon: 3 daemons, quorum a,b,c (age 119m)
    mgr: b(active, since 2h), standbys: a
    osd: 45 osds: 45 up (since 2h), 45 in (since 2h)
    rgw: 3 daemons active (3 hosts, 1 zones)
 
  data:
    pools:   11 pools, 2649 pgs
    objects: 6.78k objects, 25 GiB
    usage:   858 GiB used, 535 TiB / 536 TiB avail
    pgs:     2649 active+clean
 
  io:
    client:   13 MiB/s rd, 5.7 MiB/s wr, 3.38k op/s rd, 1.45k op/s wr
 

======================================== [20] 2025-12-03 13:38:20
=== Ceph Status ===
  cluster:
    id:     c4de1f44-fd6e-4c8e-a087-60bfc397b47a
    health: HEALTH_OK
 
  services:
    mon: 3 daemons, quorum a,b,c (age 119m)
    mgr: b(active, since 2h), standbys: a
    osd: 45 osds: 45 up (since 2h), 45 in (since 2h)
    rgw: 3 daemons active (3 hosts, 1 zones)
 
  data:
    pools:   11 pools, 2649 pgs
    objects: 6.78k objects, 25 GiB
    usage:   858 GiB used, 535 TiB / 536 TiB avail
    pgs:     2649 active+clean
 
  io:
    client:   13 MiB/s rd, 5.4 MiB/s wr, 3.21k op/s rd, 1.39k op/s wr
 

======================================== [21] 2025-12-03 13:38:27
=== Ceph Status ===
  cluster:
    id:     c4de1f44-fd6e-4c8e-a087-60bfc397b47a
    health: HEALTH_OK
 
  services:
    mon: 3 daemons, quorum a,b,c (age 119m)
    mgr: b(active, since 2h), standbys: a
    osd: 45 osds: 45 up (since 2h), 45 in (since 2h)
    rgw: 3 daemons active (3 hosts, 1 zones)
 
  data:
    pools:   11 pools, 2649 pgs
    objects: 6.78k objects, 25 GiB
    usage:   858 GiB used, 535 TiB / 536 TiB avail
    pgs:     2649 active+clean
 
  io:
    client:   13 MiB/s rd, 5.5 MiB/s wr, 3.24k op/s rd, 1.41k op/s wr
 

======================================== [22] 2025-12-03 13:38:34
=== Ceph Status ===
  cluster:
    id:     c4de1f44-fd6e-4c8e-a087-60bfc397b47a
    health: HEALTH_OK
 
  services:
    mon: 3 daemons, quorum a,b,c (age 119m)
    mgr: b(active, since 2h), standbys: a
    osd: 45 osds: 45 up (since 2h), 45 in (since 2h)
    rgw: 3 daemons active (3 hosts, 1 zones)
 
  data:
    pools:   11 pools, 2649 pgs
    objects: 6.78k objects, 25 GiB
    usage:   858 GiB used, 535 TiB / 536 TiB avail
    pgs:     2649 active+clean
 
  io:
    client:   12 MiB/s rd, 5.4 MiB/s wr, 3.15k op/s rd, 1.37k op/s wr
 

======================================== [23] 2025-12-03 13:38:41
=== Ceph Status ===
  cluster:
    id:     c4de1f44-fd6e-4c8e-a087-60bfc397b47a
    health: HEALTH_OK
 
  services:
    mon: 3 daemons, quorum a,b,c (age 119m)
    mgr: b(active, since 2h), standbys: a
    osd: 45 osds: 45 up (since 2h), 45 in (since 2h)
    rgw: 3 daemons active (3 hosts, 1 zones)
 
  data:
    pools:   11 pools, 2649 pgs
    objects: 6.78k objects, 25 GiB
    usage:   858 GiB used, 535 TiB / 536 TiB avail
    pgs:     2649 active+clean
 
  io:
    client:   12 MiB/s rd, 5.4 MiB/s wr, 3.18k op/s rd, 1.38k op/s wr
 

======================================== [24] 2025-12-03 13:38:47
=== Ceph Status ===
  cluster:
    id:     c4de1f44-fd6e-4c8e-a087-60bfc397b47a
    health: HEALTH_OK
 
  services:
    mon: 3 daemons, quorum a,b,c (age 119m)
    mgr: b(active, since 2h), standbys: a
    osd: 45 osds: 45 up (since 2h), 45 in (since 2h)
    rgw: 3 daemons active (3 hosts, 1 zones)
 
  data:
    pools:   11 pools, 2649 pgs
    objects: 6.78k objects, 25 GiB
    usage:   858 GiB used, 535 TiB / 536 TiB avail
    pgs:     2649 active+clean
 
  io:
    client:   13 MiB/s rd, 5.6 MiB/s wr, 3.37k op/s rd, 1.48k op/s wr
 

======================================== [25] 2025-12-03 13:38:54
=== Ceph Status ===
  cluster:
    id:     c4de1f44-fd6e-4c8e-a087-60bfc397b47a
    health: HEALTH_OK
 
  services:
    mon: 3 daemons, quorum a,b,c (age 2h)
    mgr: b(active, since 2h), standbys: a
    osd: 45 osds: 45 up (since 2h), 45 in (since 2h)
    rgw: 3 daemons active (3 hosts, 1 zones)
 
  data:
    pools:   11 pools, 2649 pgs
    objects: 6.78k objects, 25 GiB
    usage:   858 GiB used, 535 TiB / 536 TiB avail
    pgs:     2649 active+clean
 
  io:
    client:   12 MiB/s rd, 5.2 MiB/s wr, 3.18k op/s rd, 1.38k op/s wr
 

======================================== [26] 2025-12-03 13:39:01
=== Ceph Status ===
  cluster:
    id:     c4de1f44-fd6e-4c8e-a087-60bfc397b47a
    health: HEALTH_OK
 
  services:
    mon: 3 daemons, quorum a,b,c (age 2h)
    mgr: b(active, since 2h), standbys: a
    osd: 45 osds: 45 up (since 2h), 45 in (since 2h)
    rgw: 3 daemons active (3 hosts, 1 zones)
 
  data:
    pools:   11 pools, 2649 pgs
    objects: 6.78k objects, 25 GiB
    usage:   858 GiB used, 535 TiB / 536 TiB avail
    pgs:     2649 active+clean
 
  io:
    client:   12 MiB/s rd, 5.3 MiB/s wr, 3.13k op/s rd, 1.35k op/s wr
 

======================================== [27] 2025-12-03 13:39:08
=== Ceph Status ===
  cluster:
    id:     c4de1f44-fd6e-4c8e-a087-60bfc397b47a
    health: HEALTH_OK
 
  services:
    mon: 3 daemons, quorum a,b,c (age 2h)
    mgr: b(active, since 2h), standbys: a
    osd: 45 osds: 45 up (since 2h), 45 in (since 2h)
    rgw: 3 daemons active (3 hosts, 1 zones)
 
  data:
    pools:   11 pools, 2649 pgs
    objects: 6.78k objects, 25 GiB
    usage:   858 GiB used, 535 TiB / 536 TiB avail
    pgs:     2649 active+clean
 
  io:
    client:   13 MiB/s rd, 5.7 MiB/s wr, 3.37k op/s rd, 1.45k op/s wr
 

======================================== [28] 2025-12-03 13:39:15
=== Ceph Status ===
  cluster:
    id:     c4de1f44-fd6e-4c8e-a087-60bfc397b47a
    health: HEALTH_OK
 
  services:
    mon: 3 daemons, quorum a,b,c (age 2h)
    mgr: b(active, since 2h), standbys: a
    osd: 45 osds: 45 up (since 2h), 45 in (since 2h)
    rgw: 3 daemons active (3 hosts, 1 zones)
 
  data:
    pools:   11 pools, 2649 pgs
    objects: 6.78k objects, 25 GiB
    usage:   858 GiB used, 535 TiB / 536 TiB avail
    pgs:     2649 active+clean
 
  io:
    client:   13 MiB/s rd, 5.5 MiB/s wr, 3.26k op/s rd, 1.41k op/s wr
 

======================================== [29] 2025-12-03 13:39:22
=== Ceph Status ===
  cluster:
    id:     c4de1f44-fd6e-4c8e-a087-60bfc397b47a
    health: HEALTH_OK
 
  services:
    mon: 3 daemons, quorum a,b,c (age 2h)
    mgr: b(active, since 2h), standbys: a
    osd: 45 osds: 45 up (since 2h), 45 in (since 2h)
    rgw: 3 daemons active (3 hosts, 1 zones)
 
  data:
    pools:   11 pools, 2649 pgs
    objects: 6.78k objects, 25 GiB
    usage:   858 GiB used, 535 TiB / 536 TiB avail
    pgs:     2649 active+clean
 
  io:
    client:   14 MiB/s rd, 6.0 MiB/s wr, 3.61k op/s rd, 1.54k op/s wr
 

======================================== [30] 2025-12-03 13:39:28
=== Ceph Status ===
  cluster:
    id:     c4de1f44-fd6e-4c8e-a087-60bfc397b47a
    health: HEALTH_OK
 
  services:
    mon: 3 daemons, quorum a,b,c (age 2h)
    mgr: b(active, since 2h), standbys: a
    osd: 45 osds: 45 up (since 2h), 45 in (since 2h)
    rgw: 3 daemons active (3 hosts, 1 zones)
 
  data:
    pools:   11 pools, 2649 pgs
    objects: 6.78k objects, 25 GiB
    usage:   858 GiB used, 535 TiB / 536 TiB avail
    pgs:     2649 active+clean
 
  io:
    client:   14 MiB/s rd, 5.9 MiB/s wr, 3.56k op/s rd, 1.51k op/s wr
 

======================================== [31] 2025-12-03 13:39:36
=== Ceph Status ===
  cluster:
    id:     c4de1f44-fd6e-4c8e-a087-60bfc397b47a
    health: HEALTH_OK
 
  services:
    mon: 3 daemons, quorum a,b,c (age 2h)
    mgr: b(active, since 2h), standbys: a
    osd: 45 osds: 45 up (since 2h), 45 in (since 2h)
    rgw: 3 daemons active (3 hosts, 1 zones)
 
  data:
    pools:   11 pools, 2649 pgs
    objects: 6.78k objects, 25 GiB
    usage:   858 GiB used, 535 TiB / 536 TiB avail
    pgs:     2649 active+clean
 
  io:
    client:   14 MiB/s rd, 5.9 MiB/s wr, 3.56k op/s rd, 1.51k op/s wr
 

======================================== [32] 2025-12-03 13:39:42
=== Ceph Status ===
  cluster:
    id:     c4de1f44-fd6e-4c8e-a087-60bfc397b47a
    health: HEALTH_OK
 
  services:
    mon: 3 daemons, quorum a,b,c (age 2h)
    mgr: b(active, since 2h), standbys: a
    osd: 45 osds: 45 up (since 2h), 45 in (since 2h)
    rgw: 3 daemons active (3 hosts, 1 zones)
 
  data:
    pools:   11 pools, 2649 pgs
    objects: 6.78k objects, 25 GiB
    usage:   858 GiB used, 535 TiB / 536 TiB avail
    pgs:     2649 active+clean
 
  io:
    client:   13 MiB/s rd, 5.7 MiB/s wr, 3.42k op/s rd, 1.45k op/s wr
 

======================================== [33] 2025-12-03 13:39:49
=== Ceph Status ===
  cluster:
    id:     c4de1f44-fd6e-4c8e-a087-60bfc397b47a
    health: HEALTH_OK
 
  services:
    mon: 3 daemons, quorum a,b,c (age 2h)
    mgr: b(active, since 2h), standbys: a
    osd: 45 osds: 45 up (since 2h), 45 in (since 2h)
    rgw: 3 daemons active (3 hosts, 1 zones)
 
  data:
    pools:   11 pools, 2649 pgs
    objects: 6.78k objects, 25 GiB
    usage:   858 GiB used, 535 TiB / 536 TiB avail
    pgs:     2649 active+clean
 
  io:
    client:   13 MiB/s rd, 5.6 MiB/s wr, 3.31k op/s rd, 1.43k op/s wr
 

======================================== [34] 2025-12-03 13:39:56
=== Ceph Status ===
  cluster:
    id:     c4de1f44-fd6e-4c8e-a087-60bfc397b47a
    health: HEALTH_OK
 
  services:
    mon: 3 daemons, quorum a,b,c (age 2h)
    mgr: b(active, since 2h), standbys: a
    osd: 45 osds: 45 up (since 2h), 45 in (since 2h)
    rgw: 3 daemons active (3 hosts, 1 zones)
 
  data:
    pools:   11 pools, 2649 pgs
    objects: 6.78k objects, 25 GiB
    usage:   858 GiB used, 535 TiB / 536 TiB avail
    pgs:     2649 active+clean
 
  io:
    client:   13 MiB/s rd, 5.8 MiB/s wr, 3.43k op/s rd, 1.48k op/s wr
 

======================================== [35] 2025-12-03 13:40:03
=== Ceph Status ===
  cluster:
    id:     c4de1f44-fd6e-4c8e-a087-60bfc397b47a
    health: HEALTH_OK
 
  services:
    mon: 3 daemons, quorum a,b,c (age 2h)
    mgr: b(active, since 2h), standbys: a
    osd: 45 osds: 45 up (since 2h), 45 in (since 2h)
    rgw: 3 daemons active (3 hosts, 1 zones)
 
  data:
    pools:   11 pools, 2649 pgs
    objects: 6.78k objects, 25 GiB
    usage:   858 GiB used, 535 TiB / 536 TiB avail
    pgs:     2649 active+clean
 
  io:
    client:   14 MiB/s rd, 5.8 MiB/s wr, 3.48k op/s rd, 1.49k op/s wr
 

======================================== [36] 2025-12-03 13:40:09
=== Ceph Status ===
  cluster:
    id:     c4de1f44-fd6e-4c8e-a087-60bfc397b47a
    health: HEALTH_OK
 
  services:
    mon: 3 daemons, quorum a,b,c (age 2h)
    mgr: b(active, since 2h), standbys: a
    osd: 45 osds: 45 up (since 2h), 45 in (since 2h)
    rgw: 3 daemons active (3 hosts, 1 zones)
 
  data:
    pools:   11 pools, 2649 pgs
    objects: 6.78k objects, 25 GiB
    usage:   858 GiB used, 535 TiB / 536 TiB avail
    pgs:     2649 active+clean
 
  io:
    client:   13 MiB/s rd, 5.4 MiB/s wr, 3.27k op/s rd, 1.39k op/s wr
 

======================================== [37] 2025-12-03 13:40:17
=== Ceph Status ===
  cluster:
    id:     c4de1f44-fd6e-4c8e-a087-60bfc397b47a
    health: HEALTH_OK
 
  services:
    mon: 3 daemons, quorum a,b,c (age 2h)
    mgr: b(active, since 2h), standbys: a
    osd: 45 osds: 45 up (since 2h), 45 in (since 2h)
    rgw: 3 daemons active (3 hosts, 1 zones)
 
  data:
    pools:   11 pools, 2649 pgs
    objects: 6.78k objects, 25 GiB
    usage:   858 GiB used, 535 TiB / 536 TiB avail
    pgs:     2649 active+clean
 
  io:
    client:   14 MiB/s rd, 6.0 MiB/s wr, 3.51k op/s rd, 1.52k op/s wr
 

======================================== [38] 2025-12-03 13:40:23
=== Ceph Status ===
  cluster:
    id:     c4de1f44-fd6e-4c8e-a087-60bfc397b47a
    health: HEALTH_OK
 
  services:
    mon: 3 daemons, quorum a,b,c (age 2h)
    mgr: b(active, since 2h), standbys: a
    osd: 45 osds: 45 up (since 2h), 45 in (since 2h)
    rgw: 3 daemons active (3 hosts, 1 zones)
 
  data:
    pools:   11 pools, 2649 pgs
    objects: 6.78k objects, 25 GiB
    usage:   858 GiB used, 535 TiB / 536 TiB avail
    pgs:     2649 active+clean
 
  io:
    client:   14 MiB/s rd, 6.0 MiB/s wr, 3.60k op/s rd, 1.55k op/s wr
 

======================================== [39] 2025-12-03 13:40:30
=== Ceph Status ===
  cluster:
    id:     c4de1f44-fd6e-4c8e-a087-60bfc397b47a
    health: HEALTH_OK
 
  services:
    mon: 3 daemons, quorum a,b,c (age 2h)
    mgr: b(active, since 2h), standbys: a
    osd: 45 osds: 45 up (since 2h), 45 in (since 2h)
    rgw: 3 daemons active (3 hosts, 1 zones)
 
  data:
    pools:   11 pools, 2649 pgs
    objects: 6.78k objects, 25 GiB
    usage:   858 GiB used, 535 TiB / 536 TiB avail
    pgs:     2649 active+clean
 
  io:
    client:   13 MiB/s rd, 5.5 MiB/s wr, 3.30k op/s rd, 1.41k op/s wr
 

======================================== [40] 2025-12-03 13:40:37
=== Ceph Status ===
  cluster:
    id:     c4de1f44-fd6e-4c8e-a087-60bfc397b47a
    health: HEALTH_OK
 
  services:
    mon: 3 daemons, quorum a,b,c (age 2h)
    mgr: b(active, since 2h), standbys: a
    osd: 45 osds: 45 up (since 2h), 45 in (since 2h)
    rgw: 3 daemons active (3 hosts, 1 zones)
 
  data:
    pools:   11 pools, 2649 pgs
    objects: 6.78k objects, 25 GiB
    usage:   858 GiB used, 535 TiB / 536 TiB avail
    pgs:     2649 active+clean
 
  io:
    client:   14 MiB/s rd, 5.8 MiB/s wr, 3.48k op/s rd, 1.50k op/s wr
 

======================================== [41] 2025-12-03 13:40:44
=== Ceph Status ===
  cluster:
    id:     c4de1f44-fd6e-4c8e-a087-60bfc397b47a
    health: HEALTH_OK
 
  services:
    mon: 3 daemons, quorum a,b,c (age 2h)
    mgr: b(active, since 2h), standbys: a
    osd: 45 osds: 45 up (since 2h), 45 in (since 2h)
    rgw: 3 daemons active (3 hosts, 1 zones)
 
  data:
    pools:   11 pools, 2649 pgs
    objects: 6.78k objects, 25 GiB
    usage:   858 GiB used, 535 TiB / 536 TiB avail
    pgs:     2649 active+clean
 
  io:
    client:   12 MiB/s rd, 5.3 MiB/s wr, 3.19k op/s rd, 1.35k op/s wr
 

======================================== [42] 2025-12-03 13:40:51
=== Ceph Status ===
  cluster:
    id:     c4de1f44-fd6e-4c8e-a087-60bfc397b47a
    health: HEALTH_OK
 
  services:
    mon: 3 daemons, quorum a,b,c (age 2h)
    mgr: b(active, since 2h), standbys: a
    osd: 45 osds: 45 up (since 2h), 45 in (since 2h)
    rgw: 3 daemons active (3 hosts, 1 zones)
 
  data:
    pools:   11 pools, 2649 pgs
    objects: 6.78k objects, 25 GiB
    usage:   858 GiB used, 535 TiB / 536 TiB avail
    pgs:     2649 active+clean
 
  io:
    client:   12 MiB/s rd, 5.2 MiB/s wr, 3.15k op/s rd, 1.33k op/s wr
 

======================================== [43] 2025-12-03 13:40:58
=== Ceph Status ===
  cluster:
    id:     c4de1f44-fd6e-4c8e-a087-60bfc397b47a
    health: HEALTH_OK
 
  services:
    mon: 3 daemons, quorum a,b,c (age 2h)
    mgr: b(active, since 2h), standbys: a
    osd: 45 osds: 45 up (since 2h), 45 in (since 2h)
    rgw: 3 daemons active (3 hosts, 1 zones)
 
  data:
    pools:   11 pools, 2649 pgs
    objects: 6.78k objects, 25 GiB
    usage:   858 GiB used, 535 TiB / 536 TiB avail
    pgs:     2649 active+clean
 
  io:
    client:   12 MiB/s rd, 5.2 MiB/s wr, 3.11k op/s rd, 1.32k op/s wr
 

======================================== [44] 2025-12-03 13:41:05
=== Ceph Status ===
  cluster:
    id:     c4de1f44-fd6e-4c8e-a087-60bfc397b47a
    health: HEALTH_OK
 
  services:
    mon: 3 daemons, quorum a,b,c (age 2h)
    mgr: b(active, since 2h), standbys: a
    osd: 45 osds: 45 up (since 2h), 45 in (since 2h)
    rgw: 3 daemons active (3 hosts, 1 zones)
 
  data:
    pools:   11 pools, 2649 pgs
    objects: 6.78k objects, 25 GiB
    usage:   858 GiB used, 535 TiB / 536 TiB avail
    pgs:     2649 active+clean
 
  io:
    client:   12 MiB/s rd, 5.1 MiB/s wr, 3.06k op/s rd, 1.30k op/s wr
 

======================================== [45] 2025-12-03 13:41:11
=== Ceph Status ===
  cluster:
    id:     c4de1f44-fd6e-4c8e-a087-60bfc397b47a
    health: HEALTH_OK
 
  services:
    mon: 3 daemons, quorum a,b,c (age 2h)
    mgr: b(active, since 2h), standbys: a
    osd: 45 osds: 45 up (since 2h), 45 in (since 2h)
    rgw: 3 daemons active (3 hosts, 1 zones)
 
  data:
    pools:   11 pools, 2649 pgs
    objects: 6.78k objects, 25 GiB
    usage:   858 GiB used, 535 TiB / 536 TiB avail
    pgs:     2649 active+clean
 
  io:
    client:   12 MiB/s rd, 5.1 MiB/s wr, 3.01k op/s rd, 1.30k op/s wr
 

======================================== [46] 2025-12-03 13:41:18
=== Ceph Status ===
  cluster:
    id:     c4de1f44-fd6e-4c8e-a087-60bfc397b47a
    health: HEALTH_OK
 
  services:
    mon: 3 daemons, quorum a,b,c (age 2h)
    mgr: b(active, since 2h), standbys: a
    osd: 45 osds: 45 up (since 2h), 45 in (since 2h)
    rgw: 3 daemons active (3 hosts, 1 zones)
 
  data:
    pools:   11 pools, 2649 pgs
    objects: 6.78k objects, 25 GiB
    usage:   858 GiB used, 535 TiB / 536 TiB avail
    pgs:     2649 active+clean
 
  io:
    client:   12 MiB/s rd, 5.0 MiB/s wr, 2.96k op/s rd, 1.27k op/s wr
 

======================================== [47] 2025-12-03 13:41:25
=== Ceph Status ===
  cluster:
    id:     c4de1f44-fd6e-4c8e-a087-60bfc397b47a
    health: HEALTH_OK
 
  services:
    mon: 3 daemons, quorum a,b,c (age 2h)
    mgr: b(active, since 2h), standbys: a
    osd: 45 osds: 45 up (since 2h), 45 in (since 2h)
    rgw: 3 daemons active (3 hosts, 1 zones)
 
  data:
    pools:   11 pools, 2649 pgs
    objects: 6.78k objects, 25 GiB
    usage:   858 GiB used, 535 TiB / 536 TiB avail
    pgs:     2649 active+clean
 
  io:
    client:   11 MiB/s rd, 4.8 MiB/s wr, 2.88k op/s rd, 1.23k op/s wr
 

======================================== [48] 2025-12-03 13:41:32
=== Ceph Status ===
  cluster:
    id:     c4de1f44-fd6e-4c8e-a087-60bfc397b47a
    health: HEALTH_OK
 
  services:
    mon: 3 daemons, quorum a,b,c (age 2h)
    mgr: b(active, since 2h), standbys: a
    osd: 45 osds: 45 up (since 2h), 45 in (since 2h)
    rgw: 3 daemons active (3 hosts, 1 zones)
 
  data:
    pools:   11 pools, 2649 pgs
    objects: 6.78k objects, 25 GiB
    usage:   858 GiB used, 535 TiB / 536 TiB avail
    pgs:     2649 active+clean
 
  io:
    client:   7.0 MiB/s rd, 2.0 MiB/s wr, 1.79k op/s rd, 501 op/s wr
 

======================================== [49] 2025-12-03 13:41:39
=== Ceph Status ===
  cluster:
    id:     c4de1f44-fd6e-4c8e-a087-60bfc397b47a
    health: HEALTH_OK
 
  services:
    mon: 3 daemons, quorum a,b,c (age 2h)
    mgr: b(active, since 2h), standbys: a
    osd: 45 osds: 45 up (since 2h), 45 in (since 2h)
    rgw: 3 daemons active (3 hosts, 1 zones)
 
  data:
    pools:   11 pools, 2649 pgs
    objects: 6.78k objects, 25 GiB
    usage:   858 GiB used, 535 TiB / 536 TiB avail
    pgs:     2649 active+clean
 
  io:
    client:   3.3 MiB/s rd, 61 KiB/s wr, 856 op/s rd, 15 op/s wr
 

======================================== [50] 2025-12-03 13:41:45
=== Ceph Status ===
  cluster:
    id:     c4de1f44-fd6e-4c8e-a087-60bfc397b47a
    health: HEALTH_OK
 
  services:
    mon: 3 daemons, quorum a,b,c (age 2h)
    mgr: b(active, since 2h), standbys: a
    osd: 45 osds: 45 up (since 2h), 45 in (since 2h)
    rgw: 3 daemons active (3 hosts, 1 zones)
 
  data:
    pools:   11 pools, 2649 pgs
    objects: 6.78k objects, 25 GiB
    usage:   858 GiB used, 535 TiB / 536 TiB avail
    pgs:     2649 active+clean
 
  io:
    client:   770 KiB/s rd, 510 B/s wr, 192 op/s rd, 0 op/s wr
 

======================================== [51] 2025-12-03 13:41:52
=== Ceph Status ===
  cluster:
    id:     c4de1f44-fd6e-4c8e-a087-60bfc397b47a
    health: HEALTH_OK
 
  services:
    mon: 3 daemons, quorum a,b,c (age 2h)
    mgr: b(active, since 2h), standbys: a
    osd: 45 osds: 45 up (since 2h), 45 in (since 2h)
    rgw: 3 daemons active (3 hosts, 1 zones)
 
  data:
    pools:   11 pools, 2649 pgs
    objects: 6.78k objects, 25 GiB
    usage:   858 GiB used, 535 TiB / 536 TiB avail
    pgs:     2649 active+clean
 
  io:
    client:   321 KiB/s rd, 80 op/s rd, 0 op/s wr
 

======================================== [52] 2025-12-03 13:41:59
=== Ceph Status ===
  cluster:
    id:     c4de1f44-fd6e-4c8e-a087-60bfc397b47a
    health: HEALTH_OK
 
  services:
    mon: 3 daemons, quorum a,b,c (age 2h)
    mgr: b(active, since 2h), standbys: a
    osd: 45 osds: 45 up (since 2h), 45 in (since 2h)
    rgw: 3 daemons active (3 hosts, 1 zones)
 
  data:
    pools:   11 pools, 2649 pgs
    objects: 6.78k objects, 25 GiB
    usage:   858 GiB used, 535 TiB / 536 TiB avail
    pgs:     2649 active+clean
 
  io:
    client:   308 KiB/s rd, 76 op/s rd, 0 op/s wr
 

======================================== [53] 2025-12-03 13:42:06
=== Ceph Status ===
  cluster:
    id:     c4de1f44-fd6e-4c8e-a087-60bfc397b47a
    health: HEALTH_OK
 
  services:
    mon: 3 daemons, quorum a,b,c (age 2h)
    mgr: b(active, since 2h), standbys: a
    osd: 45 osds: 45 up (since 2h), 45 in (since 2h)
    rgw: 3 daemons active (3 hosts, 1 zones)
 
  data:
    pools:   11 pools, 2649 pgs
    objects: 6.78k objects, 25 GiB
    usage:   858 GiB used, 535 TiB / 536 TiB avail
    pgs:     2649 active+clean
 
  io:
    client:   319 KiB/s rd, 510 B/s wr, 79 op/s rd, 0 op/s wr
 

======================================== [54] 2025-12-03 13:42:13
=== Ceph Status ===
  cluster:
    id:     c4de1f44-fd6e-4c8e-a087-60bfc397b47a
    health: HEALTH_OK
 
  services:
    mon: 3 daemons, quorum a,b,c (age 2h)
    mgr: b(active, since 2h), standbys: a
    osd: 45 osds: 45 up (since 2h), 45 in (since 2h)
    rgw: 3 daemons active (3 hosts, 1 zones)
 
  data:
    pools:   11 pools, 2649 pgs
    objects: 6.78k objects, 25 GiB
    usage:   858 GiB used, 535 TiB / 536 TiB avail
    pgs:     2649 active+clean
 
  io:
    client:   307 KiB/s rd, 510 B/s wr, 77 op/s rd, 0 op/s wr
 

======================================== [55] 2025-12-03 13:42:20
=== Ceph Status ===
  cluster:
    id:     c4de1f44-fd6e-4c8e-a087-60bfc397b47a
    health: HEALTH_OK
 
  services:
    mon: 3 daemons, quorum a,b,c (age 2h)
    mgr: b(active, since 2h), standbys: a
    osd: 45 osds: 45 up (since 2h), 45 in (since 2h)
    rgw: 3 daemons active (3 hosts, 1 zones)
 
  data:
    pools:   11 pools, 2649 pgs
    objects: 6.78k objects, 25 GiB
    usage:   858 GiB used, 535 TiB / 536 TiB avail
    pgs:     2649 active+clean
 
  io:
    client:   276 KiB/s rd, 69 op/s rd, 0 op/s wr
 

======================================== [56] 2025-12-03 13:42:26
=== Ceph Status ===
  cluster:
    id:     c4de1f44-fd6e-4c8e-a087-60bfc397b47a
    health: HEALTH_OK
 
  services:
    mon: 3 daemons, quorum a,b,c (age 2h)
    mgr: b(active, since 2h), standbys: a
    osd: 45 osds: 45 up (since 2h), 45 in (since 2h)
    rgw: 3 daemons active (3 hosts, 1 zones)
 
  data:
    pools:   11 pools, 2649 pgs
    objects: 6.78k objects, 25 GiB
    usage:   858 GiB used, 535 TiB / 536 TiB avail
    pgs:     2649 active+clean
 
  io:
    client:   307 KiB/s rd, 76 op/s rd, 0 op/s wr
 

======================================== [57] 2025-12-03 13:42:33
=== Ceph Status ===
  cluster:
    id:     c4de1f44-fd6e-4c8e-a087-60bfc397b47a
    health: HEALTH_OK
 
  services:
    mon: 3 daemons, quorum a,b,c (age 2h)
    mgr: b(active, since 2h), standbys: a
    osd: 45 osds: 45 up (since 2h), 45 in (since 2h)
    rgw: 3 daemons active (3 hosts, 1 zones)
 
  data:
    pools:   11 pools, 2649 pgs
    objects: 6.78k objects, 25 GiB
    usage:   858 GiB used, 535 TiB / 536 TiB avail
    pgs:     2649 active+clean
 
  io:
    client:   309 KiB/s rd, 77 op/s rd, 0 op/s wr
 

======================================== [58] 2025-12-03 13:42:40
=== Ceph Status ===
  cluster:
    id:     c4de1f44-fd6e-4c8e-a087-60bfc397b47a
    health: HEALTH_OK
 
  services:
    mon: 3 daemons, quorum a,b,c (age 2h)
    mgr: b(active, since 2h), standbys: a
    osd: 45 osds: 45 up (since 2h), 45 in (since 2h)
    rgw: 3 daemons active (3 hosts, 1 zones)
 
  data:
    pools:   11 pools, 2649 pgs
    objects: 6.78k objects, 25 GiB
    usage:   858 GiB used, 535 TiB / 536 TiB avail
    pgs:     2649 active+clean
 
  io:
    client:   160 KiB/s rd, 558 KiB/s wr, 40 op/s rd, 139 op/s wr
 

======================================== [59] 2025-12-03 13:42:47
=== Ceph Status ===
  cluster:
    id:     c4de1f44-fd6e-4c8e-a087-60bfc397b47a
    health: HEALTH_OK
 
  services:
    mon: 3 daemons, quorum a,b,c (age 2h)
    mgr: b(active, since 2h), standbys: a
    osd: 45 osds: 45 up (since 2h), 45 in (since 2h)
    rgw: 3 daemons active (3 hosts, 1 zones)
 
  data:
    pools:   11 pools, 2649 pgs
    objects: 6.78k objects, 25 GiB
    usage:   858 GiB used, 535 TiB / 536 TiB avail
    pgs:     2649 active+clean
 
  io:
    client:   30 KiB/s rd, 1.0 MiB/s wr, 7 op/s rd, 268 op/s wr
 

======================================== [60] 2025-12-03 13:42:53
=== Ceph Status ===
  cluster:
    id:     c4de1f44-fd6e-4c8e-a087-60bfc397b47a
    health: HEALTH_OK
 
  services:
    mon: 3 daemons, quorum a,b,c (age 2h)
    mgr: b(active, since 2h), standbys: a
    osd: 45 osds: 45 up (since 2h), 45 in (since 2h)
    rgw: 3 daemons active (3 hosts, 1 zones)
 
  data:
    pools:   11 pools, 2649 pgs
    objects: 6.78k objects, 25 GiB
    usage:   858 GiB used, 535 TiB / 536 TiB avail
    pgs:     2649 active+clean
 
  io:
    client:   1.0 MiB/s wr, 0 op/s rd, 264 op/s wr
 

======================================== [61] 2025-12-03 13:43:00
=== Ceph Status ===
  cluster:
    id:     c4de1f44-fd6e-4c8e-a087-60bfc397b47a
    health: HEALTH_OK
 
  services:
    mon: 3 daemons, quorum a,b,c (age 2h)
    mgr: b(active, since 2h), standbys: a
    osd: 45 osds: 45 up (since 2h), 45 in (since 2h)
    rgw: 3 daemons active (3 hosts, 1 zones)
 
  data:
    pools:   11 pools, 2649 pgs
    objects: 6.78k objects, 25 GiB
    usage:   858 GiB used, 535 TiB / 536 TiB avail
    pgs:     2649 active+clean
 
  io:
    client:   1.0 MiB/s wr, 0 op/s rd, 261 op/s wr
 

======================================== [62] 2025-12-03 13:43:07
=== Ceph Status ===
  cluster:
    id:     c4de1f44-fd6e-4c8e-a087-60bfc397b47a
    health: HEALTH_OK
 
  services:
    mon: 3 daemons, quorum a,b,c (age 2h)
    mgr: b(active, since 2h), standbys: a
    osd: 45 osds: 45 up (since 2h), 45 in (since 2h)
    rgw: 3 daemons active (3 hosts, 1 zones)
 
  data:
    pools:   11 pools, 2649 pgs
    objects: 6.78k objects, 25 GiB
    usage:   858 GiB used, 535 TiB / 536 TiB avail
    pgs:     2649 active+clean
 
  io:
    client:   255 B/s rd, 1.0 MiB/s wr, 0 op/s rd, 266 op/s wr
 

======================================== [63] 2025-12-03 13:43:14
=== Ceph Status ===
  cluster:
    id:     c4de1f44-fd6e-4c8e-a087-60bfc397b47a
    health: HEALTH_OK
 
  services:
    mon: 3 daemons, quorum a,b,c (age 2h)
    mgr: b(active, since 2h), standbys: a
    osd: 45 osds: 45 up (since 2h), 45 in (since 2h)
    rgw: 3 daemons active (3 hosts, 1 zones)
 
  data:
    pools:   11 pools, 2649 pgs
    objects: 6.78k objects, 25 GiB
    usage:   858 GiB used, 535 TiB / 536 TiB avail
    pgs:     2649 active+clean
 
  io:
    client:   255 B/s rd, 1.0 MiB/s wr, 0 op/s rd, 264 op/s wr
 

======================================== [64] 2025-12-03 13:43:21
=== Ceph Status ===
  cluster:
    id:     c4de1f44-fd6e-4c8e-a087-60bfc397b47a
    health: HEALTH_OK
 
  services:
    mon: 3 daemons, quorum a,b,c (age 2h)
    mgr: b(active, since 2h), standbys: a
    osd: 45 osds: 45 up (since 2h), 45 in (since 2h)
    rgw: 3 daemons active (3 hosts, 1 zones)
 
  data:
    pools:   11 pools, 2649 pgs
    objects: 6.78k objects, 25 GiB
    usage:   858 GiB used, 535 TiB / 536 TiB avail
    pgs:     2649 active+clean
 
  io:
    client:   1.0 MiB/s wr, 0 op/s rd, 262 op/s wr
 

======================================== [65] 2025-12-03 13:43:28
=== Ceph Status ===
  cluster:
    id:     c4de1f44-fd6e-4c8e-a087-60bfc397b47a
    health: HEALTH_OK
 
  services:
    mon: 3 daemons, quorum a,b,c (age 2h)
    mgr: b(active, since 2h), standbys: a
    osd: 45 osds: 45 up (since 2h), 45 in (since 2h)
    rgw: 3 daemons active (3 hosts, 1 zones)
 
  data:
    pools:   11 pools, 2649 pgs
    objects: 6.78k objects, 25 GiB
    usage:   858 GiB used, 535 TiB / 536 TiB avail
    pgs:     2649 active+clean
 
  io:
    client:   1.1 MiB/s wr, 0 op/s rd, 273 op/s wr
 

======================================== [66] 2025-12-03 13:43:34
=== Ceph Status ===
  cluster:
    id:     c4de1f44-fd6e-4c8e-a087-60bfc397b47a
    health: HEALTH_OK
 
  services:
    mon: 3 daemons, quorum a,b,c (age 2h)
    mgr: b(active, since 2h), standbys: a
    osd: 45 osds: 45 up (since 2h), 45 in (since 2h)
    rgw: 3 daemons active (3 hosts, 1 zones)
 
  data:
    pools:   11 pools, 2649 pgs
    objects: 6.78k objects, 25 GiB
    usage:   858 GiB used, 535 TiB / 536 TiB avail
    pgs:     2649 active+clean
 
  io:
    client:   1.0 MiB/s wr, 0 op/s rd, 260 op/s wr
 

======================================== [67] 2025-12-03 13:43:41
=== Ceph Status ===
  cluster:
    id:     c4de1f44-fd6e-4c8e-a087-60bfc397b47a
    health: HEALTH_OK
 
  services:
    mon: 3 daemons, quorum a,b,c (age 2h)
    mgr: b(active, since 2h), standbys: a
    osd: 45 osds: 45 up (since 2h), 45 in (since 2h)
    rgw: 3 daemons active (3 hosts, 1 zones)
 
  data:
    pools:   11 pools, 2649 pgs
    objects: 6.78k objects, 25 GiB
    usage:   858 GiB used, 535 TiB / 536 TiB avail
    pgs:     2649 active+clean
 
  io:
    client:   255 B/s rd, 1.1 MiB/s wr, 0 op/s rd, 272 op/s wr
 

