======================================== [2] 2025-12-03 13:36:16
=== Network Statistics ===
    20 outgoing packets dropped
    5 dropped because of missing route
    44497 segments retransmitted
    0 packet receive errors
    0 receive buffer errors
    0 send buffer errors
    3 SYNs to LISTEN sockets dropped
    30536 fast retransmits
    66 retransmits in slow start

======================================== [4] 2025-12-03 13:36:30
=== Network Statistics ===
    20 outgoing packets dropped
    5 dropped because of missing route
    44497 segments retransmitted
    0 packet receive errors
    0 receive buffer errors
    0 send buffer errors
    3 SYNs to LISTEN sockets dropped
    30536 fast retransmits
    66 retransmits in slow start

======================================== [6] 2025-12-03 13:36:44
=== Network Statistics ===
    20 outgoing packets dropped
    5 dropped because of missing route
    44498 segments retransmitted
    0 packet receive errors
    0 receive buffer errors
    0 send buffer errors
    3 SYNs to LISTEN sockets dropped
    30536 fast retransmits
    66 retransmits in slow start

======================================== [8] 2025-12-03 13:36:58
=== Network Statistics ===
    20 outgoing packets dropped
    5 dropped because of missing route
    44498 segments retransmitted
    0 packet receive errors
    0 receive buffer errors
    0 send buffer errors
    3 SYNs to LISTEN sockets dropped
    30536 fast retransmits
    66 retransmits in slow start

======================================== [10] 2025-12-03 13:37:11
=== Network Statistics ===
    20 outgoing packets dropped
    5 dropped because of missing route
    44498 segments retransmitted
    0 packet receive errors
    0 receive buffer errors
    0 send buffer errors
    3 SYNs to LISTEN sockets dropped
    30536 fast retransmits
    66 retransmits in slow start

======================================== [12] 2025-12-03 13:37:25
=== Network Statistics ===
    20 outgoing packets dropped
    5 dropped because of missing route
    44498 segments retransmitted
    0 packet receive errors
    0 receive buffer errors
    0 send buffer errors
    3 SYNs to LISTEN sockets dropped
    30536 fast retransmits
    66 retransmits in slow start

======================================== [14] 2025-12-03 13:37:39
=== Network Statistics ===
    20 outgoing packets dropped
    5 dropped because of missing route
    44498 segments retransmitted
    0 packet receive errors
    0 receive buffer errors
    0 send buffer errors
    3 SYNs to LISTEN sockets dropped
    30536 fast retransmits
    66 retransmits in slow start

======================================== [16] 2025-12-03 13:37:53
=== Network Statistics ===
    20 outgoing packets dropped
    5 dropped because of missing route
    44498 segments retransmitted
    0 packet receive errors
    0 receive buffer errors
    0 send buffer errors
    3 SYNs to LISTEN sockets dropped
    30536 fast retransmits
    66 retransmits in slow start

======================================== [18] 2025-12-03 13:38:06
=== Network Statistics ===
    20 outgoing packets dropped
    5 dropped because of missing route
    44498 segments retransmitted
    0 packet receive errors
    0 receive buffer errors
    0 send buffer errors
    3 SYNs to LISTEN sockets dropped
    30536 fast retransmits
    66 retransmits in slow start

======================================== [20] 2025-12-03 13:38:20
=== Network Statistics ===
    20 outgoing packets dropped
    5 dropped because of missing route
    44498 segments retransmitted
    0 packet receive errors
    0 receive buffer errors
    0 send buffer errors
    3 SYNs to LISTEN sockets dropped
    30536 fast retransmits
    66 retransmits in slow start

======================================== [22] 2025-12-03 13:38:34
=== Network Statistics ===
    20 outgoing packets dropped
    5 dropped because of missing route
    44498 segments retransmitted
    0 packet receive errors
    0 receive buffer errors
    0 send buffer errors
    3 SYNs to LISTEN sockets dropped
    30536 fast retransmits
    66 retransmits in slow start

======================================== [24] 2025-12-03 13:38:47
=== Network Statistics ===
    20 outgoing packets dropped
    5 dropped because of missing route
    44499 segments retransmitted
    0 packet receive errors
    0 receive buffer errors
    0 send buffer errors
    3 SYNs to LISTEN sockets dropped
    30536 fast retransmits
    66 retransmits in slow start

======================================== [26] 2025-12-03 13:39:01
=== Network Statistics ===
    20 outgoing packets dropped
    5 dropped because of missing route
    44500 segments retransmitted
    0 packet receive errors
    0 receive buffer errors
    0 send buffer errors
    3 SYNs to LISTEN sockets dropped
    30536 fast retransmits
    66 retransmits in slow start

======================================== [28] 2025-12-03 13:39:15
=== Network Statistics ===
    20 outgoing packets dropped
    5 dropped because of missing route
    44500 segments retransmitted
    0 packet receive errors
    0 receive buffer errors
    0 send buffer errors
    3 SYNs to LISTEN sockets dropped
    30536 fast retransmits
    66 retransmits in slow start

======================================== [30] 2025-12-03 13:39:28
=== Network Statistics ===
    20 outgoing packets dropped
    5 dropped because of missing route
    44500 segments retransmitted
    0 packet receive errors
    0 receive buffer errors
    0 send buffer errors
    3 SYNs to LISTEN sockets dropped
    30536 fast retransmits
    66 retransmits in slow start

======================================== [32] 2025-12-03 13:39:42
=== Network Statistics ===
    20 outgoing packets dropped
    5 dropped because of missing route
    44501 segments retransmitted
    0 packet receive errors
    0 receive buffer errors
    0 send buffer errors
    3 SYNs to LISTEN sockets dropped
    30536 fast retransmits
    66 retransmits in slow start

======================================== [34] 2025-12-03 13:39:56
=== Network Statistics ===
    20 outgoing packets dropped
    5 dropped because of missing route
    44501 segments retransmitted
    0 packet receive errors
    0 receive buffer errors
    0 send buffer errors
    3 SYNs to LISTEN sockets dropped
    30536 fast retransmits
    66 retransmits in slow start

======================================== [36] 2025-12-03 13:40:09
=== Network Statistics ===
    20 outgoing packets dropped
    5 dropped because of missing route
    44501 segments retransmitted
    0 packet receive errors
    0 receive buffer errors
    0 send buffer errors
    3 SYNs to LISTEN sockets dropped
    30536 fast retransmits
    66 retransmits in slow start

======================================== [38] 2025-12-03 13:40:23
=== Network Statistics ===
    20 outgoing packets dropped
    5 dropped because of missing route
    44501 segments retransmitted
    0 packet receive errors
    0 receive buffer errors
    0 send buffer errors
    3 SYNs to LISTEN sockets dropped
    30536 fast retransmits
    66 retransmits in slow start

======================================== [40] 2025-12-03 13:40:37
=== Network Statistics ===
    20 outgoing packets dropped
    5 dropped because of missing route
    44501 segments retransmitted
    0 packet receive errors
    0 receive buffer errors
    0 send buffer errors
    3 SYNs to LISTEN sockets dropped
    30536 fast retransmits
    66 retransmits in slow start

======================================== [42] 2025-12-03 13:40:51
=== Network Statistics ===
    20 outgoing packets dropped
    5 dropped because of missing route
    44501 segments retransmitted
    0 packet receive errors
    0 receive buffer errors
    0 send buffer errors
    3 SYNs to LISTEN sockets dropped
    30536 fast retransmits
    66 retransmits in slow start

======================================== [44] 2025-12-03 13:41:05
=== Network Statistics ===
    20 outgoing packets dropped
    5 dropped because of missing route
    44501 segments retransmitted
    0 packet receive errors
    0 receive buffer errors
    0 send buffer errors
    3 SYNs to LISTEN sockets dropped
    30536 fast retransmits
    66 retransmits in slow start

======================================== [46] 2025-12-03 13:41:18
=== Network Statistics ===
    20 outgoing packets dropped
    5 dropped because of missing route
    44501 segments retransmitted
    0 packet receive errors
    0 receive buffer errors
    0 send buffer errors
    3 SYNs to LISTEN sockets dropped
    30536 fast retransmits
    66 retransmits in slow start

======================================== [48] 2025-12-03 13:41:32
=== Network Statistics ===
    20 outgoing packets dropped
    5 dropped because of missing route
    44501 segments retransmitted
    0 packet receive errors
    0 receive buffer errors
    0 send buffer errors
    3 SYNs to LISTEN sockets dropped
    30536 fast retransmits
    66 retransmits in slow start

======================================== [50] 2025-12-03 13:41:45
=== Network Statistics ===
    20 outgoing packets dropped
    5 dropped because of missing route
    44501 segments retransmitted
    0 packet receive errors
    0 receive buffer errors
    0 send buffer errors
    3 SYNs to LISTEN sockets dropped
    30536 fast retransmits
    66 retransmits in slow start

======================================== [52] 2025-12-03 13:41:59
=== Network Statistics ===
    20 outgoing packets dropped
    5 dropped because of missing route
    44501 segments retransmitted
    0 packet receive errors
    0 receive buffer errors
    0 send buffer errors
    3 SYNs to LISTEN sockets dropped
    30536 fast retransmits
    66 retransmits in slow start

======================================== [54] 2025-12-03 13:42:13
=== Network Statistics ===
    20 outgoing packets dropped
    5 dropped because of missing route
    44501 segments retransmitted
    0 packet receive errors
    0 receive buffer errors
    0 send buffer errors
    3 SYNs to LISTEN sockets dropped
    30536 fast retransmits
    66 retransmits in slow start

======================================== [56] 2025-12-03 13:42:26
=== Network Statistics ===
    20 outgoing packets dropped
    5 dropped because of missing route
    44501 segments retransmitted
    0 packet receive errors
    0 receive buffer errors
    0 send buffer errors
    3 SYNs to LISTEN sockets dropped
    30536 fast retransmits
    66 retransmits in slow start

======================================== [58] 2025-12-03 13:42:40
=== Network Statistics ===
    20 outgoing packets dropped
    5 dropped because of missing route
    44501 segments retransmitted
    0 packet receive errors
    0 receive buffer errors
    0 send buffer errors
    3 SYNs to LISTEN sockets dropped
    30536 fast retransmits
    66 retransmits in slow start

======================================== [60] 2025-12-03 13:42:53
=== Network Statistics ===
    20 outgoing packets dropped
    5 dropped because of missing route
    44501 segments retransmitted
    0 packet receive errors
    0 receive buffer errors
    0 send buffer errors
    3 SYNs to LISTEN sockets dropped
    30536 fast retransmits
    66 retransmits in slow start

======================================== [62] 2025-12-03 13:43:07
=== Network Statistics ===
    20 outgoing packets dropped
    5 dropped because of missing route
    44501 segments retransmitted
    0 packet receive errors
    0 receive buffer errors
    0 send buffer errors
    3 SYNs to LISTEN sockets dropped
    30536 fast retransmits
    66 retransmits in slow start

======================================== [64] 2025-12-03 13:43:21
=== Network Statistics ===
    20 outgoing packets dropped
    5 dropped because of missing route
    44501 segments retransmitted
    0 packet receive errors
    0 receive buffer errors
    0 send buffer errors
    3 SYNs to LISTEN sockets dropped
    30536 fast retransmits
    66 retransmits in slow start

======================================== [66] 2025-12-03 13:43:34
=== Network Statistics ===
    20 outgoing packets dropped
    5 dropped because of missing route
    44501 segments retransmitted
    0 packet receive errors
    0 receive buffer errors
    0 send buffer errors
    3 SYNs to LISTEN sockets dropped
    30536 fast retransmits
    66 retransmits in slow start

