======================================== [2] 2025-12-05 10:21:52
=== Network Statistics ===
    29 dropped because of missing route
    269 segments retransmitted
    0 packet receive errors
    0 receive buffer errors
    0 send buffer errors
    5 fast retransmits

======================================== [4] 2025-12-05 10:22:06
=== Network Statistics ===
    29 dropped because of missing route
    271 segments retransmitted
    0 packet receive errors
    0 receive buffer errors
    0 send buffer errors
    5 fast retransmits

======================================== [6] 2025-12-05 10:22:20
=== Network Statistics ===
    29 dropped because of missing route
    271 segments retransmitted
    0 packet receive errors
    0 receive buffer errors
    0 send buffer errors
    5 fast retransmits

======================================== [8] 2025-12-05 10:22:35
=== Network Statistics ===
    29 dropped because of missing route
    272 segments retransmitted
    0 packet receive errors
    0 receive buffer errors
    0 send buffer errors
    5 fast retransmits

======================================== [10] 2025-12-05 10:22:49
=== Network Statistics ===
    29 dropped because of missing route
    274 segments retransmitted
    0 packet receive errors
    0 receive buffer errors
    0 send buffer errors
    5 fast retransmits

======================================== [12] 2025-12-05 10:23:03
=== Network Statistics ===
    29 dropped because of missing route
    276 segments retransmitted
    0 packet receive errors
    0 receive buffer errors
    0 send buffer errors
    6 fast retransmits

======================================== [14] 2025-12-05 10:23:18
=== Network Statistics ===
    29 dropped because of missing route
    276 segments retransmitted
    0 packet receive errors
    0 receive buffer errors
    0 send buffer errors
    6 fast retransmits

======================================== [16] 2025-12-05 10:23:32
=== Network Statistics ===
    29 dropped because of missing route
    283 segments retransmitted
    0 packet receive errors
    0 receive buffer errors
    0 send buffer errors
    7 fast retransmits

======================================== [18] 2025-12-05 10:23:46
=== Network Statistics ===
    29 dropped because of missing route
    286 segments retransmitted
    0 packet receive errors
    0 receive buffer errors
    0 send buffer errors
    7 fast retransmits

======================================== [20] 2025-12-05 10:24:00
=== Network Statistics ===
    29 dropped because of missing route
    287 segments retransmitted
    0 packet receive errors
    0 receive buffer errors
    0 send buffer errors
    7 fast retransmits

======================================== [22] 2025-12-05 10:24:15
=== Network Statistics ===
    29 dropped because of missing route
    290 segments retransmitted
    0 packet receive errors
    0 receive buffer errors
    0 send buffer errors
    7 fast retransmits

======================================== [24] 2025-12-05 10:24:29
=== Network Statistics ===
    29 dropped because of missing route
    294 segments retransmitted
    0 packet receive errors
    0 receive buffer errors
    0 send buffer errors
    7 fast retransmits

======================================== [26] 2025-12-05 10:24:44
=== Network Statistics ===
    29 dropped because of missing route
    297 segments retransmitted
    0 packet receive errors
    0 receive buffer errors
    0 send buffer errors
    7 fast retransmits

======================================== [28] 2025-12-05 10:24:58
=== Network Statistics ===
    29 dropped because of missing route
    298 segments retransmitted
    0 packet receive errors
    0 receive buffer errors
    0 send buffer errors
    7 fast retransmits

======================================== [30] 2025-12-05 10:25:12
=== Network Statistics ===
    29 dropped because of missing route
    299 segments retransmitted
    0 packet receive errors
    0 receive buffer errors
    0 send buffer errors
    7 fast retransmits

======================================== [32] 2025-12-05 10:25:26
=== Network Statistics ===
    29 dropped because of missing route
    299 segments retransmitted
    0 packet receive errors
    0 receive buffer errors
    0 send buffer errors
    7 fast retransmits

======================================== [34] 2025-12-05 10:25:41
=== Network Statistics ===
    29 dropped because of missing route
    299 segments retransmitted
    0 packet receive errors
    0 receive buffer errors
    0 send buffer errors
    7 fast retransmits

======================================== [36] 2025-12-05 10:25:55
=== Network Statistics ===
    29 dropped because of missing route
    300 segments retransmitted
    0 packet receive errors
    0 receive buffer errors
    0 send buffer errors
    7 fast retransmits

======================================== [38] 2025-12-05 10:26:09
=== Network Statistics ===
    29 dropped because of missing route
    301 segments retransmitted
    0 packet receive errors
    0 receive buffer errors
    0 send buffer errors
    7 fast retransmits

======================================== [40] 2025-12-05 10:26:24
=== Network Statistics ===
    29 dropped because of missing route
    302 segments retransmitted
    0 packet receive errors
    0 receive buffer errors
    0 send buffer errors
    7 fast retransmits

======================================== [42] 2025-12-05 10:26:38
=== Network Statistics ===
    29 dropped because of missing route
    305 segments retransmitted
    0 packet receive errors
    0 receive buffer errors
    0 send buffer errors
    7 fast retransmits

======================================== [44] 2025-12-05 10:26:52
=== Network Statistics ===
    29 dropped because of missing route
    306 segments retransmitted
    0 packet receive errors
    0 receive buffer errors
    0 send buffer errors
    7 fast retransmits

======================================== [46] 2025-12-05 10:27:06
=== Network Statistics ===
    29 dropped because of missing route
    306 segments retransmitted
    0 packet receive errors
    0 receive buffer errors
    0 send buffer errors
    7 fast retransmits

======================================== [48] 2025-12-05 10:27:19
=== Network Statistics ===
    29 dropped because of missing route
    306 segments retransmitted
    0 packet receive errors
    0 receive buffer errors
    0 send buffer errors
    7 fast retransmits

======================================== [50] 2025-12-05 10:27:33
=== Network Statistics ===
    29 dropped because of missing route
    306 segments retransmitted
    0 packet receive errors
    0 receive buffer errors
    0 send buffer errors
    7 fast retransmits

======================================== [52] 2025-12-05 10:27:47
=== Network Statistics ===
    29 dropped because of missing route
    306 segments retransmitted
    0 packet receive errors
    0 receive buffer errors
    0 send buffer errors
    7 fast retransmits

======================================== [54] 2025-12-05 10:28:00
=== Network Statistics ===
    29 dropped because of missing route
    306 segments retransmitted
    0 packet receive errors
    0 receive buffer errors
    0 send buffer errors
    7 fast retransmits

======================================== [56] 2025-12-05 10:28:14
=== Network Statistics ===
    29 dropped because of missing route
    306 segments retransmitted
    0 packet receive errors
    0 receive buffer errors
    0 send buffer errors
    7 fast retransmits

======================================== [58] 2025-12-05 10:28:28
=== Network Statistics ===
    29 dropped because of missing route
    308 segments retransmitted
    0 packet receive errors
    0 receive buffer errors
    0 send buffer errors
    7 fast retransmits

======================================== [60] 2025-12-05 10:28:41
=== Network Statistics ===
    29 dropped because of missing route
    308 segments retransmitted
    0 packet receive errors
    0 receive buffer errors
    0 send buffer errors
    7 fast retransmits

======================================== [62] 2025-12-05 10:28:55
=== Network Statistics ===
    29 dropped because of missing route
    308 segments retransmitted
    0 packet receive errors
    0 receive buffer errors
    0 send buffer errors
    7 fast retransmits

======================================== [64] 2025-12-05 10:29:09
=== Network Statistics ===
    29 dropped because of missing route
    308 segments retransmitted
    0 packet receive errors
    0 receive buffer errors
    0 send buffer errors
    7 fast retransmits

