======================================== [2] 2025-12-03 11:43:22
=== Network Statistics ===
    20 outgoing packets dropped
    5 dropped because of missing route
    44489 segments retransmitted
    0 packet receive errors
    0 receive buffer errors
    0 send buffer errors
    3 SYNs to LISTEN sockets dropped
    30536 fast retransmits
    66 retransmits in slow start

======================================== [4] 2025-12-03 11:43:36
=== Network Statistics ===
    20 outgoing packets dropped
    5 dropped because of missing route
    44489 segments retransmitted
    0 packet receive errors
    0 receive buffer errors
    0 send buffer errors
    3 SYNs to LISTEN sockets dropped
    30536 fast retransmits
    66 retransmits in slow start

======================================== [6] 2025-12-03 11:43:50
=== Network Statistics ===
    20 outgoing packets dropped
    5 dropped because of missing route
    44490 segments retransmitted
    0 packet receive errors
    0 receive buffer errors
    0 send buffer errors
    3 SYNs to LISTEN sockets dropped
    30536 fast retransmits
    66 retransmits in slow start

======================================== [8] 2025-12-03 11:44:04
=== Network Statistics ===
    20 outgoing packets dropped
    5 dropped because of missing route
    44490 segments retransmitted
    0 packet receive errors
    0 receive buffer errors
    0 send buffer errors
    3 SYNs to LISTEN sockets dropped
    30536 fast retransmits
    66 retransmits in slow start

======================================== [10] 2025-12-03 11:44:18
=== Network Statistics ===
    20 outgoing packets dropped
    5 dropped because of missing route
    44490 segments retransmitted
    0 packet receive errors
    0 receive buffer errors
    0 send buffer errors
    3 SYNs to LISTEN sockets dropped
    30536 fast retransmits
    66 retransmits in slow start

======================================== [12] 2025-12-03 11:44:31
=== Network Statistics ===
    20 outgoing packets dropped
    5 dropped because of missing route
    44490 segments retransmitted
    0 packet receive errors
    0 receive buffer errors
    0 send buffer errors
    3 SYNs to LISTEN sockets dropped
    30536 fast retransmits
    66 retransmits in slow start

======================================== [14] 2025-12-03 11:44:45
=== Network Statistics ===
    20 outgoing packets dropped
    5 dropped because of missing route
    44490 segments retransmitted
    0 packet receive errors
    0 receive buffer errors
    0 send buffer errors
    3 SYNs to LISTEN sockets dropped
    30536 fast retransmits
    66 retransmits in slow start

======================================== [16] 2025-12-03 11:44:59
=== Network Statistics ===
    20 outgoing packets dropped
    5 dropped because of missing route
    44490 segments retransmitted
    0 packet receive errors
    0 receive buffer errors
    0 send buffer errors
    3 SYNs to LISTEN sockets dropped
    30536 fast retransmits
    66 retransmits in slow start

======================================== [18] 2025-12-03 11:45:12
=== Network Statistics ===
    20 outgoing packets dropped
    5 dropped because of missing route
    44490 segments retransmitted
    0 packet receive errors
    0 receive buffer errors
    0 send buffer errors
    3 SYNs to LISTEN sockets dropped
    30536 fast retransmits
    66 retransmits in slow start

======================================== [20] 2025-12-03 11:45:26
=== Network Statistics ===
    20 outgoing packets dropped
    5 dropped because of missing route
    44490 segments retransmitted
    0 packet receive errors
    0 receive buffer errors
    0 send buffer errors
    3 SYNs to LISTEN sockets dropped
    30536 fast retransmits
    66 retransmits in slow start

======================================== [22] 2025-12-03 11:45:40
=== Network Statistics ===
    20 outgoing packets dropped
    5 dropped because of missing route
    44490 segments retransmitted
    0 packet receive errors
    0 receive buffer errors
    0 send buffer errors
    3 SYNs to LISTEN sockets dropped
    30536 fast retransmits
    66 retransmits in slow start

======================================== [24] 2025-12-03 11:45:53
=== Network Statistics ===
    20 outgoing packets dropped
    5 dropped because of missing route
    44490 segments retransmitted
    0 packet receive errors
    0 receive buffer errors
    0 send buffer errors
    3 SYNs to LISTEN sockets dropped
    30536 fast retransmits
    66 retransmits in slow start

======================================== [26] 2025-12-03 11:46:07
=== Network Statistics ===
    20 outgoing packets dropped
    5 dropped because of missing route
    44490 segments retransmitted
    0 packet receive errors
    0 receive buffer errors
    0 send buffer errors
    3 SYNs to LISTEN sockets dropped
    30536 fast retransmits
    66 retransmits in slow start

======================================== [28] 2025-12-03 11:46:21
=== Network Statistics ===
    20 outgoing packets dropped
    5 dropped because of missing route
    44491 segments retransmitted
    0 packet receive errors
    0 receive buffer errors
    0 send buffer errors
    3 SYNs to LISTEN sockets dropped
    30536 fast retransmits
    66 retransmits in slow start

======================================== [30] 2025-12-03 11:46:35
=== Network Statistics ===
    20 outgoing packets dropped
    5 dropped because of missing route
    44491 segments retransmitted
    0 packet receive errors
    0 receive buffer errors
    0 send buffer errors
    3 SYNs to LISTEN sockets dropped
    30536 fast retransmits
    66 retransmits in slow start

======================================== [32] 2025-12-03 11:46:48
=== Network Statistics ===
    20 outgoing packets dropped
    5 dropped because of missing route
    44491 segments retransmitted
    0 packet receive errors
    0 receive buffer errors
    0 send buffer errors
    3 SYNs to LISTEN sockets dropped
    30536 fast retransmits
    66 retransmits in slow start

======================================== [34] 2025-12-03 11:47:02
=== Network Statistics ===
    20 outgoing packets dropped
    5 dropped because of missing route
    44491 segments retransmitted
    0 packet receive errors
    0 receive buffer errors
    0 send buffer errors
    3 SYNs to LISTEN sockets dropped
    30536 fast retransmits
    66 retransmits in slow start

======================================== [36] 2025-12-03 11:47:16
=== Network Statistics ===
    20 outgoing packets dropped
    5 dropped because of missing route
    44491 segments retransmitted
    0 packet receive errors
    0 receive buffer errors
    0 send buffer errors
    3 SYNs to LISTEN sockets dropped
    30536 fast retransmits
    66 retransmits in slow start

======================================== [38] 2025-12-03 11:47:30
=== Network Statistics ===
    20 outgoing packets dropped
    5 dropped because of missing route
    44491 segments retransmitted
    0 packet receive errors
    0 receive buffer errors
    0 send buffer errors
    3 SYNs to LISTEN sockets dropped
    30536 fast retransmits
    66 retransmits in slow start

======================================== [40] 2025-12-03 11:47:43
=== Network Statistics ===
    20 outgoing packets dropped
    5 dropped because of missing route
    44491 segments retransmitted
    0 packet receive errors
    0 receive buffer errors
    0 send buffer errors
    3 SYNs to LISTEN sockets dropped
    30536 fast retransmits
    66 retransmits in slow start

======================================== [42] 2025-12-03 11:47:57
=== Network Statistics ===
    20 outgoing packets dropped
    5 dropped because of missing route
    44491 segments retransmitted
    0 packet receive errors
    0 receive buffer errors
    0 send buffer errors
    3 SYNs to LISTEN sockets dropped
    30536 fast retransmits
    66 retransmits in slow start

======================================== [44] 2025-12-03 11:48:11
=== Network Statistics ===
    20 outgoing packets dropped
    5 dropped because of missing route
    44491 segments retransmitted
    0 packet receive errors
    0 receive buffer errors
    0 send buffer errors
    3 SYNs to LISTEN sockets dropped
    30536 fast retransmits
    66 retransmits in slow start

======================================== [46] 2025-12-03 11:48:25
=== Network Statistics ===
    20 outgoing packets dropped
    5 dropped because of missing route
    44491 segments retransmitted
    0 packet receive errors
    0 receive buffer errors
    0 send buffer errors
    3 SYNs to LISTEN sockets dropped
    30536 fast retransmits
    66 retransmits in slow start

======================================== [48] 2025-12-03 11:48:38
=== Network Statistics ===
    20 outgoing packets dropped
    5 dropped because of missing route
    44491 segments retransmitted
    0 packet receive errors
    0 receive buffer errors
    0 send buffer errors
    3 SYNs to LISTEN sockets dropped
    30536 fast retransmits
    66 retransmits in slow start

======================================== [50] 2025-12-03 11:48:52
=== Network Statistics ===
    20 outgoing packets dropped
    5 dropped because of missing route
    44491 segments retransmitted
    0 packet receive errors
    0 receive buffer errors
    0 send buffer errors
    3 SYNs to LISTEN sockets dropped
    30536 fast retransmits
    66 retransmits in slow start

======================================== [52] 2025-12-03 11:49:05
=== Network Statistics ===
    20 outgoing packets dropped
    5 dropped because of missing route
    44491 segments retransmitted
    0 packet receive errors
    0 receive buffer errors
    0 send buffer errors
    3 SYNs to LISTEN sockets dropped
    30536 fast retransmits
    66 retransmits in slow start

======================================== [54] 2025-12-03 11:49:19
=== Network Statistics ===
    20 outgoing packets dropped
    5 dropped because of missing route
    44491 segments retransmitted
    0 packet receive errors
    0 receive buffer errors
    0 send buffer errors
    3 SYNs to LISTEN sockets dropped
    30536 fast retransmits
    66 retransmits in slow start

======================================== [56] 2025-12-03 11:49:32
=== Network Statistics ===
    20 outgoing packets dropped
    5 dropped because of missing route
    44491 segments retransmitted
    0 packet receive errors
    0 receive buffer errors
    0 send buffer errors
    3 SYNs to LISTEN sockets dropped
    30536 fast retransmits
    66 retransmits in slow start

======================================== [58] 2025-12-03 11:49:46
=== Network Statistics ===
    20 outgoing packets dropped
    5 dropped because of missing route
    44491 segments retransmitted
    0 packet receive errors
    0 receive buffer errors
    0 send buffer errors
    3 SYNs to LISTEN sockets dropped
    30536 fast retransmits
    66 retransmits in slow start

======================================== [60] 2025-12-03 11:50:00
=== Network Statistics ===
    20 outgoing packets dropped
    5 dropped because of missing route
    44491 segments retransmitted
    0 packet receive errors
    0 receive buffer errors
    0 send buffer errors
    3 SYNs to LISTEN sockets dropped
    30536 fast retransmits
    66 retransmits in slow start

======================================== [62] 2025-12-03 11:50:13
=== Network Statistics ===
    20 outgoing packets dropped
    5 dropped because of missing route
    44491 segments retransmitted
    0 packet receive errors
    0 receive buffer errors
    0 send buffer errors
    3 SYNs to LISTEN sockets dropped
    30536 fast retransmits
    66 retransmits in slow start

======================================== [64] 2025-12-03 11:50:27
=== Network Statistics ===
    20 outgoing packets dropped
    5 dropped because of missing route
    44491 segments retransmitted
    0 packet receive errors
    0 receive buffer errors
    0 send buffer errors
    3 SYNs to LISTEN sockets dropped
    30536 fast retransmits
    66 retransmits in slow start

======================================== [66] 2025-12-03 11:50:40
=== Network Statistics ===
    20 outgoing packets dropped
    5 dropped because of missing route
    44491 segments retransmitted
    0 packet receive errors
    0 receive buffer errors
    0 send buffer errors
    3 SYNs to LISTEN sockets dropped
    30536 fast retransmits
    66 retransmits in slow start

