======================================== [2] 2025-12-03 18:44:30
=== Network Statistics ===
    20 outgoing packets dropped
    8 dropped because of missing route
    45946 segments retransmitted
    0 packet receive errors
    0 receive buffer errors
    0 send buffer errors
    3 SYNs to LISTEN sockets dropped
    30540 fast retransmits
    643 retransmits in slow start

======================================== [4] 2025-12-03 18:44:44
=== Network Statistics ===
    20 outgoing packets dropped
    8 dropped because of missing route
    45947 segments retransmitted
    0 packet receive errors
    0 receive buffer errors
    0 send buffer errors
    3 SYNs to LISTEN sockets dropped
    30540 fast retransmits
    643 retransmits in slow start

======================================== [6] 2025-12-03 18:44:57
=== Network Statistics ===
    20 outgoing packets dropped
    8 dropped because of missing route
    45947 segments retransmitted
    0 packet receive errors
    0 receive buffer errors
    0 send buffer errors
    3 SYNs to LISTEN sockets dropped
    30540 fast retransmits
    643 retransmits in slow start

======================================== [8] 2025-12-03 18:45:11
=== Network Statistics ===
    20 outgoing packets dropped
    8 dropped because of missing route
    45947 segments retransmitted
    0 packet receive errors
    0 receive buffer errors
    0 send buffer errors
    3 SYNs to LISTEN sockets dropped
    30540 fast retransmits
    643 retransmits in slow start

======================================== [10] 2025-12-03 18:45:25
=== Network Statistics ===
    20 outgoing packets dropped
    8 dropped because of missing route
    45948 segments retransmitted
    0 packet receive errors
    0 receive buffer errors
    0 send buffer errors
    3 SYNs to LISTEN sockets dropped
    30540 fast retransmits
    643 retransmits in slow start

======================================== [12] 2025-12-03 18:45:39
=== Network Statistics ===
    20 outgoing packets dropped
    8 dropped because of missing route
    45948 segments retransmitted
    0 packet receive errors
    0 receive buffer errors
    0 send buffer errors
    3 SYNs to LISTEN sockets dropped
    30540 fast retransmits
    643 retransmits in slow start

======================================== [14] 2025-12-03 18:45:52
=== Network Statistics ===
    20 outgoing packets dropped
    8 dropped because of missing route
    45948 segments retransmitted
    0 packet receive errors
    0 receive buffer errors
    0 send buffer errors
    3 SYNs to LISTEN sockets dropped
    30540 fast retransmits
    643 retransmits in slow start

======================================== [16] 2025-12-03 18:46:06
=== Network Statistics ===
    20 outgoing packets dropped
    8 dropped because of missing route
    45948 segments retransmitted
    0 packet receive errors
    0 receive buffer errors
    0 send buffer errors
    3 SYNs to LISTEN sockets dropped
    30540 fast retransmits
    643 retransmits in slow start

======================================== [18] 2025-12-03 18:46:20
=== Network Statistics ===
    20 outgoing packets dropped
    8 dropped because of missing route
    45949 segments retransmitted
    0 packet receive errors
    0 receive buffer errors
    0 send buffer errors
    3 SYNs to LISTEN sockets dropped
    30540 fast retransmits
    643 retransmits in slow start

======================================== [20] 2025-12-03 18:46:34
=== Network Statistics ===
    20 outgoing packets dropped
    8 dropped because of missing route
    45949 segments retransmitted
    0 packet receive errors
    0 receive buffer errors
    0 send buffer errors
    3 SYNs to LISTEN sockets dropped
    30540 fast retransmits
    643 retransmits in slow start

======================================== [22] 2025-12-03 18:46:47
=== Network Statistics ===
    20 outgoing packets dropped
    8 dropped because of missing route
    45949 segments retransmitted
    0 packet receive errors
    0 receive buffer errors
    0 send buffer errors
    3 SYNs to LISTEN sockets dropped
    30540 fast retransmits
    643 retransmits in slow start

======================================== [24] 2025-12-03 18:47:01
=== Network Statistics ===
    20 outgoing packets dropped
    8 dropped because of missing route
    45949 segments retransmitted
    0 packet receive errors
    0 receive buffer errors
    0 send buffer errors
    3 SYNs to LISTEN sockets dropped
    30540 fast retransmits
    643 retransmits in slow start

======================================== [26] 2025-12-03 18:47:15
=== Network Statistics ===
    20 outgoing packets dropped
    8 dropped because of missing route
    45949 segments retransmitted
    0 packet receive errors
    0 receive buffer errors
    0 send buffer errors
    3 SYNs to LISTEN sockets dropped
    30540 fast retransmits
    643 retransmits in slow start

======================================== [28] 2025-12-03 18:47:29
=== Network Statistics ===
    20 outgoing packets dropped
    8 dropped because of missing route
    45949 segments retransmitted
    0 packet receive errors
    0 receive buffer errors
    0 send buffer errors
    3 SYNs to LISTEN sockets dropped
    30540 fast retransmits
    643 retransmits in slow start

======================================== [30] 2025-12-03 18:47:42
=== Network Statistics ===
    20 outgoing packets dropped
    8 dropped because of missing route
    45949 segments retransmitted
    0 packet receive errors
    0 receive buffer errors
    0 send buffer errors
    3 SYNs to LISTEN sockets dropped
    30540 fast retransmits
    643 retransmits in slow start

======================================== [32] 2025-12-03 18:47:56
=== Network Statistics ===
    20 outgoing packets dropped
    8 dropped because of missing route
    45949 segments retransmitted
    0 packet receive errors
    0 receive buffer errors
    0 send buffer errors
    3 SYNs to LISTEN sockets dropped
    30540 fast retransmits
    643 retransmits in slow start

======================================== [34] 2025-12-03 18:48:10
=== Network Statistics ===
    20 outgoing packets dropped
    8 dropped because of missing route
    45949 segments retransmitted
    0 packet receive errors
    0 receive buffer errors
    0 send buffer errors
    3 SYNs to LISTEN sockets dropped
    30540 fast retransmits
    643 retransmits in slow start

======================================== [36] 2025-12-03 18:48:23
=== Network Statistics ===
    20 outgoing packets dropped
    8 dropped because of missing route
    45950 segments retransmitted
    0 packet receive errors
    0 receive buffer errors
    0 send buffer errors
    3 SYNs to LISTEN sockets dropped
    30540 fast retransmits
    643 retransmits in slow start

======================================== [38] 2025-12-03 18:48:37
=== Network Statistics ===
    20 outgoing packets dropped
    8 dropped because of missing route
    45950 segments retransmitted
    0 packet receive errors
    0 receive buffer errors
    0 send buffer errors
    3 SYNs to LISTEN sockets dropped
    30540 fast retransmits
    643 retransmits in slow start

======================================== [40] 2025-12-03 18:48:51
=== Network Statistics ===
    20 outgoing packets dropped
    8 dropped because of missing route
    45952 segments retransmitted
    0 packet receive errors
    0 receive buffer errors
    0 send buffer errors
    3 SYNs to LISTEN sockets dropped
    30540 fast retransmits
    643 retransmits in slow start

======================================== [42] 2025-12-03 18:49:04
=== Network Statistics ===
    20 outgoing packets dropped
    8 dropped because of missing route
    45952 segments retransmitted
    0 packet receive errors
    0 receive buffer errors
    0 send buffer errors
    3 SYNs to LISTEN sockets dropped
    30540 fast retransmits
    643 retransmits in slow start

======================================== [44] 2025-12-03 18:49:18
=== Network Statistics ===
    20 outgoing packets dropped
    8 dropped because of missing route
    45952 segments retransmitted
    0 packet receive errors
    0 receive buffer errors
    0 send buffer errors
    3 SYNs to LISTEN sockets dropped
    30540 fast retransmits
    643 retransmits in slow start

======================================== [46] 2025-12-03 18:49:32
=== Network Statistics ===
    20 outgoing packets dropped
    8 dropped because of missing route
    45952 segments retransmitted
    0 packet receive errors
    0 receive buffer errors
    0 send buffer errors
    3 SYNs to LISTEN sockets dropped
    30540 fast retransmits
    643 retransmits in slow start

======================================== [48] 2025-12-03 18:49:46
=== Network Statistics ===
    20 outgoing packets dropped
    8 dropped because of missing route
    45952 segments retransmitted
    0 packet receive errors
    0 receive buffer errors
    0 send buffer errors
    3 SYNs to LISTEN sockets dropped
    30540 fast retransmits
    643 retransmits in slow start

======================================== [50] 2025-12-03 18:49:59
=== Network Statistics ===
    20 outgoing packets dropped
    8 dropped because of missing route
    45952 segments retransmitted
    0 packet receive errors
    0 receive buffer errors
    0 send buffer errors
    3 SYNs to LISTEN sockets dropped
    30540 fast retransmits
    643 retransmits in slow start

======================================== [52] 2025-12-03 18:50:13
=== Network Statistics ===
    20 outgoing packets dropped
    8 dropped because of missing route
    45952 segments retransmitted
    0 packet receive errors
    0 receive buffer errors
    0 send buffer errors
    3 SYNs to LISTEN sockets dropped
    30540 fast retransmits
    643 retransmits in slow start

======================================== [54] 2025-12-03 18:50:26
=== Network Statistics ===
    20 outgoing packets dropped
    8 dropped because of missing route
    45952 segments retransmitted
    0 packet receive errors
    0 receive buffer errors
    0 send buffer errors
    3 SYNs to LISTEN sockets dropped
    30540 fast retransmits
    643 retransmits in slow start

======================================== [56] 2025-12-03 18:50:40
=== Network Statistics ===
    20 outgoing packets dropped
    8 dropped because of missing route
    45952 segments retransmitted
    0 packet receive errors
    0 receive buffer errors
    0 send buffer errors
    3 SYNs to LISTEN sockets dropped
    30540 fast retransmits
    643 retransmits in slow start

======================================== [58] 2025-12-03 18:50:54
=== Network Statistics ===
    20 outgoing packets dropped
    8 dropped because of missing route
    45952 segments retransmitted
    0 packet receive errors
    0 receive buffer errors
    0 send buffer errors
    3 SYNs to LISTEN sockets dropped
    30540 fast retransmits
    643 retransmits in slow start

======================================== [60] 2025-12-03 18:51:07
=== Network Statistics ===
    20 outgoing packets dropped
    8 dropped because of missing route
    45952 segments retransmitted
    0 packet receive errors
    0 receive buffer errors
    0 send buffer errors
    3 SYNs to LISTEN sockets dropped
    30540 fast retransmits
    643 retransmits in slow start

======================================== [62] 2025-12-03 18:51:21
=== Network Statistics ===
    20 outgoing packets dropped
    8 dropped because of missing route
    45952 segments retransmitted
    0 packet receive errors
    0 receive buffer errors
    0 send buffer errors
    3 SYNs to LISTEN sockets dropped
    30540 fast retransmits
    643 retransmits in slow start

======================================== [64] 2025-12-03 18:51:35
=== Network Statistics ===
    20 outgoing packets dropped
    8 dropped because of missing route
    45952 segments retransmitted
    0 packet receive errors
    0 receive buffer errors
    0 send buffer errors
    3 SYNs to LISTEN sockets dropped
    30540 fast retransmits
    643 retransmits in slow start

======================================== [66] 2025-12-03 18:51:48
=== Network Statistics ===
    20 outgoing packets dropped
    8 dropped because of missing route
    45952 segments retransmitted
    0 packet receive errors
    0 receive buffer errors
    0 send buffer errors
    3 SYNs to LISTEN sockets dropped
    30540 fast retransmits
    643 retransmits in slow start

