======================================== [2] 2025-12-02 17:12:44
=== Network Statistics ===
    20 outgoing packets dropped
    5 dropped because of missing route
    3604 segments retransmitted
    0 packet receive errors
    0 receive buffer errors
    0 send buffer errors
    3 SYNs to LISTEN sockets dropped
    98 fast retransmits
    12 retransmits in slow start

======================================== [4] 2025-12-02 17:12:58
=== Network Statistics ===
    20 outgoing packets dropped
    5 dropped because of missing route
    3604 segments retransmitted
    0 packet receive errors
    0 receive buffer errors
    0 send buffer errors
    3 SYNs to LISTEN sockets dropped
    98 fast retransmits
    12 retransmits in slow start

======================================== [6] 2025-12-02 17:13:11
=== Network Statistics ===
    20 outgoing packets dropped
    5 dropped because of missing route
    3605 segments retransmitted
    0 packet receive errors
    0 receive buffer errors
    0 send buffer errors
    3 SYNs to LISTEN sockets dropped
    98 fast retransmits
    12 retransmits in slow start

======================================== [8] 2025-12-02 17:13:25
=== Network Statistics ===
    20 outgoing packets dropped
    5 dropped because of missing route
    3606 segments retransmitted
    0 packet receive errors
    0 receive buffer errors
    0 send buffer errors
    3 SYNs to LISTEN sockets dropped
    98 fast retransmits
    12 retransmits in slow start

======================================== [10] 2025-12-02 17:13:39
=== Network Statistics ===
    20 outgoing packets dropped
    5 dropped because of missing route
    3606 segments retransmitted
    0 packet receive errors
    0 receive buffer errors
    0 send buffer errors
    3 SYNs to LISTEN sockets dropped
    98 fast retransmits
    12 retransmits in slow start

======================================== [12] 2025-12-02 17:13:53
=== Network Statistics ===
    20 outgoing packets dropped
    5 dropped because of missing route
    3606 segments retransmitted
    0 packet receive errors
    0 receive buffer errors
    0 send buffer errors
    3 SYNs to LISTEN sockets dropped
    98 fast retransmits
    12 retransmits in slow start

======================================== [14] 2025-12-02 17:14:07
=== Network Statistics ===
    20 outgoing packets dropped
    5 dropped because of missing route
    3606 segments retransmitted
    0 packet receive errors
    0 receive buffer errors
    0 send buffer errors
    3 SYNs to LISTEN sockets dropped
    98 fast retransmits
    12 retransmits in slow start

======================================== [16] 2025-12-02 17:14:21
=== Network Statistics ===
    20 outgoing packets dropped
    5 dropped because of missing route
    3606 segments retransmitted
    0 packet receive errors
    0 receive buffer errors
    0 send buffer errors
    3 SYNs to LISTEN sockets dropped
    98 fast retransmits
    12 retransmits in slow start

======================================== [18] 2025-12-02 17:14:34
=== Network Statistics ===
    20 outgoing packets dropped
    5 dropped because of missing route
    3606 segments retransmitted
    0 packet receive errors
    0 receive buffer errors
    0 send buffer errors
    3 SYNs to LISTEN sockets dropped
    98 fast retransmits
    12 retransmits in slow start

======================================== [20] 2025-12-02 17:14:48
=== Network Statistics ===
    20 outgoing packets dropped
    5 dropped because of missing route
    3607 segments retransmitted
    0 packet receive errors
    0 receive buffer errors
    0 send buffer errors
    3 SYNs to LISTEN sockets dropped
    98 fast retransmits
    12 retransmits in slow start

======================================== [22] 2025-12-02 17:15:02
=== Network Statistics ===
    20 outgoing packets dropped
    5 dropped because of missing route
    3607 segments retransmitted
    0 packet receive errors
    0 receive buffer errors
    0 send buffer errors
    3 SYNs to LISTEN sockets dropped
    98 fast retransmits
    12 retransmits in slow start

======================================== [24] 2025-12-02 17:15:15
=== Network Statistics ===
    20 outgoing packets dropped
    5 dropped because of missing route
    3607 segments retransmitted
    0 packet receive errors
    0 receive buffer errors
    0 send buffer errors
    3 SYNs to LISTEN sockets dropped
    98 fast retransmits
    12 retransmits in slow start

======================================== [26] 2025-12-02 17:15:29
=== Network Statistics ===
    20 outgoing packets dropped
    5 dropped because of missing route
    3607 segments retransmitted
    0 packet receive errors
    0 receive buffer errors
    0 send buffer errors
    3 SYNs to LISTEN sockets dropped
    98 fast retransmits
    12 retransmits in slow start

======================================== [28] 2025-12-02 17:15:43
=== Network Statistics ===
    20 outgoing packets dropped
    5 dropped because of missing route
    3607 segments retransmitted
    0 packet receive errors
    0 receive buffer errors
    0 send buffer errors
    3 SYNs to LISTEN sockets dropped
    98 fast retransmits
    12 retransmits in slow start

======================================== [30] 2025-12-02 17:15:56
=== Network Statistics ===
    20 outgoing packets dropped
    5 dropped because of missing route
    3608 segments retransmitted
    0 packet receive errors
    0 receive buffer errors
    0 send buffer errors
    3 SYNs to LISTEN sockets dropped
    98 fast retransmits
    12 retransmits in slow start

======================================== [32] 2025-12-02 17:16:10
=== Network Statistics ===
    20 outgoing packets dropped
    5 dropped because of missing route
    3608 segments retransmitted
    0 packet receive errors
    0 receive buffer errors
    0 send buffer errors
    3 SYNs to LISTEN sockets dropped
    98 fast retransmits
    12 retransmits in slow start

======================================== [34] 2025-12-02 17:16:24
=== Network Statistics ===
    20 outgoing packets dropped
    5 dropped because of missing route
    3609 segments retransmitted
    0 packet receive errors
    0 receive buffer errors
    0 send buffer errors
    3 SYNs to LISTEN sockets dropped
    98 fast retransmits
    12 retransmits in slow start

======================================== [36] 2025-12-02 17:16:37
=== Network Statistics ===
    20 outgoing packets dropped
    5 dropped because of missing route
    3610 segments retransmitted
    0 packet receive errors
    0 receive buffer errors
    0 send buffer errors
    3 SYNs to LISTEN sockets dropped
    98 fast retransmits
    12 retransmits in slow start

======================================== [38] 2025-12-02 17:16:51
=== Network Statistics ===
    20 outgoing packets dropped
    5 dropped because of missing route
    3610 segments retransmitted
    0 packet receive errors
    0 receive buffer errors
    0 send buffer errors
    3 SYNs to LISTEN sockets dropped
    98 fast retransmits
    12 retransmits in slow start

======================================== [40] 2025-12-02 17:17:05
=== Network Statistics ===
    20 outgoing packets dropped
    5 dropped because of missing route
    3610 segments retransmitted
    0 packet receive errors
    0 receive buffer errors
    0 send buffer errors
    3 SYNs to LISTEN sockets dropped
    98 fast retransmits
    12 retransmits in slow start

======================================== [42] 2025-12-02 17:17:19
=== Network Statistics ===
    20 outgoing packets dropped
    5 dropped because of missing route
    3610 segments retransmitted
    0 packet receive errors
    0 receive buffer errors
    0 send buffer errors
    3 SYNs to LISTEN sockets dropped
    98 fast retransmits
    12 retransmits in slow start

======================================== [44] 2025-12-02 17:17:33
=== Network Statistics ===
    20 outgoing packets dropped
    5 dropped because of missing route
    3610 segments retransmitted
    0 packet receive errors
    0 receive buffer errors
    0 send buffer errors
    3 SYNs to LISTEN sockets dropped
    98 fast retransmits
    12 retransmits in slow start

======================================== [46] 2025-12-02 17:17:47
=== Network Statistics ===
    20 outgoing packets dropped
    5 dropped because of missing route
    3610 segments retransmitted
    0 packet receive errors
    0 receive buffer errors
    0 send buffer errors
    3 SYNs to LISTEN sockets dropped
    98 fast retransmits
    12 retransmits in slow start

======================================== [48] 2025-12-02 17:18:00
=== Network Statistics ===
    20 outgoing packets dropped
    5 dropped because of missing route
    3610 segments retransmitted
    0 packet receive errors
    0 receive buffer errors
    0 send buffer errors
    3 SYNs to LISTEN sockets dropped
    98 fast retransmits
    12 retransmits in slow start

======================================== [50] 2025-12-02 17:18:14
=== Network Statistics ===
    20 outgoing packets dropped
    5 dropped because of missing route
    3610 segments retransmitted
    0 packet receive errors
    0 receive buffer errors
    0 send buffer errors
    3 SYNs to LISTEN sockets dropped
    98 fast retransmits
    12 retransmits in slow start

======================================== [52] 2025-12-02 17:18:27
=== Network Statistics ===
    20 outgoing packets dropped
    5 dropped because of missing route
    3610 segments retransmitted
    0 packet receive errors
    0 receive buffer errors
    0 send buffer errors
    3 SYNs to LISTEN sockets dropped
    98 fast retransmits
    12 retransmits in slow start

======================================== [54] 2025-12-02 17:18:41
=== Network Statistics ===
    20 outgoing packets dropped
    5 dropped because of missing route
    3610 segments retransmitted
    0 packet receive errors
    0 receive buffer errors
    0 send buffer errors
    3 SYNs to LISTEN sockets dropped
    98 fast retransmits
    12 retransmits in slow start

======================================== [56] 2025-12-02 17:18:54
=== Network Statistics ===
    20 outgoing packets dropped
    5 dropped because of missing route
    3610 segments retransmitted
    0 packet receive errors
    0 receive buffer errors
    0 send buffer errors
    3 SYNs to LISTEN sockets dropped
    98 fast retransmits
    12 retransmits in slow start

======================================== [58] 2025-12-02 17:19:08
=== Network Statistics ===
    20 outgoing packets dropped
    5 dropped because of missing route
    3610 segments retransmitted
    0 packet receive errors
    0 receive buffer errors
    0 send buffer errors
    3 SYNs to LISTEN sockets dropped
    98 fast retransmits
    12 retransmits in slow start

======================================== [60] 2025-12-02 17:19:21
=== Network Statistics ===
    20 outgoing packets dropped
    5 dropped because of missing route
    3610 segments retransmitted
    0 packet receive errors
    0 receive buffer errors
    0 send buffer errors
    3 SYNs to LISTEN sockets dropped
    98 fast retransmits
    12 retransmits in slow start

======================================== [62] 2025-12-02 17:19:35
=== Network Statistics ===
    20 outgoing packets dropped
    5 dropped because of missing route
    3610 segments retransmitted
    0 packet receive errors
    0 receive buffer errors
    0 send buffer errors
    3 SYNs to LISTEN sockets dropped
    98 fast retransmits
    12 retransmits in slow start

======================================== [64] 2025-12-02 17:19:49
=== Network Statistics ===
    20 outgoing packets dropped
    5 dropped because of missing route
    3610 segments retransmitted
    0 packet receive errors
    0 receive buffer errors
    0 send buffer errors
    3 SYNs to LISTEN sockets dropped
    98 fast retransmits
    12 retransmits in slow start

======================================== [66] 2025-12-02 17:20:02
=== Network Statistics ===
    20 outgoing packets dropped
    5 dropped because of missing route
    3610 segments retransmitted
    0 packet receive errors
    0 receive buffer errors
    0 send buffer errors
    3 SYNs to LISTEN sockets dropped
    98 fast retransmits
    12 retransmits in slow start

