======================================== [2] 2025-12-05 11:19:52
=== Network Statistics ===
    29 dropped because of missing route
    1722 segments retransmitted
    0 packet receive errors
    0 receive buffer errors
    0 send buffer errors
    7 fast retransmits

======================================== [4] 2025-12-05 11:20:06
=== Network Statistics ===
    29 dropped because of missing route
    1722 segments retransmitted
    0 packet receive errors
    0 receive buffer errors
    0 send buffer errors
    7 fast retransmits

======================================== [6] 2025-12-05 11:20:20
=== Network Statistics ===
    29 dropped because of missing route
    1724 segments retransmitted
    0 packet receive errors
    0 receive buffer errors
    0 send buffer errors
    7 fast retransmits

======================================== [8] 2025-12-05 11:20:35
=== Network Statistics ===
    29 dropped because of missing route
    1725 segments retransmitted
    0 packet receive errors
    0 receive buffer errors
    0 send buffer errors
    7 fast retransmits

======================================== [10] 2025-12-05 11:20:49
=== Network Statistics ===
    29 dropped because of missing route
    1726 segments retransmitted
    0 packet receive errors
    0 receive buffer errors
    0 send buffer errors
    7 fast retransmits

======================================== [12] 2025-12-05 11:21:03
=== Network Statistics ===
    29 dropped because of missing route
    1727 segments retransmitted
    0 packet receive errors
    0 receive buffer errors
    0 send buffer errors
    7 fast retransmits

======================================== [14] 2025-12-05 11:21:18
=== Network Statistics ===
    29 dropped because of missing route
    1729 segments retransmitted
    0 packet receive errors
    0 receive buffer errors
    0 send buffer errors
    7 fast retransmits

======================================== [16] 2025-12-05 11:21:33
=== Network Statistics ===
    29 dropped because of missing route
    1731 segments retransmitted
    0 packet receive errors
    0 receive buffer errors
    0 send buffer errors
    7 fast retransmits

======================================== [18] 2025-12-05 11:21:47
=== Network Statistics ===
    29 dropped because of missing route
    1732 segments retransmitted
    0 packet receive errors
    0 receive buffer errors
    0 send buffer errors
    7 fast retransmits

======================================== [20] 2025-12-05 11:22:01
=== Network Statistics ===
    29 dropped because of missing route
    1734 segments retransmitted
    0 packet receive errors
    0 receive buffer errors
    0 send buffer errors
    7 fast retransmits

======================================== [22] 2025-12-05 11:22:15
=== Network Statistics ===
    29 dropped because of missing route
    1743 segments retransmitted
    0 packet receive errors
    0 receive buffer errors
    0 send buffer errors
    7 fast retransmits

======================================== [24] 2025-12-05 11:22:29
=== Network Statistics ===
    29 dropped because of missing route
    1753 segments retransmitted
    0 packet receive errors
    0 receive buffer errors
    0 send buffer errors
    7 fast retransmits

======================================== [26] 2025-12-05 11:22:44
=== Network Statistics ===
    29 dropped because of missing route
    1753 segments retransmitted
    0 packet receive errors
    0 receive buffer errors
    0 send buffer errors
    7 fast retransmits

======================================== [28] 2025-12-05 11:22:58
=== Network Statistics ===
    29 dropped because of missing route
    1753 segments retransmitted
    0 packet receive errors
    0 receive buffer errors
    0 send buffer errors
    7 fast retransmits

======================================== [30] 2025-12-05 11:23:12
=== Network Statistics ===
    29 dropped because of missing route
    1756 segments retransmitted
    0 packet receive errors
    0 receive buffer errors
    0 send buffer errors
    7 fast retransmits

======================================== [32] 2025-12-05 11:23:26
=== Network Statistics ===
    29 dropped because of missing route
    1758 segments retransmitted
    0 packet receive errors
    0 receive buffer errors
    0 send buffer errors
    7 fast retransmits

======================================== [34] 2025-12-05 11:23:41
=== Network Statistics ===
    29 dropped because of missing route
    1760 segments retransmitted
    0 packet receive errors
    0 receive buffer errors
    0 send buffer errors
    8 fast retransmits

======================================== [36] 2025-12-05 11:23:54
=== Network Statistics ===
    29 dropped because of missing route
    1761 segments retransmitted
    0 packet receive errors
    0 receive buffer errors
    0 send buffer errors
    8 fast retransmits

======================================== [38] 2025-12-05 11:24:08
=== Network Statistics ===
    29 dropped because of missing route
    1761 segments retransmitted
    0 packet receive errors
    0 receive buffer errors
    0 send buffer errors
    8 fast retransmits

======================================== [40] 2025-12-05 11:24:23
=== Network Statistics ===
    29 dropped because of missing route
    1763 segments retransmitted
    0 packet receive errors
    0 receive buffer errors
    0 send buffer errors
    8 fast retransmits

======================================== [42] 2025-12-05 11:24:37
=== Network Statistics ===
    29 dropped because of missing route
    1764 segments retransmitted
    0 packet receive errors
    0 receive buffer errors
    0 send buffer errors
    8 fast retransmits

======================================== [44] 2025-12-05 11:24:51
=== Network Statistics ===
    29 dropped because of missing route
    1765 segments retransmitted
    0 packet receive errors
    0 receive buffer errors
    0 send buffer errors
    8 fast retransmits

======================================== [46] 2025-12-05 11:25:05
=== Network Statistics ===
    29 dropped because of missing route
    1765 segments retransmitted
    0 packet receive errors
    0 receive buffer errors
    0 send buffer errors
    8 fast retransmits

======================================== [48] 2025-12-05 11:25:18
=== Network Statistics ===
    29 dropped because of missing route
    1765 segments retransmitted
    0 packet receive errors
    0 receive buffer errors
    0 send buffer errors
    8 fast retransmits

======================================== [50] 2025-12-05 11:25:32
=== Network Statistics ===
    29 dropped because of missing route
    1765 segments retransmitted
    0 packet receive errors
    0 receive buffer errors
    0 send buffer errors
    8 fast retransmits

======================================== [52] 2025-12-05 11:25:46
=== Network Statistics ===
    29 dropped because of missing route
    1765 segments retransmitted
    0 packet receive errors
    0 receive buffer errors
    0 send buffer errors
    8 fast retransmits

======================================== [54] 2025-12-05 11:25:59
=== Network Statistics ===
    29 dropped because of missing route
    1765 segments retransmitted
    0 packet receive errors
    0 receive buffer errors
    0 send buffer errors
    8 fast retransmits

======================================== [56] 2025-12-05 11:26:13
=== Network Statistics ===
    29 dropped because of missing route
    1765 segments retransmitted
    0 packet receive errors
    0 receive buffer errors
    0 send buffer errors
    8 fast retransmits

======================================== [58] 2025-12-05 11:26:27
=== Network Statistics ===
    29 dropped because of missing route
    1765 segments retransmitted
    0 packet receive errors
    0 receive buffer errors
    0 send buffer errors
    8 fast retransmits

======================================== [60] 2025-12-05 11:26:40
=== Network Statistics ===
    29 dropped because of missing route
    1765 segments retransmitted
    0 packet receive errors
    0 receive buffer errors
    0 send buffer errors
    8 fast retransmits

======================================== [62] 2025-12-05 11:26:54
=== Network Statistics ===
    29 dropped because of missing route
    1765 segments retransmitted
    0 packet receive errors
    0 receive buffer errors
    0 send buffer errors
    8 fast retransmits

======================================== [64] 2025-12-05 11:27:08
=== Network Statistics ===
    29 dropped because of missing route
    1765 segments retransmitted
    0 packet receive errors
    0 receive buffer errors
    0 send buffer errors
    8 fast retransmits

