======================================== [2] 2025-12-05 09:59:43
=== Network Statistics ===
    29 dropped because of missing route
    199 segments retransmitted
    0 packet receive errors
    0 receive buffer errors
    0 send buffer errors

======================================== [4] 2025-12-05 09:59:57
=== Network Statistics ===
    29 dropped because of missing route
    199 segments retransmitted
    0 packet receive errors
    0 receive buffer errors
    0 send buffer errors

======================================== [6] 2025-12-05 10:00:11
=== Network Statistics ===
    29 dropped because of missing route
    200 segments retransmitted
    0 packet receive errors
    0 receive buffer errors
    0 send buffer errors

======================================== [8] 2025-12-05 10:00:26
=== Network Statistics ===
    29 dropped because of missing route
    200 segments retransmitted
    0 packet receive errors
    0 receive buffer errors
    0 send buffer errors

======================================== [10] 2025-12-05 10:00:40
=== Network Statistics ===
    29 dropped because of missing route
    202 segments retransmitted
    0 packet receive errors
    0 receive buffer errors
    0 send buffer errors
    1 fast retransmits

======================================== [12] 2025-12-05 10:00:54
=== Network Statistics ===
    29 dropped because of missing route
    202 segments retransmitted
    0 packet receive errors
    0 receive buffer errors
    0 send buffer errors
    1 fast retransmits

======================================== [14] 2025-12-05 10:01:09
=== Network Statistics ===
    29 dropped because of missing route
    206 segments retransmitted
    0 packet receive errors
    0 receive buffer errors
    0 send buffer errors
    1 fast retransmits

======================================== [16] 2025-12-05 10:01:23
=== Network Statistics ===
    29 dropped because of missing route
    206 segments retransmitted
    0 packet receive errors
    0 receive buffer errors
    0 send buffer errors
    1 fast retransmits

======================================== [18] 2025-12-05 10:01:37
=== Network Statistics ===
    29 dropped because of missing route
    222 segments retransmitted
    0 packet receive errors
    0 receive buffer errors
    0 send buffer errors
    1 fast retransmits

======================================== [20] 2025-12-05 10:01:51
=== Network Statistics ===
    29 dropped because of missing route
    235 segments retransmitted
    0 packet receive errors
    0 receive buffer errors
    0 send buffer errors
    2 fast retransmits

======================================== [22] 2025-12-05 10:02:06
=== Network Statistics ===
    29 dropped because of missing route
    235 segments retransmitted
    0 packet receive errors
    0 receive buffer errors
    0 send buffer errors
    2 fast retransmits

======================================== [24] 2025-12-05 10:02:20
=== Network Statistics ===
    29 dropped because of missing route
    235 segments retransmitted
    0 packet receive errors
    0 receive buffer errors
    0 send buffer errors
    2 fast retransmits

======================================== [26] 2025-12-05 10:02:34
=== Network Statistics ===
    29 dropped because of missing route
    239 segments retransmitted
    0 packet receive errors
    0 receive buffer errors
    0 send buffer errors
    3 fast retransmits

======================================== [28] 2025-12-05 10:02:48
=== Network Statistics ===
    29 dropped because of missing route
    247 segments retransmitted
    0 packet receive errors
    0 receive buffer errors
    0 send buffer errors
    3 fast retransmits

======================================== [30] 2025-12-05 10:03:02
=== Network Statistics ===
    29 dropped because of missing route
    248 segments retransmitted
    0 packet receive errors
    0 receive buffer errors
    0 send buffer errors
    3 fast retransmits

======================================== [32] 2025-12-05 10:03:17
=== Network Statistics ===
    29 dropped because of missing route
    253 segments retransmitted
    0 packet receive errors
    0 receive buffer errors
    0 send buffer errors
    4 fast retransmits

======================================== [34] 2025-12-05 10:03:31
=== Network Statistics ===
    29 dropped because of missing route
    253 segments retransmitted
    0 packet receive errors
    0 receive buffer errors
    0 send buffer errors
    4 fast retransmits

======================================== [36] 2025-12-05 10:03:45
=== Network Statistics ===
    29 dropped because of missing route
    254 segments retransmitted
    0 packet receive errors
    0 receive buffer errors
    0 send buffer errors
    4 fast retransmits

======================================== [38] 2025-12-05 10:03:59
=== Network Statistics ===
    29 dropped because of missing route
    257 segments retransmitted
    0 packet receive errors
    0 receive buffer errors
    0 send buffer errors
    5 fast retransmits

======================================== [40] 2025-12-05 10:04:14
=== Network Statistics ===
    29 dropped because of missing route
    262 segments retransmitted
    0 packet receive errors
    0 receive buffer errors
    0 send buffer errors
    5 fast retransmits

======================================== [42] 2025-12-05 10:04:27
=== Network Statistics ===
    29 dropped because of missing route
    267 segments retransmitted
    0 packet receive errors
    0 receive buffer errors
    0 send buffer errors
    5 fast retransmits

======================================== [44] 2025-12-05 10:04:42
=== Network Statistics ===
    29 dropped because of missing route
    269 segments retransmitted
    0 packet receive errors
    0 receive buffer errors
    0 send buffer errors
    5 fast retransmits

======================================== [46] 2025-12-05 10:04:56
=== Network Statistics ===
    29 dropped because of missing route
    269 segments retransmitted
    0 packet receive errors
    0 receive buffer errors
    0 send buffer errors
    5 fast retransmits

======================================== [48] 2025-12-05 10:05:09
=== Network Statistics ===
    29 dropped because of missing route
    269 segments retransmitted
    0 packet receive errors
    0 receive buffer errors
    0 send buffer errors
    5 fast retransmits

======================================== [50] 2025-12-05 10:05:23
=== Network Statistics ===
    29 dropped because of missing route
    269 segments retransmitted
    0 packet receive errors
    0 receive buffer errors
    0 send buffer errors
    5 fast retransmits

======================================== [52] 2025-12-05 10:05:37
=== Network Statistics ===
    29 dropped because of missing route
    269 segments retransmitted
    0 packet receive errors
    0 receive buffer errors
    0 send buffer errors
    5 fast retransmits

======================================== [54] 2025-12-05 10:05:50
=== Network Statistics ===
    29 dropped because of missing route
    269 segments retransmitted
    0 packet receive errors
    0 receive buffer errors
    0 send buffer errors
    5 fast retransmits

======================================== [56] 2025-12-05 10:06:04
=== Network Statistics ===
    29 dropped because of missing route
    269 segments retransmitted
    0 packet receive errors
    0 receive buffer errors
    0 send buffer errors
    5 fast retransmits

======================================== [58] 2025-12-05 10:06:18
=== Network Statistics ===
    29 dropped because of missing route
    269 segments retransmitted
    0 packet receive errors
    0 receive buffer errors
    0 send buffer errors
    5 fast retransmits

======================================== [60] 2025-12-05 10:06:31
=== Network Statistics ===
    29 dropped because of missing route
    269 segments retransmitted
    0 packet receive errors
    0 receive buffer errors
    0 send buffer errors
    5 fast retransmits

======================================== [62] 2025-12-05 10:06:45
=== Network Statistics ===
    29 dropped because of missing route
    269 segments retransmitted
    0 packet receive errors
    0 receive buffer errors
    0 send buffer errors
    5 fast retransmits

======================================== [64] 2025-12-05 10:06:59
=== Network Statistics ===
    29 dropped because of missing route
    269 segments retransmitted
    0 packet receive errors
    0 receive buffer errors
    0 send buffer errors
    5 fast retransmits

