======================================== [2] 2025-12-03 14:49:29
=== Network Statistics ===
    20 outgoing packets dropped
    6 dropped because of missing route
    45908 segments retransmitted
    0 packet receive errors
    0 receive buffer errors
    0 send buffer errors
    3 SYNs to LISTEN sockets dropped
    30539 fast retransmits
    643 retransmits in slow start

======================================== [4] 2025-12-03 14:49:43
=== Network Statistics ===
    20 outgoing packets dropped
    6 dropped because of missing route
    45908 segments retransmitted
    0 packet receive errors
    0 receive buffer errors
    0 send buffer errors
    3 SYNs to LISTEN sockets dropped
    30539 fast retransmits
    643 retransmits in slow start

======================================== [6] 2025-12-03 14:49:56
=== Network Statistics ===
    20 outgoing packets dropped
    6 dropped because of missing route
    45909 segments retransmitted
    0 packet receive errors
    0 receive buffer errors
    0 send buffer errors
    3 SYNs to LISTEN sockets dropped
    30539 fast retransmits
    643 retransmits in slow start

======================================== [8] 2025-12-03 14:50:10
=== Network Statistics ===
    20 outgoing packets dropped
    6 dropped because of missing route
    45909 segments retransmitted
    0 packet receive errors
    0 receive buffer errors
    0 send buffer errors
    3 SYNs to LISTEN sockets dropped
    30539 fast retransmits
    643 retransmits in slow start

======================================== [10] 2025-12-03 14:50:24
=== Network Statistics ===
    20 outgoing packets dropped
    6 dropped because of missing route
    45909 segments retransmitted
    0 packet receive errors
    0 receive buffer errors
    0 send buffer errors
    3 SYNs to LISTEN sockets dropped
    30539 fast retransmits
    643 retransmits in slow start

======================================== [12] 2025-12-03 14:50:38
=== Network Statistics ===
    20 outgoing packets dropped
    6 dropped because of missing route
    45909 segments retransmitted
    0 packet receive errors
    0 receive buffer errors
    0 send buffer errors
    3 SYNs to LISTEN sockets dropped
    30539 fast retransmits
    643 retransmits in slow start

======================================== [14] 2025-12-03 14:50:51
=== Network Statistics ===
    20 outgoing packets dropped
    6 dropped because of missing route
    45909 segments retransmitted
    0 packet receive errors
    0 receive buffer errors
    0 send buffer errors
    3 SYNs to LISTEN sockets dropped
    30539 fast retransmits
    643 retransmits in slow start

======================================== [16] 2025-12-03 14:51:05
=== Network Statistics ===
    20 outgoing packets dropped
    6 dropped because of missing route
    45909 segments retransmitted
    0 packet receive errors
    0 receive buffer errors
    0 send buffer errors
    3 SYNs to LISTEN sockets dropped
    30539 fast retransmits
    643 retransmits in slow start

======================================== [18] 2025-12-03 14:51:19
=== Network Statistics ===
    20 outgoing packets dropped
    6 dropped because of missing route
    45910 segments retransmitted
    0 packet receive errors
    0 receive buffer errors
    0 send buffer errors
    3 SYNs to LISTEN sockets dropped
    30539 fast retransmits
    643 retransmits in slow start

======================================== [20] 2025-12-03 14:51:33
=== Network Statistics ===
    20 outgoing packets dropped
    6 dropped because of missing route
    45910 segments retransmitted
    0 packet receive errors
    0 receive buffer errors
    0 send buffer errors
    3 SYNs to LISTEN sockets dropped
    30539 fast retransmits
    643 retransmits in slow start

======================================== [22] 2025-12-03 14:51:47
=== Network Statistics ===
    20 outgoing packets dropped
    6 dropped because of missing route
    45911 segments retransmitted
    0 packet receive errors
    0 receive buffer errors
    0 send buffer errors
    3 SYNs to LISTEN sockets dropped
    30539 fast retransmits
    643 retransmits in slow start

======================================== [24] 2025-12-03 14:52:00
=== Network Statistics ===
    20 outgoing packets dropped
    6 dropped because of missing route
    45911 segments retransmitted
    0 packet receive errors
    0 receive buffer errors
    0 send buffer errors
    3 SYNs to LISTEN sockets dropped
    30539 fast retransmits
    643 retransmits in slow start

======================================== [26] 2025-12-03 14:52:14
=== Network Statistics ===
    20 outgoing packets dropped
    6 dropped because of missing route
    45911 segments retransmitted
    0 packet receive errors
    0 receive buffer errors
    0 send buffer errors
    3 SYNs to LISTEN sockets dropped
    30539 fast retransmits
    643 retransmits in slow start

======================================== [28] 2025-12-03 14:52:28
=== Network Statistics ===
    20 outgoing packets dropped
    6 dropped because of missing route
    45911 segments retransmitted
    0 packet receive errors
    0 receive buffer errors
    0 send buffer errors
    3 SYNs to LISTEN sockets dropped
    30539 fast retransmits
    643 retransmits in slow start

======================================== [30] 2025-12-03 14:52:41
=== Network Statistics ===
    20 outgoing packets dropped
    6 dropped because of missing route
    45911 segments retransmitted
    0 packet receive errors
    0 receive buffer errors
    0 send buffer errors
    3 SYNs to LISTEN sockets dropped
    30539 fast retransmits
    643 retransmits in slow start

======================================== [32] 2025-12-03 14:52:55
=== Network Statistics ===
    20 outgoing packets dropped
    6 dropped because of missing route
    45911 segments retransmitted
    0 packet receive errors
    0 receive buffer errors
    0 send buffer errors
    3 SYNs to LISTEN sockets dropped
    30539 fast retransmits
    643 retransmits in slow start

======================================== [34] 2025-12-03 14:53:09
=== Network Statistics ===
    20 outgoing packets dropped
    6 dropped because of missing route
    45911 segments retransmitted
    0 packet receive errors
    0 receive buffer errors
    0 send buffer errors
    3 SYNs to LISTEN sockets dropped
    30539 fast retransmits
    643 retransmits in slow start

======================================== [36] 2025-12-03 14:53:22
=== Network Statistics ===
    20 outgoing packets dropped
    6 dropped because of missing route
    45912 segments retransmitted
    0 packet receive errors
    0 receive buffer errors
    0 send buffer errors
    3 SYNs to LISTEN sockets dropped
    30540 fast retransmits
    643 retransmits in slow start

======================================== [38] 2025-12-03 14:53:36
=== Network Statistics ===
    20 outgoing packets dropped
    6 dropped because of missing route
    45914 segments retransmitted
    0 packet receive errors
    0 receive buffer errors
    0 send buffer errors
    3 SYNs to LISTEN sockets dropped
    30540 fast retransmits
    643 retransmits in slow start

======================================== [40] 2025-12-03 14:53:50
=== Network Statistics ===
    20 outgoing packets dropped
    6 dropped because of missing route
    45914 segments retransmitted
    0 packet receive errors
    0 receive buffer errors
    0 send buffer errors
    3 SYNs to LISTEN sockets dropped
    30540 fast retransmits
    643 retransmits in slow start

======================================== [42] 2025-12-03 14:54:04
=== Network Statistics ===
    20 outgoing packets dropped
    6 dropped because of missing route
    45914 segments retransmitted
    0 packet receive errors
    0 receive buffer errors
    0 send buffer errors
    3 SYNs to LISTEN sockets dropped
    30540 fast retransmits
    643 retransmits in slow start

======================================== [44] 2025-12-03 14:54:17
=== Network Statistics ===
    20 outgoing packets dropped
    6 dropped because of missing route
    45914 segments retransmitted
    0 packet receive errors
    0 receive buffer errors
    0 send buffer errors
    3 SYNs to LISTEN sockets dropped
    30540 fast retransmits
    643 retransmits in slow start

======================================== [46] 2025-12-03 14:54:31
=== Network Statistics ===
    20 outgoing packets dropped
    6 dropped because of missing route
    45914 segments retransmitted
    0 packet receive errors
    0 receive buffer errors
    0 send buffer errors
    3 SYNs to LISTEN sockets dropped
    30540 fast retransmits
    643 retransmits in slow start

======================================== [48] 2025-12-03 14:54:45
=== Network Statistics ===
    20 outgoing packets dropped
    6 dropped because of missing route
    45914 segments retransmitted
    0 packet receive errors
    0 receive buffer errors
    0 send buffer errors
    3 SYNs to LISTEN sockets dropped
    30540 fast retransmits
    643 retransmits in slow start

======================================== [50] 2025-12-03 14:54:58
=== Network Statistics ===
    20 outgoing packets dropped
    6 dropped because of missing route
    45914 segments retransmitted
    0 packet receive errors
    0 receive buffer errors
    0 send buffer errors
    3 SYNs to LISTEN sockets dropped
    30540 fast retransmits
    643 retransmits in slow start

======================================== [52] 2025-12-03 14:55:12
=== Network Statistics ===
    20 outgoing packets dropped
    6 dropped because of missing route
    45914 segments retransmitted
    0 packet receive errors
    0 receive buffer errors
    0 send buffer errors
    3 SYNs to LISTEN sockets dropped
    30540 fast retransmits
    643 retransmits in slow start

======================================== [54] 2025-12-03 14:55:25
=== Network Statistics ===
    20 outgoing packets dropped
    6 dropped because of missing route
    45914 segments retransmitted
    0 packet receive errors
    0 receive buffer errors
    0 send buffer errors
    3 SYNs to LISTEN sockets dropped
    30540 fast retransmits
    643 retransmits in slow start

======================================== [56] 2025-12-03 14:55:39
=== Network Statistics ===
    20 outgoing packets dropped
    6 dropped because of missing route
    45914 segments retransmitted
    0 packet receive errors
    0 receive buffer errors
    0 send buffer errors
    3 SYNs to LISTEN sockets dropped
    30540 fast retransmits
    643 retransmits in slow start

======================================== [58] 2025-12-03 14:55:53
=== Network Statistics ===
    20 outgoing packets dropped
    6 dropped because of missing route
    45914 segments retransmitted
    0 packet receive errors
    0 receive buffer errors
    0 send buffer errors
    3 SYNs to LISTEN sockets dropped
    30540 fast retransmits
    643 retransmits in slow start

======================================== [60] 2025-12-03 14:56:06
=== Network Statistics ===
    20 outgoing packets dropped
    6 dropped because of missing route
    45914 segments retransmitted
    0 packet receive errors
    0 receive buffer errors
    0 send buffer errors
    3 SYNs to LISTEN sockets dropped
    30540 fast retransmits
    643 retransmits in slow start

======================================== [62] 2025-12-03 14:56:20
=== Network Statistics ===
    20 outgoing packets dropped
    6 dropped because of missing route
    45914 segments retransmitted
    0 packet receive errors
    0 receive buffer errors
    0 send buffer errors
    3 SYNs to LISTEN sockets dropped
    30540 fast retransmits
    643 retransmits in slow start

======================================== [64] 2025-12-03 14:56:34
=== Network Statistics ===
    20 outgoing packets dropped
    6 dropped because of missing route
    45914 segments retransmitted
    0 packet receive errors
    0 receive buffer errors
    0 send buffer errors
    3 SYNs to LISTEN sockets dropped
    30540 fast retransmits
    643 retransmits in slow start

======================================== [66] 2025-12-03 14:56:47
=== Network Statistics ===
    20 outgoing packets dropped
    6 dropped because of missing route
    45914 segments retransmitted
    0 packet receive errors
    0 receive buffer errors
    0 send buffer errors
    3 SYNs to LISTEN sockets dropped
    30540 fast retransmits
    643 retransmits in slow start

