======================================== [2] 2025-12-04 16:48:49
=== Network Statistics ===
    20 outgoing packets dropped
    8 dropped because of missing route
    47090 segments retransmitted
    0 packet receive errors
    0 receive buffer errors
    0 send buffer errors
    3 SYNs to LISTEN sockets dropped
    31321 fast retransmits
    671 retransmits in slow start

======================================== [4] 2025-12-04 16:49:04
=== Network Statistics ===
    20 outgoing packets dropped
    8 dropped because of missing route
    47094 segments retransmitted
    0 packet receive errors
    0 receive buffer errors
    0 send buffer errors
    3 SYNs to LISTEN sockets dropped
    31321 fast retransmits
    671 retransmits in slow start

======================================== [6] 2025-12-04 16:49:18
=== Network Statistics ===
    20 outgoing packets dropped
    8 dropped because of missing route
    47101 segments retransmitted
    0 packet receive errors
    0 receive buffer errors
    0 send buffer errors
    3 SYNs to LISTEN sockets dropped
    31321 fast retransmits
    671 retransmits in slow start

======================================== [8] 2025-12-04 16:49:32
=== Network Statistics ===
    20 outgoing packets dropped
    8 dropped because of missing route
    47104 segments retransmitted
    0 packet receive errors
    0 receive buffer errors
    0 send buffer errors
    3 SYNs to LISTEN sockets dropped
    31321 fast retransmits
    671 retransmits in slow start

======================================== [10] 2025-12-04 16:49:47
=== Network Statistics ===
    20 outgoing packets dropped
    8 dropped because of missing route
    47110 segments retransmitted
    0 packet receive errors
    0 receive buffer errors
    0 send buffer errors
    3 SYNs to LISTEN sockets dropped
    31321 fast retransmits
    671 retransmits in slow start

======================================== [12] 2025-12-04 16:50:01
=== Network Statistics ===
    20 outgoing packets dropped
    8 dropped because of missing route
    47117 segments retransmitted
    0 packet receive errors
    0 receive buffer errors
    0 send buffer errors
    3 SYNs to LISTEN sockets dropped
    31321 fast retransmits
    671 retransmits in slow start

======================================== [14] 2025-12-04 16:50:16
=== Network Statistics ===
    20 outgoing packets dropped
    8 dropped because of missing route
    47127 segments retransmitted
    0 packet receive errors
    0 receive buffer errors
    0 send buffer errors
    3 SYNs to LISTEN sockets dropped
    31321 fast retransmits
    671 retransmits in slow start

======================================== [16] 2025-12-04 16:50:30
=== Network Statistics ===
    20 outgoing packets dropped
    8 dropped because of missing route
    47132 segments retransmitted
    0 packet receive errors
    0 receive buffer errors
    0 send buffer errors
    3 SYNs to LISTEN sockets dropped
    31321 fast retransmits
    671 retransmits in slow start

======================================== [18] 2025-12-04 16:50:44
=== Network Statistics ===
    20 outgoing packets dropped
    8 dropped because of missing route
    47135 segments retransmitted
    0 packet receive errors
    0 receive buffer errors
    0 send buffer errors
    3 SYNs to LISTEN sockets dropped
    31321 fast retransmits
    671 retransmits in slow start

======================================== [20] 2025-12-04 16:50:59
=== Network Statistics ===
    20 outgoing packets dropped
    8 dropped because of missing route
    47137 segments retransmitted
    0 packet receive errors
    0 receive buffer errors
    0 send buffer errors
    3 SYNs to LISTEN sockets dropped
    31321 fast retransmits
    671 retransmits in slow start

======================================== [22] 2025-12-04 16:51:14
=== Network Statistics ===
    20 outgoing packets dropped
    8 dropped because of missing route
    47141 segments retransmitted
    0 packet receive errors
    0 receive buffer errors
    0 send buffer errors
    3 SYNs to LISTEN sockets dropped
    31321 fast retransmits
    671 retransmits in slow start

======================================== [24] 2025-12-04 16:51:27
=== Network Statistics ===
    20 outgoing packets dropped
    8 dropped because of missing route
    47142 segments retransmitted
    0 packet receive errors
    0 receive buffer errors
    0 send buffer errors
    3 SYNs to LISTEN sockets dropped
    31321 fast retransmits
    671 retransmits in slow start

======================================== [26] 2025-12-04 16:51:42
=== Network Statistics ===
    20 outgoing packets dropped
    8 dropped because of missing route
    47144 segments retransmitted
    0 packet receive errors
    0 receive buffer errors
    0 send buffer errors
    3 SYNs to LISTEN sockets dropped
    31321 fast retransmits
    671 retransmits in slow start

======================================== [28] 2025-12-04 16:51:56
=== Network Statistics ===
    20 outgoing packets dropped
    8 dropped because of missing route
    47147 segments retransmitted
    0 packet receive errors
    0 receive buffer errors
    0 send buffer errors
    3 SYNs to LISTEN sockets dropped
    31321 fast retransmits
    671 retransmits in slow start

======================================== [30] 2025-12-04 16:52:10
=== Network Statistics ===
    20 outgoing packets dropped
    8 dropped because of missing route
    47155 segments retransmitted
    0 packet receive errors
    0 receive buffer errors
    0 send buffer errors
    3 SYNs to LISTEN sockets dropped
    31321 fast retransmits
    671 retransmits in slow start

======================================== [32] 2025-12-04 16:52:24
=== Network Statistics ===
    20 outgoing packets dropped
    8 dropped because of missing route
    47159 segments retransmitted
    0 packet receive errors
    0 receive buffer errors
    0 send buffer errors
    3 SYNs to LISTEN sockets dropped
    31321 fast retransmits
    671 retransmits in slow start

======================================== [34] 2025-12-04 16:52:39
=== Network Statistics ===
    20 outgoing packets dropped
    8 dropped because of missing route
    47161 segments retransmitted
    0 packet receive errors
    0 receive buffer errors
    0 send buffer errors
    3 SYNs to LISTEN sockets dropped
    31321 fast retransmits
    671 retransmits in slow start

======================================== [36] 2025-12-04 16:52:53
=== Network Statistics ===
    20 outgoing packets dropped
    8 dropped because of missing route
    47166 segments retransmitted
    0 packet receive errors
    0 receive buffer errors
    0 send buffer errors
    3 SYNs to LISTEN sockets dropped
    31321 fast retransmits
    671 retransmits in slow start

======================================== [38] 2025-12-04 16:53:07
=== Network Statistics ===
    20 outgoing packets dropped
    8 dropped because of missing route
    47168 segments retransmitted
    0 packet receive errors
    0 receive buffer errors
    0 send buffer errors
    3 SYNs to LISTEN sockets dropped
    31321 fast retransmits
    671 retransmits in slow start

======================================== [40] 2025-12-04 16:53:22
=== Network Statistics ===
    20 outgoing packets dropped
    8 dropped because of missing route
    47170 segments retransmitted
    0 packet receive errors
    0 receive buffer errors
    0 send buffer errors
    3 SYNs to LISTEN sockets dropped
    31321 fast retransmits
    671 retransmits in slow start

======================================== [42] 2025-12-04 16:53:36
=== Network Statistics ===
    20 outgoing packets dropped
    8 dropped because of missing route
    47171 segments retransmitted
    0 packet receive errors
    0 receive buffer errors
    0 send buffer errors
    3 SYNs to LISTEN sockets dropped
    31321 fast retransmits
    671 retransmits in slow start

======================================== [44] 2025-12-04 16:53:50
=== Network Statistics ===
    20 outgoing packets dropped
    8 dropped because of missing route
    47172 segments retransmitted
    0 packet receive errors
    0 receive buffer errors
    0 send buffer errors
    3 SYNs to LISTEN sockets dropped
    31321 fast retransmits
    671 retransmits in slow start

======================================== [46] 2025-12-04 16:54:04
=== Network Statistics ===
    20 outgoing packets dropped
    8 dropped because of missing route
    47173 segments retransmitted
    0 packet receive errors
    0 receive buffer errors
    0 send buffer errors
    3 SYNs to LISTEN sockets dropped
    31321 fast retransmits
    671 retransmits in slow start

======================================== [48] 2025-12-04 16:54:17
=== Network Statistics ===
    20 outgoing packets dropped
    8 dropped because of missing route
    47173 segments retransmitted
    0 packet receive errors
    0 receive buffer errors
    0 send buffer errors
    3 SYNs to LISTEN sockets dropped
    31321 fast retransmits
    671 retransmits in slow start

======================================== [50] 2025-12-04 16:54:31
=== Network Statistics ===
    20 outgoing packets dropped
    8 dropped because of missing route
    47173 segments retransmitted
    0 packet receive errors
    0 receive buffer errors
    0 send buffer errors
    3 SYNs to LISTEN sockets dropped
    31321 fast retransmits
    671 retransmits in slow start

======================================== [52] 2025-12-04 16:54:45
=== Network Statistics ===
    20 outgoing packets dropped
    8 dropped because of missing route
    47174 segments retransmitted
    0 packet receive errors
    0 receive buffer errors
    0 send buffer errors
    3 SYNs to LISTEN sockets dropped
    31321 fast retransmits
    671 retransmits in slow start

======================================== [54] 2025-12-04 16:54:58
=== Network Statistics ===
    20 outgoing packets dropped
    8 dropped because of missing route
    47174 segments retransmitted
    0 packet receive errors
    0 receive buffer errors
    0 send buffer errors
    3 SYNs to LISTEN sockets dropped
    31321 fast retransmits
    671 retransmits in slow start

======================================== [56] 2025-12-04 16:55:12
=== Network Statistics ===
    20 outgoing packets dropped
    8 dropped because of missing route
    47174 segments retransmitted
    0 packet receive errors
    0 receive buffer errors
    0 send buffer errors
    3 SYNs to LISTEN sockets dropped
    31321 fast retransmits
    671 retransmits in slow start

======================================== [58] 2025-12-04 16:55:26
=== Network Statistics ===
    20 outgoing packets dropped
    8 dropped because of missing route
    47174 segments retransmitted
    0 packet receive errors
    0 receive buffer errors
    0 send buffer errors
    3 SYNs to LISTEN sockets dropped
    31321 fast retransmits
    671 retransmits in slow start

======================================== [60] 2025-12-04 16:55:39
=== Network Statistics ===
    20 outgoing packets dropped
    8 dropped because of missing route
    47174 segments retransmitted
    0 packet receive errors
    0 receive buffer errors
    0 send buffer errors
    3 SYNs to LISTEN sockets dropped
    31321 fast retransmits
    671 retransmits in slow start

======================================== [62] 2025-12-04 16:55:53
=== Network Statistics ===
    20 outgoing packets dropped
    8 dropped because of missing route
    47174 segments retransmitted
    0 packet receive errors
    0 receive buffer errors
    0 send buffer errors
    3 SYNs to LISTEN sockets dropped
    31321 fast retransmits
    671 retransmits in slow start

======================================== [64] 2025-12-04 16:56:07
=== Network Statistics ===
    20 outgoing packets dropped
    8 dropped because of missing route
    47174 segments retransmitted
    0 packet receive errors
    0 receive buffer errors
    0 send buffer errors
    3 SYNs to LISTEN sockets dropped
    31321 fast retransmits
    671 retransmits in slow start

