======================================== [2] 2025-12-04 17:05:03
=== Network Statistics ===
    20 outgoing packets dropped
    8 dropped because of missing route
    47182 segments retransmitted
    0 packet receive errors
    0 receive buffer errors
    0 send buffer errors
    3 SYNs to LISTEN sockets dropped
    31321 fast retransmits
    671 retransmits in slow start

======================================== [4] 2025-12-04 17:05:18
=== Network Statistics ===
    20 outgoing packets dropped
    8 dropped because of missing route
    47184 segments retransmitted
    0 packet receive errors
    0 receive buffer errors
    0 send buffer errors
    3 SYNs to LISTEN sockets dropped
    31321 fast retransmits
    671 retransmits in slow start

======================================== [6] 2025-12-04 17:05:32
=== Network Statistics ===
    20 outgoing packets dropped
    8 dropped because of missing route
    47185 segments retransmitted
    0 packet receive errors
    0 receive buffer errors
    0 send buffer errors
    3 SYNs to LISTEN sockets dropped
    31321 fast retransmits
    671 retransmits in slow start

======================================== [8] 2025-12-04 17:05:47
=== Network Statistics ===
    20 outgoing packets dropped
    8 dropped because of missing route
    47186 segments retransmitted
    0 packet receive errors
    0 receive buffer errors
    0 send buffer errors
    3 SYNs to LISTEN sockets dropped
    31321 fast retransmits
    671 retransmits in slow start

======================================== [10] 2025-12-04 17:06:01
=== Network Statistics ===
    20 outgoing packets dropped
    8 dropped because of missing route
    47188 segments retransmitted
    0 packet receive errors
    0 receive buffer errors
    0 send buffer errors
    3 SYNs to LISTEN sockets dropped
    31321 fast retransmits
    671 retransmits in slow start

======================================== [12] 2025-12-04 17:06:15
=== Network Statistics ===
    20 outgoing packets dropped
    8 dropped because of missing route
    47189 segments retransmitted
    0 packet receive errors
    0 receive buffer errors
    0 send buffer errors
    3 SYNs to LISTEN sockets dropped
    31321 fast retransmits
    671 retransmits in slow start

======================================== [14] 2025-12-04 17:06:29
=== Network Statistics ===
    20 outgoing packets dropped
    8 dropped because of missing route
    47189 segments retransmitted
    0 packet receive errors
    0 receive buffer errors
    0 send buffer errors
    3 SYNs to LISTEN sockets dropped
    31321 fast retransmits
    671 retransmits in slow start

======================================== [16] 2025-12-04 17:06:43
=== Network Statistics ===
    20 outgoing packets dropped
    8 dropped because of missing route
    47192 segments retransmitted
    0 packet receive errors
    0 receive buffer errors
    0 send buffer errors
    3 SYNs to LISTEN sockets dropped
    31321 fast retransmits
    671 retransmits in slow start

======================================== [18] 2025-12-04 17:06:57
=== Network Statistics ===
    20 outgoing packets dropped
    8 dropped because of missing route
    47194 segments retransmitted
    0 packet receive errors
    0 receive buffer errors
    0 send buffer errors
    3 SYNs to LISTEN sockets dropped
    31321 fast retransmits
    671 retransmits in slow start

======================================== [20] 2025-12-04 17:07:12
=== Network Statistics ===
    20 outgoing packets dropped
    8 dropped because of missing route
    47195 segments retransmitted
    0 packet receive errors
    0 receive buffer errors
    0 send buffer errors
    3 SYNs to LISTEN sockets dropped
    31321 fast retransmits
    671 retransmits in slow start

======================================== [22] 2025-12-04 17:07:26
=== Network Statistics ===
    20 outgoing packets dropped
    8 dropped because of missing route
    47195 segments retransmitted
    0 packet receive errors
    0 receive buffer errors
    0 send buffer errors
    3 SYNs to LISTEN sockets dropped
    31321 fast retransmits
    671 retransmits in slow start

======================================== [24] 2025-12-04 17:07:40
=== Network Statistics ===
    20 outgoing packets dropped
    8 dropped because of missing route
    47196 segments retransmitted
    0 packet receive errors
    0 receive buffer errors
    0 send buffer errors
    3 SYNs to LISTEN sockets dropped
    31321 fast retransmits
    671 retransmits in slow start

======================================== [26] 2025-12-04 17:07:54
=== Network Statistics ===
    20 outgoing packets dropped
    8 dropped because of missing route
    47200 segments retransmitted
    0 packet receive errors
    0 receive buffer errors
    0 send buffer errors
    3 SYNs to LISTEN sockets dropped
    31321 fast retransmits
    671 retransmits in slow start

======================================== [28] 2025-12-04 17:08:09
=== Network Statistics ===
    20 outgoing packets dropped
    8 dropped because of missing route
    47201 segments retransmitted
    0 packet receive errors
    0 receive buffer errors
    0 send buffer errors
    3 SYNs to LISTEN sockets dropped
    31321 fast retransmits
    671 retransmits in slow start

======================================== [30] 2025-12-04 17:08:23
=== Network Statistics ===
    20 outgoing packets dropped
    8 dropped because of missing route
    47203 segments retransmitted
    0 packet receive errors
    0 receive buffer errors
    0 send buffer errors
    3 SYNs to LISTEN sockets dropped
    31321 fast retransmits
    671 retransmits in slow start

======================================== [32] 2025-12-04 17:08:37
=== Network Statistics ===
    20 outgoing packets dropped
    8 dropped because of missing route
    47205 segments retransmitted
    0 packet receive errors
    0 receive buffer errors
    0 send buffer errors
    3 SYNs to LISTEN sockets dropped
    31321 fast retransmits
    671 retransmits in slow start

======================================== [34] 2025-12-04 17:08:52
=== Network Statistics ===
    20 outgoing packets dropped
    8 dropped because of missing route
    47222 segments retransmitted
    0 packet receive errors
    0 receive buffer errors
    0 send buffer errors
    3 SYNs to LISTEN sockets dropped
    31326 fast retransmits
    678 retransmits in slow start

======================================== [36] 2025-12-04 17:09:05
=== Network Statistics ===
    20 outgoing packets dropped
    8 dropped because of missing route
    47240 segments retransmitted
    0 packet receive errors
    0 receive buffer errors
    0 send buffer errors
    3 SYNs to LISTEN sockets dropped
    31331 fast retransmits
    684 retransmits in slow start

======================================== [38] 2025-12-04 17:09:20
=== Network Statistics ===
    20 outgoing packets dropped
    8 dropped because of missing route
    47242 segments retransmitted
    0 packet receive errors
    0 receive buffer errors
    0 send buffer errors
    3 SYNs to LISTEN sockets dropped
    31331 fast retransmits
    684 retransmits in slow start

======================================== [40] 2025-12-04 17:09:35
=== Network Statistics ===
    20 outgoing packets dropped
    8 dropped because of missing route
    47244 segments retransmitted
    0 packet receive errors
    0 receive buffer errors
    0 send buffer errors
    3 SYNs to LISTEN sockets dropped
    31331 fast retransmits
    684 retransmits in slow start

======================================== [42] 2025-12-04 17:09:48
=== Network Statistics ===
    20 outgoing packets dropped
    8 dropped because of missing route
    47246 segments retransmitted
    0 packet receive errors
    0 receive buffer errors
    0 send buffer errors
    3 SYNs to LISTEN sockets dropped
    31331 fast retransmits
    684 retransmits in slow start

======================================== [44] 2025-12-04 17:10:03
=== Network Statistics ===
    20 outgoing packets dropped
    8 dropped because of missing route
    47250 segments retransmitted
    0 packet receive errors
    0 receive buffer errors
    0 send buffer errors
    3 SYNs to LISTEN sockets dropped
    31331 fast retransmits
    684 retransmits in slow start

======================================== [46] 2025-12-04 17:10:17
=== Network Statistics ===
    20 outgoing packets dropped
    8 dropped because of missing route
    47250 segments retransmitted
    0 packet receive errors
    0 receive buffer errors
    0 send buffer errors
    3 SYNs to LISTEN sockets dropped
    31331 fast retransmits
    684 retransmits in slow start

======================================== [48] 2025-12-04 17:10:30
=== Network Statistics ===
    20 outgoing packets dropped
    8 dropped because of missing route
    47250 segments retransmitted
    0 packet receive errors
    0 receive buffer errors
    0 send buffer errors
    3 SYNs to LISTEN sockets dropped
    31331 fast retransmits
    684 retransmits in slow start

======================================== [50] 2025-12-04 17:10:44
=== Network Statistics ===
    20 outgoing packets dropped
    8 dropped because of missing route
    47250 segments retransmitted
    0 packet receive errors
    0 receive buffer errors
    0 send buffer errors
    3 SYNs to LISTEN sockets dropped
    31331 fast retransmits
    684 retransmits in slow start

======================================== [52] 2025-12-04 17:10:58
=== Network Statistics ===
    20 outgoing packets dropped
    8 dropped because of missing route
    47250 segments retransmitted
    0 packet receive errors
    0 receive buffer errors
    0 send buffer errors
    3 SYNs to LISTEN sockets dropped
    31331 fast retransmits
    684 retransmits in slow start

======================================== [54] 2025-12-04 17:11:11
=== Network Statistics ===
    20 outgoing packets dropped
    8 dropped because of missing route
    47250 segments retransmitted
    0 packet receive errors
    0 receive buffer errors
    0 send buffer errors
    3 SYNs to LISTEN sockets dropped
    31331 fast retransmits
    684 retransmits in slow start

======================================== [56] 2025-12-04 17:11:25
=== Network Statistics ===
    20 outgoing packets dropped
    8 dropped because of missing route
    47250 segments retransmitted
    0 packet receive errors
    0 receive buffer errors
    0 send buffer errors
    3 SYNs to LISTEN sockets dropped
    31331 fast retransmits
    684 retransmits in slow start

======================================== [58] 2025-12-04 17:11:39
=== Network Statistics ===
    20 outgoing packets dropped
    8 dropped because of missing route
    47250 segments retransmitted
    0 packet receive errors
    0 receive buffer errors
    0 send buffer errors
    3 SYNs to LISTEN sockets dropped
    31331 fast retransmits
    684 retransmits in slow start

======================================== [60] 2025-12-04 17:11:52
=== Network Statistics ===
    20 outgoing packets dropped
    8 dropped because of missing route
    47250 segments retransmitted
    0 packet receive errors
    0 receive buffer errors
    0 send buffer errors
    3 SYNs to LISTEN sockets dropped
    31331 fast retransmits
    684 retransmits in slow start

======================================== [62] 2025-12-04 17:12:06
=== Network Statistics ===
    20 outgoing packets dropped
    8 dropped because of missing route
    47250 segments retransmitted
    0 packet receive errors
    0 receive buffer errors
    0 send buffer errors
    3 SYNs to LISTEN sockets dropped
    31331 fast retransmits
    684 retransmits in slow start

======================================== [64] 2025-12-04 17:12:20
=== Network Statistics ===
    20 outgoing packets dropped
    8 dropped because of missing route
    47250 segments retransmitted
    0 packet receive errors
    0 receive buffer errors
    0 send buffer errors
    3 SYNs to LISTEN sockets dropped
    31331 fast retransmits
    684 retransmits in slow start

