========================================
Ceph 性能监控启动
开始时间: 2025-12-04 13:46:53
输出目录: /home/ubuntu/intel-900p-hdd/rbd0/20251204_134653/ceph-monitoring
监控间隔: 5s
========================================
✓ iostat 监控已启动 (PID: 957516)
======================================== [1] 2025-12-04 13:46:53
=== Ceph Status ===
  cluster:
    id:     c4de1f44-fd6e-4c8e-a087-60bfc397b47a
    health: HEALTH_OK
 
  services:
    mon: 3 daemons, quorum a,b,c (age 17h)
    mgr: b(active, since 27h), standbys: a
    osd: 45 osds: 45 up (since 17h), 45 in (since 17h)
    rgw: 3 daemons active (3 hosts, 1 zones)
 
  data:
    pools:   11 pools, 2649 pgs
    objects: 38.78k objects, 146 GiB
    usage:   872 GiB used, 535 TiB / 536 TiB avail
    pgs:     2649 active+clean
 
  io:
    client:   255 B/s rd, 510 B/s wr, 0 op/s rd, 0 op/s wr
 

======================================== [2] 2025-12-04 13:47:00
=== Ceph Status ===
  cluster:
    id:     c4de1f44-fd6e-4c8e-a087-60bfc397b47a
    health: HEALTH_OK
 
  services:
    mon: 3 daemons, quorum a,b,c (age 17h)
    mgr: b(active, since 27h), standbys: a
    osd: 45 osds: 45 up (since 17h), 45 in (since 17h)
    rgw: 3 daemons active (3 hosts, 1 zones)
 
  data:
    pools:   11 pools, 2649 pgs
    objects: 38.78k objects, 146 GiB
    usage:   872 GiB used, 535 TiB / 536 TiB avail
    pgs:     2649 active+clean
 
  io:
    client:   2.1 MiB/s rd, 972 KiB/s wr, 547 op/s rd, 242 op/s wr
 

======================================== [3] 2025-12-04 13:47:07
=== Ceph Status ===
  cluster:
    id:     c4de1f44-fd6e-4c8e-a087-60bfc397b47a
    health: HEALTH_OK
 
  services:
    mon: 3 daemons, quorum a,b,c (age 17h)
    mgr: b(active, since 27h), standbys: a
    osd: 45 osds: 45 up (since 17h), 45 in (since 17h)
    rgw: 3 daemons active (3 hosts, 1 zones)
 
  data:
    pools:   11 pools, 2649 pgs
    objects: 38.78k objects, 146 GiB
    usage:   872 GiB used, 535 TiB / 536 TiB avail
    pgs:     2649 active+clean
 
  io:
    client:   14 MiB/s rd, 6.0 MiB/s wr, 3.54k op/s rd, 1.53k op/s wr
 

======================================== [4] 2025-12-04 13:47:14
=== Ceph Status ===
  cluster:
    id:     c4de1f44-fd6e-4c8e-a087-60bfc397b47a
    health: HEALTH_OK
 
  services:
    mon: 3 daemons, quorum a,b,c (age 17h)
    mgr: b(active, since 27h), standbys: a
    osd: 45 osds: 45 up (since 17h), 45 in (since 17h)
    rgw: 3 daemons active (3 hosts, 1 zones)
 
  data:
    pools:   11 pools, 2649 pgs
    objects: 38.78k objects, 146 GiB
    usage:   872 GiB used, 535 TiB / 536 TiB avail
    pgs:     2649 active+clean
 
  io:
    client:   24 MiB/s rd, 10 MiB/s wr, 6.23k op/s rd, 2.69k op/s wr
 

======================================== [5] 2025-12-04 13:47:21
=== Ceph Status ===
  cluster:
    id:     c4de1f44-fd6e-4c8e-a087-60bfc397b47a
    health: HEALTH_OK
 
  services:
    mon: 3 daemons, quorum a,b,c (age 17h)
    mgr: b(active, since 27h), standbys: a
    osd: 45 osds: 45 up (since 17h), 45 in (since 17h)
    rgw: 3 daemons active (3 hosts, 1 zones)
 
  data:
    pools:   11 pools, 2649 pgs
    objects: 38.78k objects, 146 GiB
    usage:   872 GiB used, 535 TiB / 536 TiB avail
    pgs:     2649 active+clean
 
  io:
    client:   24 MiB/s rd, 11 MiB/s wr, 6.29k op/s rd, 2.71k op/s wr
 

======================================== [6] 2025-12-04 13:47:28
=== Ceph Status ===
  cluster:
    id:     c4de1f44-fd6e-4c8e-a087-60bfc397b47a
    health: HEALTH_OK
 
  services:
    mon: 3 daemons, quorum a,b,c (age 17h)
    mgr: b(active, since 27h), standbys: a
    osd: 45 osds: 45 up (since 17h), 45 in (since 17h)
    rgw: 3 daemons active (3 hosts, 1 zones)
 
  data:
    pools:   11 pools, 2649 pgs
    objects: 38.78k objects, 146 GiB
    usage:   872 GiB used, 535 TiB / 536 TiB avail
    pgs:     2648 active+clean
             1    active+clean+scrubbing
 
  io:
    client:   23 MiB/s rd, 9.8 MiB/s wr, 5.82k op/s rd, 2.50k op/s wr
 

======================================== [7] 2025-12-04 13:47:35
=== Ceph Status ===
  cluster:
    id:     c4de1f44-fd6e-4c8e-a087-60bfc397b47a
    health: HEALTH_OK
 
  services:
    mon: 3 daemons, quorum a,b,c (age 17h)
    mgr: b(active, since 27h), standbys: a
    osd: 45 osds: 45 up (since 17h), 45 in (since 17h)
    rgw: 3 daemons active (3 hosts, 1 zones)
 
  data:
    pools:   11 pools, 2649 pgs
    objects: 38.78k objects, 146 GiB
    usage:   872 GiB used, 535 TiB / 536 TiB avail
    pgs:     2649 active+clean
 
  io:
    client:   25 MiB/s rd, 11 MiB/s wr, 6.56k op/s rd, 2.80k op/s wr
 

======================================== [8] 2025-12-04 13:47:42
=== Ceph Status ===
  cluster:
    id:     c4de1f44-fd6e-4c8e-a087-60bfc397b47a
    health: HEALTH_OK
 
  services:
    mon: 3 daemons, quorum a,b,c (age 17h)
    mgr: b(active, since 27h), standbys: a
    osd: 45 osds: 45 up (since 17h), 45 in (since 17h)
    rgw: 3 daemons active (3 hosts, 1 zones)
 
  data:
    pools:   11 pools, 2649 pgs
    objects: 38.78k objects, 146 GiB
    usage:   872 GiB used, 535 TiB / 536 TiB avail
    pgs:     2649 active+clean
 
  io:
    client:   24 MiB/s rd, 10 MiB/s wr, 6.20k op/s rd, 2.64k op/s wr
 

======================================== [9] 2025-12-04 13:47:48
=== Ceph Status ===
  cluster:
    id:     c4de1f44-fd6e-4c8e-a087-60bfc397b47a
    health: HEALTH_OK
 
  services:
    mon: 3 daemons, quorum a,b,c (age 17h)
    mgr: b(active, since 27h), standbys: a
    osd: 45 osds: 45 up (since 17h), 45 in (since 17h)
    rgw: 3 daemons active (3 hosts, 1 zones)
 
  data:
    pools:   11 pools, 2649 pgs
    objects: 38.78k objects, 146 GiB
    usage:   872 GiB used, 535 TiB / 536 TiB avail
    pgs:     2649 active+clean
 
  io:
    client:   23 MiB/s rd, 10 MiB/s wr, 5.94k op/s rd, 2.57k op/s wr
 

======================================== [10] 2025-12-04 13:47:56
=== Ceph Status ===
  cluster:
    id:     c4de1f44-fd6e-4c8e-a087-60bfc397b47a
    health: HEALTH_OK
 
  services:
    mon: 3 daemons, quorum a,b,c (age 17h)
    mgr: b(active, since 27h), standbys: a
    osd: 45 osds: 45 up (since 17h), 45 in (since 17h)
    rgw: 3 daemons active (3 hosts, 1 zones)
 
  data:
    pools:   11 pools, 2649 pgs
    objects: 38.78k objects, 146 GiB
    usage:   872 GiB used, 535 TiB / 536 TiB avail
    pgs:     2649 active+clean
 
  io:
    client:   25 MiB/s rd, 11 MiB/s wr, 6.53k op/s rd, 2.82k op/s wr
 

======================================== [11] 2025-12-04 13:48:02
=== Ceph Status ===
  cluster:
    id:     c4de1f44-fd6e-4c8e-a087-60bfc397b47a
    health: HEALTH_OK
 
  services:
    mon: 3 daemons, quorum a,b,c (age 17h)
    mgr: b(active, since 27h), standbys: a
    osd: 45 osds: 45 up (since 17h), 45 in (since 17h)
    rgw: 3 daemons active (3 hosts, 1 zones)
 
  data:
    pools:   11 pools, 2649 pgs
    objects: 38.78k objects, 146 GiB
    usage:   872 GiB used, 535 TiB / 536 TiB avail
    pgs:     2649 active+clean
 
  io:
    client:   24 MiB/s rd, 10 MiB/s wr, 6.24k op/s rd, 2.68k op/s wr
 

======================================== [12] 2025-12-04 13:48:09
=== Ceph Status ===
  cluster:
    id:     c4de1f44-fd6e-4c8e-a087-60bfc397b47a
    health: HEALTH_OK
 
  services:
    mon: 3 daemons, quorum a,b,c (age 17h)
    mgr: b(active, since 27h), standbys: a
    osd: 45 osds: 45 up (since 17h), 45 in (since 17h)
    rgw: 3 daemons active (3 hosts, 1 zones)
 
  data:
    pools:   11 pools, 2649 pgs
    objects: 38.78k objects, 146 GiB
    usage:   872 GiB used, 535 TiB / 536 TiB avail
    pgs:     2649 active+clean
 
  io:
    client:   27 MiB/s rd, 12 MiB/s wr, 7.06k op/s rd, 3.04k op/s wr
 

======================================== [13] 2025-12-04 13:48:16
=== Ceph Status ===
  cluster:
    id:     c4de1f44-fd6e-4c8e-a087-60bfc397b47a
    health: HEALTH_OK
 
  services:
    mon: 3 daemons, quorum a,b,c (age 17h)
    mgr: b(active, since 27h), standbys: a
    osd: 45 osds: 45 up (since 17h), 45 in (since 17h)
    rgw: 3 daemons active (3 hosts, 1 zones)
 
  data:
    pools:   11 pools, 2649 pgs
    objects: 38.78k objects, 146 GiB
    usage:   872 GiB used, 535 TiB / 536 TiB avail
    pgs:     2649 active+clean
 
  io:
    client:   27 MiB/s rd, 12 MiB/s wr, 6.88k op/s rd, 2.96k op/s wr
 

======================================== [14] 2025-12-04 13:48:23
=== Ceph Status ===
  cluster:
    id:     c4de1f44-fd6e-4c8e-a087-60bfc397b47a
    health: HEALTH_OK
 
  services:
    mon: 3 daemons, quorum a,b,c (age 17h)
    mgr: b(active, since 27h), standbys: a
    osd: 45 osds: 45 up (since 17h), 45 in (since 17h)
    rgw: 3 daemons active (3 hosts, 1 zones)
 
  data:
    pools:   11 pools, 2649 pgs
    objects: 38.78k objects, 146 GiB
    usage:   872 GiB used, 535 TiB / 536 TiB avail
    pgs:     2649 active+clean
 
  io:
    client:   26 MiB/s rd, 11 MiB/s wr, 6.78k op/s rd, 2.89k op/s wr
 

======================================== [15] 2025-12-04 13:48:30
=== Ceph Status ===
  cluster:
    id:     c4de1f44-fd6e-4c8e-a087-60bfc397b47a
    health: HEALTH_OK
 
  services:
    mon: 3 daemons, quorum a,b,c (age 17h)
    mgr: b(active, since 27h), standbys: a
    osd: 45 osds: 45 up (since 17h), 45 in (since 17h)
    rgw: 3 daemons active (3 hosts, 1 zones)
 
  data:
    pools:   11 pools, 2649 pgs
    objects: 38.78k objects, 146 GiB
    usage:   872 GiB used, 535 TiB / 536 TiB avail
    pgs:     2649 active+clean
 
  io:
    client:   27 MiB/s rd, 12 MiB/s wr, 7.00k op/s rd, 3.00k op/s wr
 

======================================== [16] 2025-12-04 13:48:37
=== Ceph Status ===
  cluster:
    id:     c4de1f44-fd6e-4c8e-a087-60bfc397b47a
    health: HEALTH_OK
 
  services:
    mon: 3 daemons, quorum a,b,c (age 17h)
    mgr: b(active, since 27h), standbys: a
    osd: 45 osds: 45 up (since 17h), 45 in (since 17h)
    rgw: 3 daemons active (3 hosts, 1 zones)
 
  data:
    pools:   11 pools, 2649 pgs
    objects: 38.78k objects, 146 GiB
    usage:   872 GiB used, 535 TiB / 536 TiB avail
    pgs:     2649 active+clean
 
  io:
    client:   24 MiB/s rd, 10 MiB/s wr, 6.18k op/s rd, 2.67k op/s wr
 

======================================== [17] 2025-12-04 13:48:44
=== Ceph Status ===
  cluster:
    id:     c4de1f44-fd6e-4c8e-a087-60bfc397b47a
    health: HEALTH_OK
 
  services:
    mon: 3 daemons, quorum a,b,c (age 17h)
    mgr: b(active, since 27h), standbys: a
    osd: 45 osds: 45 up (since 17h), 45 in (since 17h)
    rgw: 3 daemons active (3 hosts, 1 zones)
 
  data:
    pools:   11 pools, 2649 pgs
    objects: 38.78k objects, 146 GiB
    usage:   872 GiB used, 535 TiB / 536 TiB avail
    pgs:     2649 active+clean
 
  io:
    client:   26 MiB/s rd, 11 MiB/s wr, 6.80k op/s rd, 2.96k op/s wr
 

======================================== [18] 2025-12-04 13:48:51
=== Ceph Status ===
  cluster:
    id:     c4de1f44-fd6e-4c8e-a087-60bfc397b47a
    health: HEALTH_OK
 
  services:
    mon: 3 daemons, quorum a,b,c (age 17h)
    mgr: b(active, since 27h), standbys: a
    osd: 45 osds: 45 up (since 17h), 45 in (since 17h)
    rgw: 3 daemons active (3 hosts, 1 zones)
 
  data:
    pools:   11 pools, 2649 pgs
    objects: 38.78k objects, 146 GiB
    usage:   872 GiB used, 535 TiB / 536 TiB avail
    pgs:     2649 active+clean
 
  io:
    client:   26 MiB/s rd, 11 MiB/s wr, 6.63k op/s rd, 2.86k op/s wr
 

======================================== [19] 2025-12-04 13:48:58
=== Ceph Status ===
  cluster:
    id:     c4de1f44-fd6e-4c8e-a087-60bfc397b47a
    health: HEALTH_OK
 
  services:
    mon: 3 daemons, quorum a,b,c (age 17h)
    mgr: b(active, since 27h), standbys: a
    osd: 45 osds: 45 up (since 17h), 45 in (since 17h)
    rgw: 3 daemons active (3 hosts, 1 zones)
 
  data:
    pools:   11 pools, 2649 pgs
    objects: 38.78k objects, 146 GiB
    usage:   872 GiB used, 535 TiB / 536 TiB avail
    pgs:     2649 active+clean
 
  io:
    client:   25 MiB/s rd, 11 MiB/s wr, 6.33k op/s rd, 2.73k op/s wr
 

======================================== [20] 2025-12-04 13:49:05
=== Ceph Status ===
  cluster:
    id:     c4de1f44-fd6e-4c8e-a087-60bfc397b47a
    health: HEALTH_OK
 
  services:
    mon: 3 daemons, quorum a,b,c (age 17h)
    mgr: b(active, since 27h), standbys: a
    osd: 45 osds: 45 up (since 17h), 45 in (since 17h)
    rgw: 3 daemons active (3 hosts, 1 zones)
 
  data:
    pools:   11 pools, 2649 pgs
    objects: 38.78k objects, 146 GiB
    usage:   872 GiB used, 535 TiB / 536 TiB avail
    pgs:     2649 active+clean
 
  io:
    client:   28 MiB/s rd, 12 MiB/s wr, 7.08k op/s rd, 3.04k op/s wr
 

======================================== [21] 2025-12-04 13:49:12
=== Ceph Status ===
  cluster:
    id:     c4de1f44-fd6e-4c8e-a087-60bfc397b47a
    health: HEALTH_OK
 
  services:
    mon: 3 daemons, quorum a,b,c (age 17h)
    mgr: b(active, since 27h), standbys: a
    osd: 45 osds: 45 up (since 17h), 45 in (since 17h)
    rgw: 3 daemons active (3 hosts, 1 zones)
 
  data:
    pools:   11 pools, 2649 pgs
    objects: 38.78k objects, 146 GiB
    usage:   872 GiB used, 535 TiB / 536 TiB avail
    pgs:     2649 active+clean
 
  io:
    client:   24 MiB/s rd, 11 MiB/s wr, 6.24k op/s rd, 2.72k op/s wr
 

======================================== [22] 2025-12-04 13:49:19
=== Ceph Status ===
  cluster:
    id:     c4de1f44-fd6e-4c8e-a087-60bfc397b47a
    health: HEALTH_OK
 
  services:
    mon: 3 daemons, quorum a,b,c (age 17h)
    mgr: b(active, since 27h), standbys: a
    osd: 45 osds: 45 up (since 17h), 45 in (since 17h)
    rgw: 3 daemons active (3 hosts, 1 zones)
 
  data:
    pools:   11 pools, 2649 pgs
    objects: 38.78k objects, 146 GiB
    usage:   872 GiB used, 535 TiB / 536 TiB avail
    pgs:     2649 active+clean
 
  io:
    client:   26 MiB/s rd, 11 MiB/s wr, 6.82k op/s rd, 2.97k op/s wr
 

======================================== [23] 2025-12-04 13:49:26
=== Ceph Status ===
  cluster:
    id:     c4de1f44-fd6e-4c8e-a087-60bfc397b47a
    health: HEALTH_OK
 
  services:
    mon: 3 daemons, quorum a,b,c (age 17h)
    mgr: b(active, since 27h), standbys: a
    osd: 45 osds: 45 up (since 17h), 45 in (since 17h)
    rgw: 3 daemons active (3 hosts, 1 zones)
 
  data:
    pools:   11 pools, 2649 pgs
    objects: 38.78k objects, 146 GiB
    usage:   872 GiB used, 535 TiB / 536 TiB avail
    pgs:     2649 active+clean
 
  io:
    client:   26 MiB/s rd, 11 MiB/s wr, 6.77k op/s rd, 2.94k op/s wr
 

======================================== [24] 2025-12-04 13:49:32
=== Ceph Status ===
  cluster:
    id:     c4de1f44-fd6e-4c8e-a087-60bfc397b47a
    health: HEALTH_OK
 
  services:
    mon: 3 daemons, quorum a,b,c (age 17h)
    mgr: b(active, since 27h), standbys: a
    osd: 45 osds: 45 up (since 17h), 45 in (since 17h)
    rgw: 3 daemons active (3 hosts, 1 zones)
 
  data:
    pools:   11 pools, 2649 pgs
    objects: 38.78k objects, 146 GiB
    usage:   872 GiB used, 535 TiB / 536 TiB avail
    pgs:     2649 active+clean
 
  io:
    client:   25 MiB/s rd, 11 MiB/s wr, 6.38k op/s rd, 2.76k op/s wr
 

======================================== [25] 2025-12-04 13:49:40
=== Ceph Status ===
  cluster:
    id:     c4de1f44-fd6e-4c8e-a087-60bfc397b47a
    health: HEALTH_OK
 
  services:
    mon: 3 daemons, quorum a,b,c (age 17h)
    mgr: b(active, since 27h), standbys: a
    osd: 45 osds: 45 up (since 17h), 45 in (since 17h)
    rgw: 3 daemons active (3 hosts, 1 zones)
 
  data:
    pools:   11 pools, 2649 pgs
    objects: 38.78k objects, 146 GiB
    usage:   872 GiB used, 535 TiB / 536 TiB avail
    pgs:     2649 active+clean
 
  io:
    client:   28 MiB/s rd, 12 MiB/s wr, 7.14k op/s rd, 3.08k op/s wr
 

======================================== [26] 2025-12-04 13:49:46
=== Ceph Status ===
  cluster:
    id:     c4de1f44-fd6e-4c8e-a087-60bfc397b47a
    health: HEALTH_OK
 
  services:
    mon: 3 daemons, quorum a,b,c (age 17h)
    mgr: b(active, since 27h), standbys: a
    osd: 45 osds: 45 up (since 17h), 45 in (since 17h)
    rgw: 3 daemons active (3 hosts, 1 zones)
 
  data:
    pools:   11 pools, 2649 pgs
    objects: 38.78k objects, 146 GiB
    usage:   872 GiB used, 535 TiB / 536 TiB avail
    pgs:     2649 active+clean
 
  io:
    client:   27 MiB/s rd, 12 MiB/s wr, 6.96k op/s rd, 3.02k op/s wr
 

======================================== [27] 2025-12-04 13:49:53
=== Ceph Status ===
  cluster:
    id:     c4de1f44-fd6e-4c8e-a087-60bfc397b47a
    health: HEALTH_OK
 
  services:
    mon: 3 daemons, quorum a,b,c (age 17h)
    mgr: b(active, since 27h), standbys: a
    osd: 45 osds: 45 up (since 17h), 45 in (since 17h)
    rgw: 3 daemons active (3 hosts, 1 zones)
 
  data:
    pools:   11 pools, 2649 pgs
    objects: 38.78k objects, 146 GiB
    usage:   872 GiB used, 535 TiB / 536 TiB avail
    pgs:     2649 active+clean
 
  io:
    client:   27 MiB/s rd, 12 MiB/s wr, 6.88k op/s rd, 2.95k op/s wr
 

======================================== [28] 2025-12-04 13:50:00
=== Ceph Status ===
  cluster:
    id:     c4de1f44-fd6e-4c8e-a087-60bfc397b47a
    health: HEALTH_OK
 
  services:
    mon: 3 daemons, quorum a,b,c (age 17h)
    mgr: b(active, since 27h), standbys: a
    osd: 45 osds: 45 up (since 17h), 45 in (since 17h)
    rgw: 3 daemons active (3 hosts, 1 zones)
 
  data:
    pools:   11 pools, 2649 pgs
    objects: 38.78k objects, 146 GiB
    usage:   872 GiB used, 535 TiB / 536 TiB avail
    pgs:     2649 active+clean
 
  io:
    client:   28 MiB/s rd, 12 MiB/s wr, 7.22k op/s rd, 3.11k op/s wr
 

======================================== [29] 2025-12-04 13:50:07
=== Ceph Status ===
  cluster:
    id:     c4de1f44-fd6e-4c8e-a087-60bfc397b47a
    health: HEALTH_OK
 
  services:
    mon: 3 daemons, quorum a,b,c (age 17h)
    mgr: b(active, since 27h), standbys: a
    osd: 45 osds: 45 up (since 17h), 45 in (since 17h)
    rgw: 3 daemons active (3 hosts, 1 zones)
 
  data:
    pools:   11 pools, 2649 pgs
    objects: 38.78k objects, 146 GiB
    usage:   872 GiB used, 535 TiB / 536 TiB avail
    pgs:     2649 active+clean
 
  io:
    client:   25 MiB/s rd, 11 MiB/s wr, 6.38k op/s rd, 2.73k op/s wr
 

======================================== [30] 2025-12-04 13:50:14
=== Ceph Status ===
  cluster:
    id:     c4de1f44-fd6e-4c8e-a087-60bfc397b47a
    health: HEALTH_OK
 
  services:
    mon: 3 daemons, quorum a,b,c (age 17h)
    mgr: b(active, since 27h), standbys: a
    osd: 45 osds: 45 up (since 17h), 45 in (since 17h)
    rgw: 3 daemons active (3 hosts, 1 zones)
 
  data:
    pools:   11 pools, 2649 pgs
    objects: 38.78k objects, 146 GiB
    usage:   872 GiB used, 535 TiB / 536 TiB avail
    pgs:     2649 active+clean
 
  io:
    client:   27 MiB/s rd, 11 MiB/s wr, 6.85k op/s rd, 2.94k op/s wr
 

======================================== [31] 2025-12-04 13:50:21
=== Ceph Status ===
  cluster:
    id:     c4de1f44-fd6e-4c8e-a087-60bfc397b47a
    health: HEALTH_OK
 
  services:
    mon: 3 daemons, quorum a,b,c (age 17h)
    mgr: b(active, since 27h), standbys: a
    osd: 45 osds: 45 up (since 17h), 45 in (since 17h)
    rgw: 3 daemons active (3 hosts, 1 zones)
 
  data:
    pools:   11 pools, 2649 pgs
    objects: 38.78k objects, 146 GiB
    usage:   872 GiB used, 535 TiB / 536 TiB avail
    pgs:     2649 active+clean
 
  io:
    client:   25 MiB/s rd, 11 MiB/s wr, 6.42k op/s rd, 2.76k op/s wr
 

======================================== [32] 2025-12-04 13:50:28
=== Ceph Status ===
  cluster:
    id:     c4de1f44-fd6e-4c8e-a087-60bfc397b47a
    health: HEALTH_OK
 
  services:
    mon: 3 daemons, quorum a,b,c (age 17h)
    mgr: b(active, since 27h), standbys: a
    osd: 45 osds: 45 up (since 17h), 45 in (since 17h)
    rgw: 3 daemons active (3 hosts, 1 zones)
 
  data:
    pools:   11 pools, 2649 pgs
    objects: 38.78k objects, 146 GiB
    usage:   872 GiB used, 535 TiB / 536 TiB avail
    pgs:     2649 active+clean
 
  io:
    client:   24 MiB/s rd, 10 MiB/s wr, 6.18k op/s rd, 2.66k op/s wr
 

======================================== [33] 2025-12-04 13:50:35
=== Ceph Status ===
  cluster:
    id:     c4de1f44-fd6e-4c8e-a087-60bfc397b47a
    health: HEALTH_OK
 
  services:
    mon: 3 daemons, quorum a,b,c (age 17h)
    mgr: b(active, since 27h), standbys: a
    osd: 45 osds: 45 up (since 17h), 45 in (since 17h)
    rgw: 3 daemons active (3 hosts, 1 zones)
 
  data:
    pools:   11 pools, 2649 pgs
    objects: 38.78k objects, 146 GiB
    usage:   872 GiB used, 535 TiB / 536 TiB avail
    pgs:     2649 active+clean
 
  io:
    client:   26 MiB/s rd, 11 MiB/s wr, 6.68k op/s rd, 2.88k op/s wr
 

======================================== [34] 2025-12-04 13:50:42
=== Ceph Status ===
  cluster:
    id:     c4de1f44-fd6e-4c8e-a087-60bfc397b47a
    health: HEALTH_OK
 
  services:
    mon: 3 daemons, quorum a,b,c (age 17h)
    mgr: b(active, since 27h), standbys: a
    osd: 45 osds: 45 up (since 17h), 45 in (since 17h)
    rgw: 3 daemons active (3 hosts, 1 zones)
 
  data:
    pools:   11 pools, 2649 pgs
    objects: 38.78k objects, 146 GiB
    usage:   872 GiB used, 535 TiB / 536 TiB avail
    pgs:     2647 active+clean
             1    active+clean+scrubbing+deep
             1    active+clean+scrubbing
 
  io:
    client:   25 MiB/s rd, 11 MiB/s wr, 6.40k op/s rd, 2.74k op/s wr
 

======================================== [35] 2025-12-04 13:50:49
=== Ceph Status ===
  cluster:
    id:     c4de1f44-fd6e-4c8e-a087-60bfc397b47a
    health: HEALTH_OK
 
  services:
    mon: 3 daemons, quorum a,b,c (age 17h)
    mgr: b(active, since 27h), standbys: a
    osd: 45 osds: 45 up (since 17h), 45 in (since 17h)
    rgw: 3 daemons active (3 hosts, 1 zones)
 
  data:
    pools:   11 pools, 2649 pgs
    objects: 38.78k objects, 146 GiB
    usage:   872 GiB used, 535 TiB / 536 TiB avail
    pgs:     2648 active+clean
             1    active+clean+scrubbing+deep
 
  io:
    client:   24 MiB/s rd, 11 MiB/s wr, 6.22k op/s rd, 2.69k op/s wr
 

======================================== [36] 2025-12-04 13:50:55
=== Ceph Status ===
  cluster:
    id:     c4de1f44-fd6e-4c8e-a087-60bfc397b47a
    health: HEALTH_OK
 
  services:
    mon: 3 daemons, quorum a,b,c (age 17h)
    mgr: b(active, since 27h), standbys: a
    osd: 45 osds: 45 up (since 17h), 45 in (since 17h)
    rgw: 3 daemons active (3 hosts, 1 zones)
 
  data:
    pools:   11 pools, 2649 pgs
    objects: 38.78k objects, 146 GiB
    usage:   872 GiB used, 535 TiB / 536 TiB avail
    pgs:     2649 active+clean
 
  io:
    client:   26 MiB/s rd, 11 MiB/s wr, 6.69k op/s rd, 2.86k op/s wr
 

======================================== [37] 2025-12-04 13:51:03
=== Ceph Status ===
  cluster:
    id:     c4de1f44-fd6e-4c8e-a087-60bfc397b47a
    health: HEALTH_OK
 
  services:
    mon: 3 daemons, quorum a,b,c (age 17h)
    mgr: b(active, since 27h), standbys: a
    osd: 45 osds: 45 up (since 17h), 45 in (since 17h)
    rgw: 3 daemons active (3 hosts, 1 zones)
 
  data:
    pools:   11 pools, 2649 pgs
    objects: 38.78k objects, 146 GiB
    usage:   872 GiB used, 535 TiB / 536 TiB avail
    pgs:     2649 active+clean
 
  io:
    client:   25 MiB/s rd, 11 MiB/s wr, 6.45k op/s rd, 2.74k op/s wr
 

======================================== [38] 2025-12-04 13:51:09
=== Ceph Status ===
  cluster:
    id:     c4de1f44-fd6e-4c8e-a087-60bfc397b47a
    health: HEALTH_OK
 
  services:
    mon: 3 daemons, quorum a,b,c (age 17h)
    mgr: b(active, since 27h), standbys: a
    osd: 45 osds: 45 up (since 17h), 45 in (since 17h)
    rgw: 3 daemons active (3 hosts, 1 zones)
 
  data:
    pools:   11 pools, 2649 pgs
    objects: 38.78k objects, 146 GiB
    usage:   873 GiB used, 535 TiB / 536 TiB avail
    pgs:     2649 active+clean
 
  io:
    client:   26 MiB/s rd, 11 MiB/s wr, 6.81k op/s rd, 2.90k op/s wr
 

======================================== [39] 2025-12-04 13:51:16
=== Ceph Status ===
  cluster:
    id:     c4de1f44-fd6e-4c8e-a087-60bfc397b47a
    health: HEALTH_OK
 
  services:
    mon: 3 daemons, quorum a,b,c (age 17h)
    mgr: b(active, since 27h), standbys: a
    osd: 45 osds: 45 up (since 17h), 45 in (since 17h)
    rgw: 3 daemons active (3 hosts, 1 zones)
 
  data:
    pools:   11 pools, 2649 pgs
    objects: 38.78k objects, 146 GiB
    usage:   873 GiB used, 535 TiB / 536 TiB avail
    pgs:     2649 active+clean
 
  io:
    client:   23 MiB/s rd, 10 MiB/s wr, 6.01k op/s rd, 2.58k op/s wr
 

======================================== [40] 2025-12-04 13:51:23
=== Ceph Status ===
  cluster:
    id:     c4de1f44-fd6e-4c8e-a087-60bfc397b47a
    health: HEALTH_OK
 
  services:
    mon: 3 daemons, quorum a,b,c (age 17h)
    mgr: b(active, since 27h), standbys: a
    osd: 45 osds: 45 up (since 17h), 45 in (since 17h)
    rgw: 3 daemons active (3 hosts, 1 zones)
 
  data:
    pools:   11 pools, 2649 pgs
    objects: 38.78k objects, 146 GiB
    usage:   873 GiB used, 535 TiB / 536 TiB avail
    pgs:     2649 active+clean
 
  io:
    client:   21 MiB/s rd, 9.1 MiB/s wr, 5.46k op/s rd, 2.34k op/s wr
 

======================================== [41] 2025-12-04 13:51:30
=== Ceph Status ===
  cluster:
    id:     c4de1f44-fd6e-4c8e-a087-60bfc397b47a
    health: HEALTH_OK
 
  services:
    mon: 3 daemons, quorum a,b,c (age 17h)
    mgr: b(active, since 27h), standbys: a
    osd: 45 osds: 45 up (since 17h), 45 in (since 17h)
    rgw: 3 daemons active (3 hosts, 1 zones)
 
  data:
    pools:   11 pools, 2649 pgs
    objects: 38.78k objects, 146 GiB
    usage:   873 GiB used, 535 TiB / 536 TiB avail
    pgs:     2649 active+clean
 
  io:
    client:   21 MiB/s rd, 9.0 MiB/s wr, 5.40k op/s rd, 2.31k op/s wr
 

======================================== [42] 2025-12-04 13:51:37
=== Ceph Status ===
  cluster:
    id:     c4de1f44-fd6e-4c8e-a087-60bfc397b47a
    health: HEALTH_OK
 
  services:
    mon: 3 daemons, quorum a,b,c (age 17h)
    mgr: b(active, since 27h), standbys: a
    osd: 45 osds: 45 up (since 17h), 45 in (since 17h)
    rgw: 3 daemons active (3 hosts, 1 zones)
 
  data:
    pools:   11 pools, 2649 pgs
    objects: 38.78k objects, 146 GiB
    usage:   873 GiB used, 535 TiB / 536 TiB avail
    pgs:     2649 active+clean
 
  io:
    client:   20 MiB/s rd, 8.8 MiB/s wr, 5.24k op/s rd, 2.24k op/s wr
 

======================================== [43] 2025-12-04 13:51:44
=== Ceph Status ===
  cluster:
    id:     c4de1f44-fd6e-4c8e-a087-60bfc397b47a
    health: HEALTH_OK
 
  services:
    mon: 3 daemons, quorum a,b,c (age 17h)
    mgr: b(active, since 27h), standbys: a
    osd: 45 osds: 45 up (since 17h), 45 in (since 17h)
    rgw: 3 daemons active (3 hosts, 1 zones)
 
  data:
    pools:   11 pools, 2649 pgs
    objects: 38.78k objects, 146 GiB
    usage:   873 GiB used, 535 TiB / 536 TiB avail
    pgs:     2649 active+clean
 
  io:
    client:   21 MiB/s rd, 8.9 MiB/s wr, 5.29k op/s rd, 2.28k op/s wr
 

======================================== [44] 2025-12-04 13:51:51
=== Ceph Status ===
  cluster:
    id:     c4de1f44-fd6e-4c8e-a087-60bfc397b47a
    health: HEALTH_OK
 
  services:
    mon: 3 daemons, quorum a,b,c (age 17h)
    mgr: b(active, since 27h), standbys: a
    osd: 45 osds: 45 up (since 17h), 45 in (since 17h)
    rgw: 3 daemons active (3 hosts, 1 zones)
 
  data:
    pools:   11 pools, 2649 pgs
    objects: 38.78k objects, 146 GiB
    usage:   873 GiB used, 535 TiB / 536 TiB avail
    pgs:     2649 active+clean
 
  io:
    client:   21 MiB/s rd, 9.1 MiB/s wr, 5.46k op/s rd, 2.33k op/s wr
 

======================================== [45] 2025-12-04 13:51:58
=== Ceph Status ===
  cluster:
    id:     c4de1f44-fd6e-4c8e-a087-60bfc397b47a
    health: HEALTH_OK
 
  services:
    mon: 3 daemons, quorum a,b,c (age 17h)
    mgr: b(active, since 27h), standbys: a
    osd: 45 osds: 45 up (since 17h), 45 in (since 17h)
    rgw: 3 daemons active (3 hosts, 1 zones)
 
  data:
    pools:   11 pools, 2649 pgs
    objects: 38.78k objects, 146 GiB
    usage:   873 GiB used, 535 TiB / 536 TiB avail
    pgs:     2649 active+clean
 
  io:
    client:   18 MiB/s rd, 7.9 MiB/s wr, 4.71k op/s rd, 2.03k op/s wr
 

======================================== [46] 2025-12-04 13:52:05
=== Ceph Status ===
  cluster:
    id:     c4de1f44-fd6e-4c8e-a087-60bfc397b47a
    health: HEALTH_OK
 
  services:
    mon: 3 daemons, quorum a,b,c (age 17h)
    mgr: b(active, since 27h), standbys: a
    osd: 45 osds: 45 up (since 17h), 45 in (since 17h)
    rgw: 3 daemons active (3 hosts, 1 zones)
 
  data:
    pools:   11 pools, 2649 pgs
    objects: 38.78k objects, 146 GiB
    usage:   873 GiB used, 535 TiB / 536 TiB avail
    pgs:     2649 active+clean
 
  io:
    client:   20 MiB/s rd, 8.6 MiB/s wr, 5.20k op/s rd, 2.20k op/s wr
 

======================================== [47] 2025-12-04 13:52:11
=== Ceph Status ===
  cluster:
    id:     c4de1f44-fd6e-4c8e-a087-60bfc397b47a
    health: HEALTH_OK
 
  services:
    mon: 3 daemons, quorum a,b,c (age 17h)
    mgr: b(active, since 27h), standbys: a
    osd: 45 osds: 45 up (since 17h), 45 in (since 17h)
    rgw: 3 daemons active (3 hosts, 1 zones)
 
  data:
    pools:   11 pools, 2649 pgs
    objects: 38.78k objects, 146 GiB
    usage:   873 GiB used, 535 TiB / 536 TiB avail
    pgs:     2649 active+clean
 
  io:
    client:   16 MiB/s rd, 6.1 MiB/s wr, 4.00k op/s rd, 1.56k op/s wr
 

======================================== [48] 2025-12-04 13:52:18
=== Ceph Status ===
  cluster:
    id:     c4de1f44-fd6e-4c8e-a087-60bfc397b47a
    health: HEALTH_OK
 
  services:
    mon: 3 daemons, quorum a,b,c (age 17h)
    mgr: b(active, since 27h), standbys: a
    osd: 45 osds: 45 up (since 17h), 45 in (since 17h)
    rgw: 3 daemons active (3 hosts, 1 zones)
 
  data:
    pools:   11 pools, 2649 pgs
    objects: 38.78k objects, 146 GiB
    usage:   873 GiB used, 535 TiB / 536 TiB avail
    pgs:     2649 active+clean
 
  io:
    client:   7.6 MiB/s rd, 1.7 MiB/s wr, 1.95k op/s rd, 431 op/s wr
 

======================================== [49] 2025-12-04 13:52:25
=== Ceph Status ===
  cluster:
    id:     c4de1f44-fd6e-4c8e-a087-60bfc397b47a
    health: HEALTH_OK
 
  services:
    mon: 3 daemons, quorum a,b,c (age 17h)
    mgr: b(active, since 27h), standbys: a
    osd: 45 osds: 45 up (since 17h), 45 in (since 17h)
    rgw: 3 daemons active (3 hosts, 1 zones)
 
  data:
    pools:   11 pools, 2649 pgs
    objects: 38.78k objects, 146 GiB
    usage:   873 GiB used, 535 TiB / 536 TiB avail
    pgs:     2649 active+clean
 
  io:
    client:   4.2 MiB/s rd, 510 B/s wr, 1.09k op/s rd, 0 op/s wr
 

======================================== [50] 2025-12-04 13:52:32
=== Ceph Status ===
  cluster:
    id:     c4de1f44-fd6e-4c8e-a087-60bfc397b47a
    health: HEALTH_OK
 
  services:
    mon: 3 daemons, quorum a,b,c (age 17h)
    mgr: b(active, since 27h), standbys: a
    osd: 45 osds: 45 up (since 17h), 45 in (since 17h)
    rgw: 3 daemons active (3 hosts, 1 zones)
 
  data:
    pools:   11 pools, 2649 pgs
    objects: 38.78k objects, 146 GiB
    usage:   873 GiB used, 535 TiB / 536 TiB avail
    pgs:     2649 active+clean
 
  io:
    client:   1.6 MiB/s rd, 416 op/s rd, 0 op/s wr
 

======================================== [51] 2025-12-04 13:52:38
=== Ceph Status ===
  cluster:
    id:     c4de1f44-fd6e-4c8e-a087-60bfc397b47a
    health: HEALTH_OK
 
  services:
    mon: 3 daemons, quorum a,b,c (age 17h)
    mgr: b(active, since 27h), standbys: a
    osd: 45 osds: 45 up (since 17h), 45 in (since 17h)
    rgw: 3 daemons active (3 hosts, 1 zones)
 
  data:
    pools:   11 pools, 2649 pgs
    objects: 38.78k objects, 146 GiB
    usage:   873 GiB used, 535 TiB / 536 TiB avail
    pgs:     2649 active+clean
 
  io:
    client:   677 KiB/s rd, 169 op/s rd, 0 op/s wr
 

======================================== [52] 2025-12-04 13:52:46
=== Ceph Status ===
  cluster:
    id:     c4de1f44-fd6e-4c8e-a087-60bfc397b47a
    health: HEALTH_OK
 
  services:
    mon: 3 daemons, quorum a,b,c (age 17h)
    mgr: b(active, since 27h), standbys: a
    osd: 45 osds: 45 up (since 17h), 45 in (since 17h)
    rgw: 3 daemons active (3 hosts, 1 zones)
 
  data:
    pools:   11 pools, 2649 pgs
    objects: 38.78k objects, 146 GiB
    usage:   873 GiB used, 535 TiB / 536 TiB avail
    pgs:     2649 active+clean
 
  io:
    client:   669 KiB/s rd, 510 B/s wr, 168 op/s rd, 0 op/s wr
 

======================================== [53] 2025-12-04 13:52:52
=== Ceph Status ===
  cluster:
    id:     c4de1f44-fd6e-4c8e-a087-60bfc397b47a
    health: HEALTH_OK
 
  services:
    mon: 3 daemons, quorum a,b,c (age 17h)
    mgr: b(active, since 27h), standbys: a
    osd: 45 osds: 45 up (since 17h), 45 in (since 17h)
    rgw: 3 daemons active (3 hosts, 1 zones)
 
  data:
    pools:   11 pools, 2649 pgs
    objects: 38.78k objects, 146 GiB
    usage:   873 GiB used, 535 TiB / 536 TiB avail
    pgs:     2649 active+clean
 
  io:
    client:   617 KiB/s rd, 510 B/s wr, 155 op/s rd, 0 op/s wr
 

======================================== [54] 2025-12-04 13:52:59
=== Ceph Status ===
  cluster:
    id:     c4de1f44-fd6e-4c8e-a087-60bfc397b47a
    health: HEALTH_OK
 
  services:
    mon: 3 daemons, quorum a,b,c (age 17h)
    mgr: b(active, since 27h), standbys: a
    osd: 45 osds: 45 up (since 17h), 45 in (since 17h)
    rgw: 3 daemons active (3 hosts, 1 zones)
 
  data:
    pools:   11 pools, 2649 pgs
    objects: 38.78k objects, 146 GiB
    usage:   873 GiB used, 535 TiB / 536 TiB avail
    pgs:     2649 active+clean
 
  io:
    client:   610 KiB/s rd, 153 op/s rd, 0 op/s wr
 

======================================== [55] 2025-12-04 13:53:06
=== Ceph Status ===
  cluster:
    id:     c4de1f44-fd6e-4c8e-a087-60bfc397b47a
    health: HEALTH_OK
 
  services:
    mon: 3 daemons, quorum a,b,c (age 17h)
    mgr: b(active, since 27h), standbys: a
    osd: 45 osds: 45 up (since 17h), 45 in (since 17h)
    rgw: 3 daemons active (3 hosts, 1 zones)
 
  data:
    pools:   11 pools, 2649 pgs
    objects: 38.78k objects, 146 GiB
    usage:   873 GiB used, 535 TiB / 536 TiB avail
    pgs:     2649 active+clean
 
  io:
    client:   649 KiB/s rd, 163 op/s rd, 0 op/s wr
 

======================================== [56] 2025-12-04 13:53:13
=== Ceph Status ===
  cluster:
    id:     c4de1f44-fd6e-4c8e-a087-60bfc397b47a
    health: HEALTH_OK
 
  services:
    mon: 3 daemons, quorum a,b,c (age 17h)
    mgr: b(active, since 27h), standbys: a
    osd: 45 osds: 45 up (since 17h), 45 in (since 17h)
    rgw: 3 daemons active (3 hosts, 1 zones)
 
  data:
    pools:   11 pools, 2649 pgs
    objects: 38.78k objects, 146 GiB
    usage:   873 GiB used, 535 TiB / 536 TiB avail
    pgs:     2649 active+clean
 
  io:
    client:   634 KiB/s rd, 159 op/s rd, 0 op/s wr
 

======================================== [57] 2025-12-04 13:53:19
=== Ceph Status ===
  cluster:
    id:     c4de1f44-fd6e-4c8e-a087-60bfc397b47a
    health: HEALTH_OK
 
  services:
    mon: 3 daemons, quorum a,b,c (age 17h)
    mgr: b(active, since 27h), standbys: a
    osd: 45 osds: 45 up (since 17h), 45 in (since 17h)
    rgw: 3 daemons active (3 hosts, 1 zones)
 
  data:
    pools:   11 pools, 2649 pgs
    objects: 38.78k objects, 146 GiB
    usage:   873 GiB used, 535 TiB / 536 TiB avail
    pgs:     2649 active+clean
 
  io:
    client:   638 KiB/s rd, 33 KiB/s wr, 160 op/s rd, 8 op/s wr
 

======================================== [58] 2025-12-04 13:53:26
=== Ceph Status ===
  cluster:
    id:     c4de1f44-fd6e-4c8e-a087-60bfc397b47a
    health: HEALTH_OK
 
  services:
    mon: 3 daemons, quorum a,b,c (age 17h)
    mgr: b(active, since 27h), standbys: a
    osd: 45 osds: 45 up (since 17h), 45 in (since 17h)
    rgw: 3 daemons active (3 hosts, 1 zones)
 
  data:
    pools:   11 pools, 2649 pgs
    objects: 38.78k objects, 146 GiB
    usage:   873 GiB used, 535 TiB / 536 TiB avail
    pgs:     2649 active+clean
 
  io:
    client:   272 KiB/s rd, 848 KiB/s wr, 68 op/s rd, 212 op/s wr
 

======================================== [59] 2025-12-04 13:53:33
=== Ceph Status ===
  cluster:
    id:     c4de1f44-fd6e-4c8e-a087-60bfc397b47a
    health: HEALTH_OK
 
  services:
    mon: 3 daemons, quorum a,b,c (age 17h)
    mgr: b(active, since 27h), standbys: a
    osd: 45 osds: 45 up (since 17h), 45 in (since 17h)
    rgw: 3 daemons active (3 hosts, 1 zones)
 
  data:
    pools:   11 pools, 2649 pgs
    objects: 38.78k objects, 146 GiB
    usage:   873 GiB used, 535 TiB / 536 TiB avail
    pgs:     2649 active+clean
 
  io:
    client:   7.3 KiB/s rd, 1.1 MiB/s wr, 1 op/s rd, 288 op/s wr
 

======================================== [60] 2025-12-04 13:53:40
=== Ceph Status ===
  cluster:
    id:     c4de1f44-fd6e-4c8e-a087-60bfc397b47a
    health: HEALTH_OK
 
  services:
    mon: 3 daemons, quorum a,b,c (age 17h)
    mgr: b(active, since 27h), standbys: a
    osd: 45 osds: 45 up (since 17h), 45 in (since 17h)
    rgw: 3 daemons active (3 hosts, 1 zones)
 
  data:
    pools:   11 pools, 2649 pgs
    objects: 38.78k objects, 146 GiB
    usage:   873 GiB used, 535 TiB / 536 TiB avail
    pgs:     2649 active+clean
 
  io:
    client:   1018 KiB/s wr, 0 op/s rd, 254 op/s wr
 

======================================== [61] 2025-12-04 13:53:47
=== Ceph Status ===
  cluster:
    id:     c4de1f44-fd6e-4c8e-a087-60bfc397b47a
    health: HEALTH_OK
 
  services:
    mon: 3 daemons, quorum a,b,c (age 17h)
    mgr: b(active, since 27h), standbys: a
    osd: 45 osds: 45 up (since 17h), 45 in (since 17h)
    rgw: 3 daemons active (3 hosts, 1 zones)
 
  data:
    pools:   11 pools, 2649 pgs
    objects: 38.78k objects, 146 GiB
    usage:   873 GiB used, 535 TiB / 536 TiB avail
    pgs:     2649 active+clean
 
  io:
    client:   255 B/s rd, 1011 KiB/s wr, 0 op/s rd, 253 op/s wr
 

======================================== [62] 2025-12-04 13:53:53
=== Ceph Status ===
  cluster:
    id:     c4de1f44-fd6e-4c8e-a087-60bfc397b47a
    health: HEALTH_OK
 
  services:
    mon: 3 daemons, quorum a,b,c (age 17h)
    mgr: b(active, since 27h), standbys: a
    osd: 45 osds: 45 up (since 17h), 45 in (since 17h)
    rgw: 3 daemons active (3 hosts, 1 zones)
 
  data:
    pools:   11 pools, 2649 pgs
    objects: 38.78k objects, 146 GiB
    usage:   873 GiB used, 535 TiB / 536 TiB avail
    pgs:     2649 active+clean
 
  io:
    client:   255 B/s rd, 1.0 MiB/s wr, 0 op/s rd, 258 op/s wr
 

======================================== [63] 2025-12-04 13:54:00
=== Ceph Status ===
  cluster:
    id:     c4de1f44-fd6e-4c8e-a087-60bfc397b47a
    health: HEALTH_OK
 
  services:
    mon: 3 daemons, quorum a,b,c (age 17h)
    mgr: b(active, since 27h), standbys: a
    osd: 45 osds: 45 up (since 17h), 45 in (since 17h)
    rgw: 3 daemons active (3 hosts, 1 zones)
 
  data:
    pools:   11 pools, 2649 pgs
    objects: 38.78k objects, 146 GiB
    usage:   873 GiB used, 535 TiB / 536 TiB avail
    pgs:     2649 active+clean
 
  io:
    client:   1.2 MiB/s wr, 0 op/s rd, 297 op/s wr
 

======================================== [64] 2025-12-04 13:54:07
=== Ceph Status ===
  cluster:
    id:     c4de1f44-fd6e-4c8e-a087-60bfc397b47a
    health: HEALTH_OK
 
  services:
    mon: 3 daemons, quorum a,b,c (age 17h)
    mgr: b(active, since 27h), standbys: a
    osd: 45 osds: 45 up (since 17h), 45 in (since 17h)
    rgw: 3 daemons active (3 hosts, 1 zones)
 
  data:
    pools:   11 pools, 2649 pgs
    objects: 38.78k objects, 146 GiB
    usage:   873 GiB used, 535 TiB / 536 TiB avail
    pgs:     2649 active+clean
 
  io:
    client:   1.0 MiB/s wr, 0 op/s rd, 263 op/s wr
 

======================================== [65] 2025-12-04 13:54:14
=== Ceph Status ===
  cluster:
    id:     c4de1f44-fd6e-4c8e-a087-60bfc397b47a
    health: HEALTH_OK
 
  services:
    mon: 3 daemons, quorum a,b,c (age 17h)
    mgr: b(active, since 27h), standbys: a
    osd: 45 osds: 45 up (since 17h), 45 in (since 17h)
    rgw: 3 daemons active (3 hosts, 1 zones)
 
  data:
    pools:   11 pools, 2649 pgs
    objects: 38.78k objects, 146 GiB
    usage:   873 GiB used, 535 TiB / 536 TiB avail
    pgs:     2649 active+clean
 
  io:
    client:   1.0 MiB/s wr, 0 op/s rd, 257 op/s wr
 

======================================== [66] 2025-12-04 13:54:20
=== Ceph Status ===
  cluster:
    id:     c4de1f44-fd6e-4c8e-a087-60bfc397b47a
    health: HEALTH_OK
 
  services:
    mon: 3 daemons, quorum a,b,c (age 17h)
    mgr: b(active, since 27h), standbys: a
    osd: 45 osds: 45 up (since 17h), 45 in (since 17h)
    rgw: 3 daemons active (3 hosts, 1 zones)
 
  data:
    pools:   11 pools, 2649 pgs
    objects: 38.78k objects, 146 GiB
    usage:   873 GiB used, 535 TiB / 536 TiB avail
    pgs:     2649 active+clean
 
  io:
    client:   255 B/s rd, 1.2 MiB/s wr, 0 op/s rd, 295 op/s wr
 

