======================================== [2] 2025-12-04 13:47:00
=== Network Statistics ===
    20 outgoing packets dropped
    8 dropped because of missing route
    47003 segments retransmitted
    0 packet receive errors
    0 receive buffer errors
    0 send buffer errors
    3 SYNs to LISTEN sockets dropped
    31321 fast retransmits
    671 retransmits in slow start

======================================== [4] 2025-12-04 13:47:14
=== Network Statistics ===
    20 outgoing packets dropped
    8 dropped because of missing route
    47003 segments retransmitted
    0 packet receive errors
    0 receive buffer errors
    0 send buffer errors
    3 SYNs to LISTEN sockets dropped
    31321 fast retransmits
    671 retransmits in slow start

======================================== [6] 2025-12-04 13:47:28
=== Network Statistics ===
    20 outgoing packets dropped
    8 dropped because of missing route
    47004 segments retransmitted
    0 packet receive errors
    0 receive buffer errors
    0 send buffer errors
    3 SYNs to LISTEN sockets dropped
    31321 fast retransmits
    671 retransmits in slow start

======================================== [8] 2025-12-04 13:47:42
=== Network Statistics ===
    20 outgoing packets dropped
    8 dropped because of missing route
    47005 segments retransmitted
    0 packet receive errors
    0 receive buffer errors
    0 send buffer errors
    3 SYNs to LISTEN sockets dropped
    31321 fast retransmits
    671 retransmits in slow start

======================================== [10] 2025-12-04 13:47:56
=== Network Statistics ===
    20 outgoing packets dropped
    8 dropped because of missing route
    47005 segments retransmitted
    0 packet receive errors
    0 receive buffer errors
    0 send buffer errors
    3 SYNs to LISTEN sockets dropped
    31321 fast retransmits
    671 retransmits in slow start

======================================== [12] 2025-12-04 13:48:09
=== Network Statistics ===
    20 outgoing packets dropped
    8 dropped because of missing route
    47005 segments retransmitted
    0 packet receive errors
    0 receive buffer errors
    0 send buffer errors
    3 SYNs to LISTEN sockets dropped
    31321 fast retransmits
    671 retransmits in slow start

======================================== [14] 2025-12-04 13:48:23
=== Network Statistics ===
    20 outgoing packets dropped
    8 dropped because of missing route
    47006 segments retransmitted
    0 packet receive errors
    0 receive buffer errors
    0 send buffer errors
    3 SYNs to LISTEN sockets dropped
    31321 fast retransmits
    671 retransmits in slow start

======================================== [16] 2025-12-04 13:48:37
=== Network Statistics ===
    20 outgoing packets dropped
    8 dropped because of missing route
    47006 segments retransmitted
    0 packet receive errors
    0 receive buffer errors
    0 send buffer errors
    3 SYNs to LISTEN sockets dropped
    31321 fast retransmits
    671 retransmits in slow start

======================================== [18] 2025-12-04 13:48:51
=== Network Statistics ===
    20 outgoing packets dropped
    8 dropped because of missing route
    47006 segments retransmitted
    0 packet receive errors
    0 receive buffer errors
    0 send buffer errors
    3 SYNs to LISTEN sockets dropped
    31321 fast retransmits
    671 retransmits in slow start

======================================== [20] 2025-12-04 13:49:05
=== Network Statistics ===
    20 outgoing packets dropped
    8 dropped because of missing route
    47007 segments retransmitted
    0 packet receive errors
    0 receive buffer errors
    0 send buffer errors
    3 SYNs to LISTEN sockets dropped
    31321 fast retransmits
    671 retransmits in slow start

======================================== [22] 2025-12-04 13:49:19
=== Network Statistics ===
    20 outgoing packets dropped
    8 dropped because of missing route
    47007 segments retransmitted
    0 packet receive errors
    0 receive buffer errors
    0 send buffer errors
    3 SYNs to LISTEN sockets dropped
    31321 fast retransmits
    671 retransmits in slow start

======================================== [24] 2025-12-04 13:49:32
=== Network Statistics ===
    20 outgoing packets dropped
    8 dropped because of missing route
    47007 segments retransmitted
    0 packet receive errors
    0 receive buffer errors
    0 send buffer errors
    3 SYNs to LISTEN sockets dropped
    31321 fast retransmits
    671 retransmits in slow start

======================================== [26] 2025-12-04 13:49:46
=== Network Statistics ===
    20 outgoing packets dropped
    8 dropped because of missing route
    47008 segments retransmitted
    0 packet receive errors
    0 receive buffer errors
    0 send buffer errors
    3 SYNs to LISTEN sockets dropped
    31321 fast retransmits
    671 retransmits in slow start

======================================== [28] 2025-12-04 13:50:00
=== Network Statistics ===
    20 outgoing packets dropped
    8 dropped because of missing route
    47008 segments retransmitted
    0 packet receive errors
    0 receive buffer errors
    0 send buffer errors
    3 SYNs to LISTEN sockets dropped
    31321 fast retransmits
    671 retransmits in slow start

======================================== [30] 2025-12-04 13:50:14
=== Network Statistics ===
    20 outgoing packets dropped
    8 dropped because of missing route
    47009 segments retransmitted
    0 packet receive errors
    0 receive buffer errors
    0 send buffer errors
    3 SYNs to LISTEN sockets dropped
    31321 fast retransmits
    671 retransmits in slow start

======================================== [32] 2025-12-04 13:50:28
=== Network Statistics ===
    20 outgoing packets dropped
    8 dropped because of missing route
    47009 segments retransmitted
    0 packet receive errors
    0 receive buffer errors
    0 send buffer errors
    3 SYNs to LISTEN sockets dropped
    31321 fast retransmits
    671 retransmits in slow start

======================================== [34] 2025-12-04 13:50:42
=== Network Statistics ===
    20 outgoing packets dropped
    8 dropped because of missing route
    47009 segments retransmitted
    0 packet receive errors
    0 receive buffer errors
    0 send buffer errors
    3 SYNs to LISTEN sockets dropped
    31321 fast retransmits
    671 retransmits in slow start

======================================== [36] 2025-12-04 13:50:55
=== Network Statistics ===
    20 outgoing packets dropped
    8 dropped because of missing route
    47009 segments retransmitted
    0 packet receive errors
    0 receive buffer errors
    0 send buffer errors
    3 SYNs to LISTEN sockets dropped
    31321 fast retransmits
    671 retransmits in slow start

======================================== [38] 2025-12-04 13:51:09
=== Network Statistics ===
    20 outgoing packets dropped
    8 dropped because of missing route
    47011 segments retransmitted
    0 packet receive errors
    0 receive buffer errors
    0 send buffer errors
    3 SYNs to LISTEN sockets dropped
    31321 fast retransmits
    671 retransmits in slow start

======================================== [40] 2025-12-04 13:51:23
=== Network Statistics ===
    20 outgoing packets dropped
    8 dropped because of missing route
    47011 segments retransmitted
    0 packet receive errors
    0 receive buffer errors
    0 send buffer errors
    3 SYNs to LISTEN sockets dropped
    31321 fast retransmits
    671 retransmits in slow start

======================================== [42] 2025-12-04 13:51:37
=== Network Statistics ===
    20 outgoing packets dropped
    8 dropped because of missing route
    47012 segments retransmitted
    0 packet receive errors
    0 receive buffer errors
    0 send buffer errors
    3 SYNs to LISTEN sockets dropped
    31321 fast retransmits
    671 retransmits in slow start

======================================== [44] 2025-12-04 13:51:51
=== Network Statistics ===
    20 outgoing packets dropped
    8 dropped because of missing route
    47012 segments retransmitted
    0 packet receive errors
    0 receive buffer errors
    0 send buffer errors
    3 SYNs to LISTEN sockets dropped
    31321 fast retransmits
    671 retransmits in slow start

======================================== [46] 2025-12-04 13:52:05
=== Network Statistics ===
    20 outgoing packets dropped
    8 dropped because of missing route
    47015 segments retransmitted
    0 packet receive errors
    0 receive buffer errors
    0 send buffer errors
    3 SYNs to LISTEN sockets dropped
    31321 fast retransmits
    671 retransmits in slow start

======================================== [48] 2025-12-04 13:52:18
=== Network Statistics ===
    20 outgoing packets dropped
    8 dropped because of missing route
    47015 segments retransmitted
    0 packet receive errors
    0 receive buffer errors
    0 send buffer errors
    3 SYNs to LISTEN sockets dropped
    31321 fast retransmits
    671 retransmits in slow start

======================================== [50] 2025-12-04 13:52:32
=== Network Statistics ===
    20 outgoing packets dropped
    8 dropped because of missing route
    47015 segments retransmitted
    0 packet receive errors
    0 receive buffer errors
    0 send buffer errors
    3 SYNs to LISTEN sockets dropped
    31321 fast retransmits
    671 retransmits in slow start

======================================== [52] 2025-12-04 13:52:46
=== Network Statistics ===
    20 outgoing packets dropped
    8 dropped because of missing route
    47015 segments retransmitted
    0 packet receive errors
    0 receive buffer errors
    0 send buffer errors
    3 SYNs to LISTEN sockets dropped
    31321 fast retransmits
    671 retransmits in slow start

======================================== [54] 2025-12-04 13:52:59
=== Network Statistics ===
    20 outgoing packets dropped
    8 dropped because of missing route
    47015 segments retransmitted
    0 packet receive errors
    0 receive buffer errors
    0 send buffer errors
    3 SYNs to LISTEN sockets dropped
    31321 fast retransmits
    671 retransmits in slow start

======================================== [56] 2025-12-04 13:53:13
=== Network Statistics ===
    20 outgoing packets dropped
    8 dropped because of missing route
    47015 segments retransmitted
    0 packet receive errors
    0 receive buffer errors
    0 send buffer errors
    3 SYNs to LISTEN sockets dropped
    31321 fast retransmits
    671 retransmits in slow start

======================================== [58] 2025-12-04 13:53:26
=== Network Statistics ===
    20 outgoing packets dropped
    8 dropped because of missing route
    47015 segments retransmitted
    0 packet receive errors
    0 receive buffer errors
    0 send buffer errors
    3 SYNs to LISTEN sockets dropped
    31321 fast retransmits
    671 retransmits in slow start

======================================== [60] 2025-12-04 13:53:40
=== Network Statistics ===
    20 outgoing packets dropped
    8 dropped because of missing route
    47015 segments retransmitted
    0 packet receive errors
    0 receive buffer errors
    0 send buffer errors
    3 SYNs to LISTEN sockets dropped
    31321 fast retransmits
    671 retransmits in slow start

======================================== [62] 2025-12-04 13:53:53
=== Network Statistics ===
    20 outgoing packets dropped
    8 dropped because of missing route
    47015 segments retransmitted
    0 packet receive errors
    0 receive buffer errors
    0 send buffer errors
    3 SYNs to LISTEN sockets dropped
    31321 fast retransmits
    671 retransmits in slow start

======================================== [64] 2025-12-04 13:54:07
=== Network Statistics ===
    20 outgoing packets dropped
    8 dropped because of missing route
    47016 segments retransmitted
    0 packet receive errors
    0 receive buffer errors
    0 send buffer errors
    3 SYNs to LISTEN sockets dropped
    31321 fast retransmits
    671 retransmits in slow start

======================================== [66] 2025-12-04 13:54:20
=== Network Statistics ===
    20 outgoing packets dropped
    8 dropped because of missing route
    47016 segments retransmitted
    0 packet receive errors
    0 receive buffer errors
    0 send buffer errors
    3 SYNs to LISTEN sockets dropped
    31321 fast retransmits
    671 retransmits in slow start

