======================================== [2] 2025-12-03 13:23:10
=== Network Statistics ===
    20 outgoing packets dropped
    5 dropped because of missing route
    44494 segments retransmitted
    0 packet receive errors
    0 receive buffer errors
    0 send buffer errors
    3 SYNs to LISTEN sockets dropped
    30536 fast retransmits
    66 retransmits in slow start

======================================== [4] 2025-12-03 13:23:24
=== Network Statistics ===
    20 outgoing packets dropped
    5 dropped because of missing route
    44494 segments retransmitted
    0 packet receive errors
    0 receive buffer errors
    0 send buffer errors
    3 SYNs to LISTEN sockets dropped
    30536 fast retransmits
    66 retransmits in slow start

======================================== [6] 2025-12-03 13:23:38
=== Network Statistics ===
    20 outgoing packets dropped
    5 dropped because of missing route
    44494 segments retransmitted
    0 packet receive errors
    0 receive buffer errors
    0 send buffer errors
    3 SYNs to LISTEN sockets dropped
    30536 fast retransmits
    66 retransmits in slow start

======================================== [8] 2025-12-03 13:23:52
=== Network Statistics ===
    20 outgoing packets dropped
    5 dropped because of missing route
    44494 segments retransmitted
    0 packet receive errors
    0 receive buffer errors
    0 send buffer errors
    3 SYNs to LISTEN sockets dropped
    30536 fast retransmits
    66 retransmits in slow start

======================================== [10] 2025-12-03 13:24:05
=== Network Statistics ===
    20 outgoing packets dropped
    5 dropped because of missing route
    44494 segments retransmitted
    0 packet receive errors
    0 receive buffer errors
    0 send buffer errors
    3 SYNs to LISTEN sockets dropped
    30536 fast retransmits
    66 retransmits in slow start

======================================== [12] 2025-12-03 13:24:19
=== Network Statistics ===
    20 outgoing packets dropped
    5 dropped because of missing route
    44495 segments retransmitted
    0 packet receive errors
    0 receive buffer errors
    0 send buffer errors
    3 SYNs to LISTEN sockets dropped
    30536 fast retransmits
    66 retransmits in slow start

======================================== [14] 2025-12-03 13:24:33
=== Network Statistics ===
    20 outgoing packets dropped
    5 dropped because of missing route
    44495 segments retransmitted
    0 packet receive errors
    0 receive buffer errors
    0 send buffer errors
    3 SYNs to LISTEN sockets dropped
    30536 fast retransmits
    66 retransmits in slow start

======================================== [16] 2025-12-03 13:24:47
=== Network Statistics ===
    20 outgoing packets dropped
    5 dropped because of missing route
    44495 segments retransmitted
    0 packet receive errors
    0 receive buffer errors
    0 send buffer errors
    3 SYNs to LISTEN sockets dropped
    30536 fast retransmits
    66 retransmits in slow start

======================================== [18] 2025-12-03 13:25:00
=== Network Statistics ===
    20 outgoing packets dropped
    5 dropped because of missing route
    44495 segments retransmitted
    0 packet receive errors
    0 receive buffer errors
    0 send buffer errors
    3 SYNs to LISTEN sockets dropped
    30536 fast retransmits
    66 retransmits in slow start

======================================== [20] 2025-12-03 13:25:14
=== Network Statistics ===
    20 outgoing packets dropped
    5 dropped because of missing route
    44495 segments retransmitted
    0 packet receive errors
    0 receive buffer errors
    0 send buffer errors
    3 SYNs to LISTEN sockets dropped
    30536 fast retransmits
    66 retransmits in slow start

======================================== [22] 2025-12-03 13:25:28
=== Network Statistics ===
    20 outgoing packets dropped
    5 dropped because of missing route
    44495 segments retransmitted
    0 packet receive errors
    0 receive buffer errors
    0 send buffer errors
    3 SYNs to LISTEN sockets dropped
    30536 fast retransmits
    66 retransmits in slow start

======================================== [24] 2025-12-03 13:25:41
=== Network Statistics ===
    20 outgoing packets dropped
    5 dropped because of missing route
    44495 segments retransmitted
    0 packet receive errors
    0 receive buffer errors
    0 send buffer errors
    3 SYNs to LISTEN sockets dropped
    30536 fast retransmits
    66 retransmits in slow start

======================================== [26] 2025-12-03 13:25:55
=== Network Statistics ===
    20 outgoing packets dropped
    5 dropped because of missing route
    44495 segments retransmitted
    0 packet receive errors
    0 receive buffer errors
    0 send buffer errors
    3 SYNs to LISTEN sockets dropped
    30536 fast retransmits
    66 retransmits in slow start

======================================== [28] 2025-12-03 13:26:09
=== Network Statistics ===
    20 outgoing packets dropped
    5 dropped because of missing route
    44495 segments retransmitted
    0 packet receive errors
    0 receive buffer errors
    0 send buffer errors
    3 SYNs to LISTEN sockets dropped
    30536 fast retransmits
    66 retransmits in slow start

======================================== [30] 2025-12-03 13:26:22
=== Network Statistics ===
    20 outgoing packets dropped
    5 dropped because of missing route
    44495 segments retransmitted
    0 packet receive errors
    0 receive buffer errors
    0 send buffer errors
    3 SYNs to LISTEN sockets dropped
    30536 fast retransmits
    66 retransmits in slow start

======================================== [32] 2025-12-03 13:26:36
=== Network Statistics ===
    20 outgoing packets dropped
    5 dropped because of missing route
    44495 segments retransmitted
    0 packet receive errors
    0 receive buffer errors
    0 send buffer errors
    3 SYNs to LISTEN sockets dropped
    30536 fast retransmits
    66 retransmits in slow start

======================================== [34] 2025-12-03 13:26:50
=== Network Statistics ===
    20 outgoing packets dropped
    5 dropped because of missing route
    44495 segments retransmitted
    0 packet receive errors
    0 receive buffer errors
    0 send buffer errors
    3 SYNs to LISTEN sockets dropped
    30536 fast retransmits
    66 retransmits in slow start

======================================== [36] 2025-12-03 13:27:04
=== Network Statistics ===
    20 outgoing packets dropped
    5 dropped because of missing route
    44495 segments retransmitted
    0 packet receive errors
    0 receive buffer errors
    0 send buffer errors
    3 SYNs to LISTEN sockets dropped
    30536 fast retransmits
    66 retransmits in slow start

======================================== [38] 2025-12-03 13:27:18
=== Network Statistics ===
    20 outgoing packets dropped
    5 dropped because of missing route
    44496 segments retransmitted
    0 packet receive errors
    0 receive buffer errors
    0 send buffer errors
    3 SYNs to LISTEN sockets dropped
    30536 fast retransmits
    66 retransmits in slow start

======================================== [40] 2025-12-03 13:27:31
=== Network Statistics ===
    20 outgoing packets dropped
    5 dropped because of missing route
    44496 segments retransmitted
    0 packet receive errors
    0 receive buffer errors
    0 send buffer errors
    3 SYNs to LISTEN sockets dropped
    30536 fast retransmits
    66 retransmits in slow start

======================================== [42] 2025-12-03 13:27:45
=== Network Statistics ===
    20 outgoing packets dropped
    5 dropped because of missing route
    44496 segments retransmitted
    0 packet receive errors
    0 receive buffer errors
    0 send buffer errors
    3 SYNs to LISTEN sockets dropped
    30536 fast retransmits
    66 retransmits in slow start

======================================== [44] 2025-12-03 13:27:59
=== Network Statistics ===
    20 outgoing packets dropped
    5 dropped because of missing route
    44496 segments retransmitted
    0 packet receive errors
    0 receive buffer errors
    0 send buffer errors
    3 SYNs to LISTEN sockets dropped
    30536 fast retransmits
    66 retransmits in slow start

======================================== [46] 2025-12-03 13:28:13
=== Network Statistics ===
    20 outgoing packets dropped
    5 dropped because of missing route
    44496 segments retransmitted
    0 packet receive errors
    0 receive buffer errors
    0 send buffer errors
    3 SYNs to LISTEN sockets dropped
    30536 fast retransmits
    66 retransmits in slow start

======================================== [48] 2025-12-03 13:28:26
=== Network Statistics ===
    20 outgoing packets dropped
    5 dropped because of missing route
    44496 segments retransmitted
    0 packet receive errors
    0 receive buffer errors
    0 send buffer errors
    3 SYNs to LISTEN sockets dropped
    30536 fast retransmits
    66 retransmits in slow start

======================================== [50] 2025-12-03 13:28:40
=== Network Statistics ===
    20 outgoing packets dropped
    5 dropped because of missing route
    44497 segments retransmitted
    0 packet receive errors
    0 receive buffer errors
    0 send buffer errors
    3 SYNs to LISTEN sockets dropped
    30536 fast retransmits
    66 retransmits in slow start

======================================== [52] 2025-12-03 13:28:53
=== Network Statistics ===
    20 outgoing packets dropped
    5 dropped because of missing route
    44497 segments retransmitted
    0 packet receive errors
    0 receive buffer errors
    0 send buffer errors
    3 SYNs to LISTEN sockets dropped
    30536 fast retransmits
    66 retransmits in slow start

======================================== [54] 2025-12-03 13:29:07
=== Network Statistics ===
    20 outgoing packets dropped
    5 dropped because of missing route
    44497 segments retransmitted
    0 packet receive errors
    0 receive buffer errors
    0 send buffer errors
    3 SYNs to LISTEN sockets dropped
    30536 fast retransmits
    66 retransmits in slow start

======================================== [56] 2025-12-03 13:29:20
=== Network Statistics ===
    20 outgoing packets dropped
    5 dropped because of missing route
    44497 segments retransmitted
    0 packet receive errors
    0 receive buffer errors
    0 send buffer errors
    3 SYNs to LISTEN sockets dropped
    30536 fast retransmits
    66 retransmits in slow start

======================================== [58] 2025-12-03 13:29:34
=== Network Statistics ===
    20 outgoing packets dropped
    5 dropped because of missing route
    44497 segments retransmitted
    0 packet receive errors
    0 receive buffer errors
    0 send buffer errors
    3 SYNs to LISTEN sockets dropped
    30536 fast retransmits
    66 retransmits in slow start

======================================== [60] 2025-12-03 13:29:48
=== Network Statistics ===
    20 outgoing packets dropped
    5 dropped because of missing route
    44497 segments retransmitted
    0 packet receive errors
    0 receive buffer errors
    0 send buffer errors
    3 SYNs to LISTEN sockets dropped
    30536 fast retransmits
    66 retransmits in slow start

======================================== [62] 2025-12-03 13:30:01
=== Network Statistics ===
    20 outgoing packets dropped
    5 dropped because of missing route
    44497 segments retransmitted
    0 packet receive errors
    0 receive buffer errors
    0 send buffer errors
    3 SYNs to LISTEN sockets dropped
    30536 fast retransmits
    66 retransmits in slow start

======================================== [64] 2025-12-03 13:30:15
=== Network Statistics ===
    20 outgoing packets dropped
    5 dropped because of missing route
    44497 segments retransmitted
    0 packet receive errors
    0 receive buffer errors
    0 send buffer errors
    3 SYNs to LISTEN sockets dropped
    30536 fast retransmits
    66 retransmits in slow start

======================================== [66] 2025-12-03 13:30:28
=== Network Statistics ===
    20 outgoing packets dropped
    5 dropped because of missing route
    44497 segments retransmitted
    0 packet receive errors
    0 receive buffer errors
    0 send buffer errors
    3 SYNs to LISTEN sockets dropped
    30536 fast retransmits
    66 retransmits in slow start

