======================================== [2] 2025-12-02 17:00:36
=== Network Statistics ===
    20 outgoing packets dropped
    5 dropped because of missing route
    3597 segments retransmitted
    0 packet receive errors
    0 receive buffer errors
    0 send buffer errors
    3 SYNs to LISTEN sockets dropped
    98 fast retransmits
    12 retransmits in slow start

======================================== [4] 2025-12-02 17:00:50
=== Network Statistics ===
    20 outgoing packets dropped
    5 dropped because of missing route
    3597 segments retransmitted
    0 packet receive errors
    0 receive buffer errors
    0 send buffer errors
    3 SYNs to LISTEN sockets dropped
    98 fast retransmits
    12 retransmits in slow start

======================================== [6] 2025-12-02 17:01:03
=== Network Statistics ===
    20 outgoing packets dropped
    5 dropped because of missing route
    3597 segments retransmitted
    0 packet receive errors
    0 receive buffer errors
    0 send buffer errors
    3 SYNs to LISTEN sockets dropped
    98 fast retransmits
    12 retransmits in slow start

======================================== [8] 2025-12-02 17:01:17
=== Network Statistics ===
    20 outgoing packets dropped
    5 dropped because of missing route
    3597 segments retransmitted
    0 packet receive errors
    0 receive buffer errors
    0 send buffer errors
    3 SYNs to LISTEN sockets dropped
    98 fast retransmits
    12 retransmits in slow start

======================================== [10] 2025-12-02 17:01:31
=== Network Statistics ===
    20 outgoing packets dropped
    5 dropped because of missing route
    3597 segments retransmitted
    0 packet receive errors
    0 receive buffer errors
    0 send buffer errors
    3 SYNs to LISTEN sockets dropped
    98 fast retransmits
    12 retransmits in slow start

======================================== [12] 2025-12-02 17:01:44
=== Network Statistics ===
    20 outgoing packets dropped
    5 dropped because of missing route
    3598 segments retransmitted
    0 packet receive errors
    0 receive buffer errors
    0 send buffer errors
    3 SYNs to LISTEN sockets dropped
    98 fast retransmits
    12 retransmits in slow start

======================================== [14] 2025-12-02 17:01:58
=== Network Statistics ===
    20 outgoing packets dropped
    5 dropped because of missing route
    3598 segments retransmitted
    0 packet receive errors
    0 receive buffer errors
    0 send buffer errors
    3 SYNs to LISTEN sockets dropped
    98 fast retransmits
    12 retransmits in slow start

======================================== [16] 2025-12-02 17:02:12
=== Network Statistics ===
    20 outgoing packets dropped
    5 dropped because of missing route
    3598 segments retransmitted
    0 packet receive errors
    0 receive buffer errors
    0 send buffer errors
    3 SYNs to LISTEN sockets dropped
    98 fast retransmits
    12 retransmits in slow start

======================================== [18] 2025-12-02 17:02:25
=== Network Statistics ===
    20 outgoing packets dropped
    5 dropped because of missing route
    3598 segments retransmitted
    0 packet receive errors
    0 receive buffer errors
    0 send buffer errors
    3 SYNs to LISTEN sockets dropped
    98 fast retransmits
    12 retransmits in slow start

======================================== [20] 2025-12-02 17:02:39
=== Network Statistics ===
    20 outgoing packets dropped
    5 dropped because of missing route
    3598 segments retransmitted
    0 packet receive errors
    0 receive buffer errors
    0 send buffer errors
    3 SYNs to LISTEN sockets dropped
    98 fast retransmits
    12 retransmits in slow start

======================================== [22] 2025-12-02 17:02:53
=== Network Statistics ===
    20 outgoing packets dropped
    5 dropped because of missing route
    3598 segments retransmitted
    0 packet receive errors
    0 receive buffer errors
    0 send buffer errors
    3 SYNs to LISTEN sockets dropped
    98 fast retransmits
    12 retransmits in slow start

======================================== [24] 2025-12-02 17:03:07
=== Network Statistics ===
    20 outgoing packets dropped
    5 dropped because of missing route
    3600 segments retransmitted
    0 packet receive errors
    0 receive buffer errors
    0 send buffer errors
    3 SYNs to LISTEN sockets dropped
    98 fast retransmits
    12 retransmits in slow start

======================================== [26] 2025-12-02 17:03:20
=== Network Statistics ===
    20 outgoing packets dropped
    5 dropped because of missing route
    3600 segments retransmitted
    0 packet receive errors
    0 receive buffer errors
    0 send buffer errors
    3 SYNs to LISTEN sockets dropped
    98 fast retransmits
    12 retransmits in slow start

======================================== [28] 2025-12-02 17:03:34
=== Network Statistics ===
    20 outgoing packets dropped
    5 dropped because of missing route
    3600 segments retransmitted
    0 packet receive errors
    0 receive buffer errors
    0 send buffer errors
    3 SYNs to LISTEN sockets dropped
    98 fast retransmits
    12 retransmits in slow start

======================================== [30] 2025-12-02 17:03:48
=== Network Statistics ===
    20 outgoing packets dropped
    5 dropped because of missing route
    3600 segments retransmitted
    0 packet receive errors
    0 receive buffer errors
    0 send buffer errors
    3 SYNs to LISTEN sockets dropped
    98 fast retransmits
    12 retransmits in slow start

======================================== [32] 2025-12-02 17:04:02
=== Network Statistics ===
    20 outgoing packets dropped
    5 dropped because of missing route
    3600 segments retransmitted
    0 packet receive errors
    0 receive buffer errors
    0 send buffer errors
    3 SYNs to LISTEN sockets dropped
    98 fast retransmits
    12 retransmits in slow start

======================================== [34] 2025-12-02 17:04:15
=== Network Statistics ===
    20 outgoing packets dropped
    5 dropped because of missing route
    3600 segments retransmitted
    0 packet receive errors
    0 receive buffer errors
    0 send buffer errors
    3 SYNs to LISTEN sockets dropped
    98 fast retransmits
    12 retransmits in slow start

======================================== [36] 2025-12-02 17:04:29
=== Network Statistics ===
    20 outgoing packets dropped
    5 dropped because of missing route
    3601 segments retransmitted
    0 packet receive errors
    0 receive buffer errors
    0 send buffer errors
    3 SYNs to LISTEN sockets dropped
    98 fast retransmits
    12 retransmits in slow start

======================================== [38] 2025-12-02 17:04:43
=== Network Statistics ===
    20 outgoing packets dropped
    5 dropped because of missing route
    3601 segments retransmitted
    0 packet receive errors
    0 receive buffer errors
    0 send buffer errors
    3 SYNs to LISTEN sockets dropped
    98 fast retransmits
    12 retransmits in slow start

======================================== [40] 2025-12-02 17:04:57
=== Network Statistics ===
    20 outgoing packets dropped
    5 dropped because of missing route
    3601 segments retransmitted
    0 packet receive errors
    0 receive buffer errors
    0 send buffer errors
    3 SYNs to LISTEN sockets dropped
    98 fast retransmits
    12 retransmits in slow start

======================================== [42] 2025-12-02 17:05:10
=== Network Statistics ===
    20 outgoing packets dropped
    5 dropped because of missing route
    3601 segments retransmitted
    0 packet receive errors
    0 receive buffer errors
    0 send buffer errors
    3 SYNs to LISTEN sockets dropped
    98 fast retransmits
    12 retransmits in slow start

======================================== [44] 2025-12-02 17:05:24
=== Network Statistics ===
    20 outgoing packets dropped
    5 dropped because of missing route
    3601 segments retransmitted
    0 packet receive errors
    0 receive buffer errors
    0 send buffer errors
    3 SYNs to LISTEN sockets dropped
    98 fast retransmits
    12 retransmits in slow start

======================================== [46] 2025-12-02 17:05:38
=== Network Statistics ===
    20 outgoing packets dropped
    5 dropped because of missing route
    3601 segments retransmitted
    0 packet receive errors
    0 receive buffer errors
    0 send buffer errors
    3 SYNs to LISTEN sockets dropped
    98 fast retransmits
    12 retransmits in slow start

======================================== [48] 2025-12-02 17:05:51
=== Network Statistics ===
    20 outgoing packets dropped
    5 dropped because of missing route
    3601 segments retransmitted
    0 packet receive errors
    0 receive buffer errors
    0 send buffer errors
    3 SYNs to LISTEN sockets dropped
    98 fast retransmits
    12 retransmits in slow start

======================================== [50] 2025-12-02 17:06:05
=== Network Statistics ===
    20 outgoing packets dropped
    5 dropped because of missing route
    3601 segments retransmitted
    0 packet receive errors
    0 receive buffer errors
    0 send buffer errors
    3 SYNs to LISTEN sockets dropped
    98 fast retransmits
    12 retransmits in slow start

======================================== [52] 2025-12-02 17:06:19
=== Network Statistics ===
    20 outgoing packets dropped
    5 dropped because of missing route
    3601 segments retransmitted
    0 packet receive errors
    0 receive buffer errors
    0 send buffer errors
    3 SYNs to LISTEN sockets dropped
    98 fast retransmits
    12 retransmits in slow start

======================================== [54] 2025-12-02 17:06:32
=== Network Statistics ===
    20 outgoing packets dropped
    5 dropped because of missing route
    3601 segments retransmitted
    0 packet receive errors
    0 receive buffer errors
    0 send buffer errors
    3 SYNs to LISTEN sockets dropped
    98 fast retransmits
    12 retransmits in slow start

======================================== [56] 2025-12-02 17:06:46
=== Network Statistics ===
    20 outgoing packets dropped
    5 dropped because of missing route
    3601 segments retransmitted
    0 packet receive errors
    0 receive buffer errors
    0 send buffer errors
    3 SYNs to LISTEN sockets dropped
    98 fast retransmits
    12 retransmits in slow start

======================================== [58] 2025-12-02 17:06:59
=== Network Statistics ===
    20 outgoing packets dropped
    5 dropped because of missing route
    3602 segments retransmitted
    0 packet receive errors
    0 receive buffer errors
    0 send buffer errors
    3 SYNs to LISTEN sockets dropped
    98 fast retransmits
    12 retransmits in slow start

======================================== [60] 2025-12-02 17:07:13
=== Network Statistics ===
    20 outgoing packets dropped
    5 dropped because of missing route
    3602 segments retransmitted
    0 packet receive errors
    0 receive buffer errors
    0 send buffer errors
    3 SYNs to LISTEN sockets dropped
    98 fast retransmits
    12 retransmits in slow start

======================================== [62] 2025-12-02 17:07:26
=== Network Statistics ===
    20 outgoing packets dropped
    5 dropped because of missing route
    3602 segments retransmitted
    0 packet receive errors
    0 receive buffer errors
    0 send buffer errors
    3 SYNs to LISTEN sockets dropped
    98 fast retransmits
    12 retransmits in slow start

======================================== [64] 2025-12-02 17:07:40
=== Network Statistics ===
    20 outgoing packets dropped
    5 dropped because of missing route
    3602 segments retransmitted
    0 packet receive errors
    0 receive buffer errors
    0 send buffer errors
    3 SYNs to LISTEN sockets dropped
    98 fast retransmits
    12 retransmits in slow start

======================================== [66] 2025-12-02 17:07:54
=== Network Statistics ===
    20 outgoing packets dropped
    5 dropped because of missing route
    3602 segments retransmitted
    0 packet receive errors
    0 receive buffer errors
    0 send buffer errors
    3 SYNs to LISTEN sockets dropped
    98 fast retransmits
    12 retransmits in slow start

